#
# A fatal error has been detected by the Java Runtime Environment:
#
#  EXCEPTION_ACCESS_VIOLATION (0xc0000005) at pc=0x00007ffa8554c2c4, pid=18200, tid=832
#
# JRE version: Java(TM) SE Runtime Environment (17.0.11+7) (build 17.0.11+7-LTS-207)
# Java VM: Java HotSpot(TM) 64-Bit Server VM (17.0.11+7-LTS-207, mixed mode, sharing, tiered, compressed oops, compressed class ptrs, g1 gc, windows-amd64)
# Problematic frame:
# C  [cyjagent.dll+0xc2c4]
#
# No core dump will be written. Minidumps are not enabled by default on client versions of Windows
#
# If you would like to submit a bug report, please visit:
#   https://bugreport.java.com/bugreport/crash.jsp
# The crash happened outside the Java Virtual Machine in native code.
# See problematic frame for where to report the bug.
#

---------------  S U M M A R Y ------------

Command Line: -javaagent:C:\Program Files\JetBrains\IntelliJ IDEA Community Edition 2023.1.2\lib\idea_rt.jar=50743:C:\Program Files\JetBrains\IntelliJ IDEA Community Edition 2023.1.2\bin -Dfile.encoding=UTF-8 -agentpath:C:\Program Files\Palo Alto Networks\Traps\cyjagent.dll Practise12

Host: 11th Gen Intel(R) Core(TM) i7-1185G7 @ 3.00GHz, 8 cores, 31G,  Windows 11 , 64 bit Build 22621 (10.0.22621.3672)
Time: Sun Aug 25 20:22:09 2024 India Standard Time elapsed time: 0.279074 seconds (0d 0h 0m 0s)

---------------  T H R E A D  ---------------

Current thread (0x000001be76cedee0):  JavaThread "Monitor Ctrl-Break" daemon [_thread_in_native, id=832, stack(0x00000098f3900000,0x00000098f3a00000)]

Stack: [0x00000098f3900000,0x00000098f3a00000],  sp=0x00000098f39fdc50,  free space=1015k
Native frames: (J=compiled Java code, j=interpreted, Vv=VM code, C=native code)
C  [cyjagent.dll+0xc2c4]

Java frames: (J=compiled Java code, j=interpreted, Vv=VM code)
j  java.lang.Class.forName0(Ljava/lang/String;ZLjava/lang/ClassLoader;Ljava/lang/Class;)Ljava/lang/Class;+0 java.base@17.0.11
j  java.lang.Class.forName(Ljava/lang/String;)Ljava/lang/Class;+11 java.base@17.0.11
j  java.net.InetAddress.loadImpl(Ljava/lang/String;)Ljava/net/InetAddressImpl;+35 java.base@17.0.11
j  java.net.InetAddressImplFactory.create()Ljava/net/InetAddressImpl;+13 java.base@17.0.11
j  java.net.InetAddress.<clinit>()V+112 java.base@17.0.11
v  ~StubRoutines::call_stub
j  java.net.InetSocketAddress.<init>(Ljava/lang/String;I)V+15 java.base@17.0.11
j  java.net.Socket.<init>(Ljava/lang/String;I)V+11 java.base@17.0.11
j  com.intellij.rt.execution.application.AppMainV2$1.run()V+10
v  ~StubRoutines::call_stub

siginfo: EXCEPTION_ACCESS_VIOLATION (0xc0000005), reading address 0x0000000000000000


Registers:
RAX=0x0000000000000000, RBX=0x000001be76cee190, RCX=0x0000000000000000, RDX=0x000001be47daa670
RSP=0x00000098f39fdc50, RBP=0x000001be515ef8d0, RSI=0x0000000000000000, RDI=0x000001be76b2e9b0
R8 =0x00000098f39fdac8, R9 =0x0000000000000000, R10=0x0000000000000000, R11=0x0000000000000246
R12=0x000001be76b2e9b0, R13=0x0000000000000000, R14=0x00000098f39fde70, R15=0x0000000000000000
RIP=0x00007ffa8554c2c4, EFLAGS=0x0000000000010202


Register to memory mapping:

RIP=0x00007ffa8554c2c4 cyjagent.dll
RAX=0x0 is NULL
RBX=0x000001be76cee190 points into unknown readable memory: 0x00007ff9e6543670 | 70 36 54 e6 f9 7f 00 00
RCX=0x0 is NULL
RDX=0x000001be47daa670 points into unknown readable memory: 0x000001be76cedee0 | e0 de ce 76 be 01 00 00
RSP=0x00000098f39fdc50 is pointing into the stack for thread: 0x000001be76cedee0
RBP=0x000001be515ef8d0 points into unknown readable memory: 0x000001be51558840 | 40 88 55 51 be 01 00 00
RSI=0x0 is NULL
RDI=0x000001be76b2e9b0 points into unknown readable memory: 0x74656e2f6176616a | 6a 61 76 61 2f 6e 65 74
R8 =0x00000098f39fdac8 is pointing into the stack for thread: 0x000001be76cedee0
R9 =0x0 is NULL
R10=0x0 is NULL
R11=0x0000000000000246 is an unknown value
R12=0x000001be76b2e9b0 points into unknown readable memory: 0x74656e2f6176616a | 6a 61 76 61 2f 6e 65 74
R13=0x0 is NULL
R14=0x00000098f39fde70 is pointing into the stack for thread: 0x000001be76cedee0
R15=0x0 is NULL


Top of Stack: (sp=0x00000098f39fdc50)
0x00000098f39fdc50:   000001be76b2e9b0 000001be76cee190
0x00000098f39fdc60:   0000000000000bc7 00007ff9e5ea9a1a
0x00000098f39fdc70:   0000000000000000 00000098000001b0
0x00000098f39fdc80:   000001be0057dda8 000001be515ef8d0
0x00000098f39fdc90:   0000000000000019 000001be7b1dc380
0x00000098f39fdca0:   000001be482dc960 000001be76cedee0
0x00000098f39fdcb0:   00000098f39fdea8 00007ff9e5fc5e86
0x00000098f39fdcc0:   000001be482dc960 000001be76cedee0
0x00000098f39fdcd0:   0000000000000000 0000000000000bc7
0x00000098f39fdce0:   000001be76b2e9b0 0000000000000000
0x00000098f39fdcf0:   000001be00000bc7 000001be76b2ddb0
0x00000098f39fdd00:   00000098f39fddf8 00000098f39fdd18
0x00000098f39fdd10:   0000000000000000 0000000000000000
0x00000098f39fdd20:   0000000000000000 0000000000000000
0x00000098f39fdd30:   000001be76b0d5c0 000001be76b2dda0
0x00000098f39fdd40:   000001be76b2e9d0 000001be76b35d88 

Instructions: (pc=0x00007ffa8554c2c4)
0x00007ffa8554c1c4:   00 00 03 72 2d 44 8b ce 48 8d 05 3d df 01 00 ba
0x00007ffa8554c1d4:   2f 00 00 00 4e 8b 0c c8 48 8b 89 10 03 00 00 4c
0x00007ffa8554c1e4:   8d 05 56 de 01 00 e8 51 4f ff ff 48 8b 0d ea 37
0x00007ffa8554c1f4:   02 00 48 3b cb 74 68 f6 81 1c 03 00 00 10 74 5f
0x00007ffa8554c204:   80 b9 19 03 00 00 02 72 56 4c 8b 8c 24 90 00 00
0x00007ffa8554c214:   00 4c 8d 05 24 de 01 00 48 8b 89 10 03 00 00 ba
0x00007ffa8554c224:   31 00 00 00 e8 13 4f ff ff eb 34 49 8b 0f 4c 8b
0x00007ffa8554c234:   c3 48 8b d6 e8 f3 63 00 00 48 8b 84 24 b0 00 00
0x00007ffa8554c244:   00 89 18 48 8b 0d 7a 4b 02 00 4c 8b c6 33 d2 ff
0x00007ffa8554c254:   15 a7 4f 01 00 eb 08 a8 02 75 04 c6 47 40 01 b8
0x00007ffa8554c264:   ff ff ff ff f0 0f c1 47 10 4c 8b b4 24 88 00 00
0x00007ffa8554c274:   00 83 f8 01 75 42 48 8b 4f 18 48 81 c1 70 01 00
0x00007ffa8554c284:   00 ff 15 1d 50 01 00 48 8b 0f 48 8b 47 08 48 89
0x00007ffa8554c294:   08 48 89 41 08 48 8b 4f 18 48 81 c1 70 01 00 00
0x00007ffa8554c2a4:   ff 15 06 50 01 00 48 8b 0d 17 4b 02 00 4c 8b c7
0x00007ffa8554c2b4:   33 d2 ff 15 44 4f 01 00 48 8b 4d 20 48 8b 55 10
0x00007ffa8554c2c4:   48 8b 01 48 8b 80 08 01 00 00 ff 15 0c 50 01 00
0x00007ffa8554c2d4:   85 c0 74 40 48 8b 0d 01 37 02 00 48 8d 15 fa 36
0x00007ffa8554c2e4:   02 00 48 3b ca 74 2d f6 81 1c 03 00 00 10 74 24
0x00007ffa8554c2f4:   80 b9 19 03 00 00 03 72 1b 48 8b 89 10 03 00 00
0x00007ffa8554c304:   4c 8d 05 35 dd 01 00 ba 15 00 00 00 44 8b c8 e8
0x00007ffa8554c314:   68 4d ff ff 48 8b 6c 24 78 48 8b b4 24 80 00 00
0x00007ffa8554c324:   00 48 83 c4 50 41 5f 5f 5b c3 cc cc 40 57 48 83
0x00007ffa8554c334:   ec 30 f6 81 78 01 00 00 04 48 8b f9 0f 85 87 02
0x00007ffa8554c344:   00 00 48 89 5c 24 40 45 33 c9 48 89 6c 24 48 33
0x00007ffa8554c354:   d2 48 89 74 24 50 48 8b 71 20 45 8d 41 32 48 8b
0x00007ffa8554c364:   ce 48 8b 06 48 8b 40 08 ff 15 6e 4f 01 00 48 8d
0x00007ffa8554c374:   2d 67 36 02 00 85 c0 74 37 48 8b 0d 5c 36 02 00
0x00007ffa8554c384:   48 3b cd 74 2b f6 81 1c 03 00 00 10 74 22 80 b9
0x00007ffa8554c394:   19 03 00 00 02 72 19 48 8b 89 10 03 00 00 ba 11
0x00007ffa8554c3a4:   00 00 00 89 44 24 20 44 8d 4a 21 e8 7c dc ff ff
0x00007ffa8554c3b4:   48 8b 06 45 33 c9 33 d2 48 8b ce 48 8b 40 08 45 


Stack slot to memory mapping:
stack at sp + 0 slots: 0x000001be76b2e9b0 points into unknown readable memory: 0x74656e2f6176616a | 6a 61 76 61 2f 6e 65 74
stack at sp + 1 slots: 0x000001be76cee190 points into unknown readable memory: 0x00007ff9e6543670 | 70 36 54 e6 f9 7f 00 00
stack at sp + 2 slots: 0x0000000000000bc7 is an unknown value
stack at sp + 3 slots: 0x00007ff9e5ea9a1a jvm.dll
stack at sp + 4 slots: 0x0 is NULL
stack at sp + 5 slots: 0x00000098000001b0 is an unknown value
stack at sp + 6 slots: 0x000001be0057dda8 is pointing into metadata
stack at sp + 7 slots: 0x000001be515ef8d0 points into unknown readable memory: 0x000001be51558840 | 40 88 55 51 be 01 00 00


---------------  P R O C E S S  ---------------

Threads class SMR info:
_java_thread_list=0x000001be7b20de50, length=12, elements={
0x000001be7405b240, 0x000001be7405c5a0, 0x000001be7406db70, 0x000001be7406e730,
0x000001be769763b0, 0x000001be76977750, 0x000001be7697bdb0, 0x000001be76982f70,
0x000001be7403ccf0, 0x000001be76b15780, 0x000001be76cedee0, 0x000001be76cdc160
}

Java Threads: ( => current thread )
  0x000001be7405b240 JavaThread "Reference Handler" daemon [_thread_blocked, id=31740, stack(0x00000098f2e00000,0x00000098f2f00000)]
  0x000001be7405c5a0 JavaThread "Finalizer" daemon [_thread_blocked, id=32380, stack(0x00000098f2f00000,0x00000098f3000000)]
  0x000001be7406db70 JavaThread "Attach Listener" daemon [_thread_blocked, id=44140, stack(0x00000098f3100000,0x00000098f3200000)]
  0x000001be7406e730 JavaThread "Service Thread" daemon [_thread_blocked, id=35992, stack(0x00000098f3200000,0x00000098f3300000)]
  0x000001be769763b0 JavaThread "Monitor Deflation Thread" daemon [_thread_blocked, id=21644, stack(0x00000098f3300000,0x00000098f3400000)]
  0x000001be76977750 JavaThread "C2 CompilerThread0" daemon [_thread_blocked, id=26908, stack(0x00000098f3400000,0x00000098f3500000)]
  0x000001be7697bdb0 JavaThread "C1 CompilerThread0" daemon [_thread_blocked, id=34568, stack(0x00000098f3500000,0x00000098f3600000)]
  0x000001be76982f70 JavaThread "Sweeper thread" daemon [_thread_blocked, id=9328, stack(0x00000098f3600000,0x00000098f3700000)]
  0x000001be7403ccf0 JavaThread "Common-Cleaner" daemon [_thread_blocked, id=39000, stack(0x00000098f3700000,0x00000098f3800000)]
  0x000001be76b15780 JavaThread "C2 CompilerThread1" daemon [_thread_blocked, id=40640, stack(0x00000098f3800000,0x00000098f3900000)]
=>0x000001be76cedee0 JavaThread "Monitor Ctrl-Break" daemon [_thread_in_native, id=832, stack(0x00000098f3900000,0x00000098f3a00000)]
  0x000001be76cdc160 JavaThread "Notification Thread" daemon [_thread_blocked, id=21868, stack(0x00000098f3a00000,0x00000098f3b00000)]

Other Threads:
  0x000001be74053fe0 VMThread "VM Thread" [stack: 0x00000098f2d00000,0x00000098f2e00000] [id=36380] _threads_hazard_ptr=0x000001be7b20de50
  0x000001be73eb0880 GCTaskThread "GC Thread#0" [stack: 0x00000098f2800000,0x00000098f2900000] [id=13448]
  0x000001be48367ae0 ConcurrentGCThread "G1 Main Marker" terminated
  0x000001be48369f80 ConcurrentGCThread "G1 Conc#0" [stack: 0x00000098f2a00000,0x00000098f2b00000] [id=15916]
  0x000001be73f833d0 ConcurrentGCThread "G1 Refine#0" terminated
  0x000001be73f83e00 ConcurrentGCThread "G1 Service" terminated

Threads with active compile tasks:

VM state: at safepoint (normal execution)

VM Mutex/Monitor currently owned by a thread:  ([mutex/lock_event])
[0x000001be482e7730] Threads_lock - owner thread: 0x000001be74053fe0
[0x000001be482e7b20] Heap_lock - owner thread: 0x000001be482ed9b0

Heap address: 0x0000000604400000, size: 8124 MB, Compressed Oops mode: Zero based, Oop shift amount: 3

CDS archive(s) mapped at: [0x000001be00000000-0x000001be00bd0000-0x000001be00bd0000), size 12386304, SharedBaseAddress: 0x000001be00000000, ArchiveRelocationMode: 1.
Compressed class space mapped at: 0x000001be01000000-0x000001be41000000, reserved size: 1073741824
Narrow klass base: 0x000001be00000000, Narrow klass shift: 0, Narrow klass range: 0x100000000

GC Precious Log:
 CPUs: 8 total, 8 available
 Memory: 32490M
 Large Page Support: Disabled
 NUMA Support: Disabled
 Compressed Oops: Enabled (Zero based)
 Heap Region Size: 4M
 Heap Min Capacity: 8M
 Heap Initial Capacity: 508M
 Heap Max Capacity: 8124M
 Pre-touch: Disabled
 Parallel Workers: 8
 Concurrent Workers: 2
 Concurrent Refinement Workers: 8
 Periodic GC: Disabled

Heap:
 garbage-first heap   total 520192K, used 4096K [0x0000000604400000, 0x0000000800000000)
  region size 4096K, 2 young (8192K), 0 survivors (0K)
 Metaspace       used 612K, committed 768K, reserved 1114112K
  class space    used 28K, committed 128K, reserved 1048576K

Heap Regions: E=young(eden), S=young(survivor), O=old, HS=humongous(starts), HC=humongous(continues), CS=collection set, F=free, OA=open archive, CA=closed archive, TAMS=top-at-mark-start (previous, next)
|   0|0x0000000604400000, 0x0000000604400000, 0x0000000604800000|  0%| F|  |TAMS 0x0000000604400000, 0x0000000604400000| Untracked 
|   1|0x0000000604800000, 0x0000000604800000, 0x0000000604c00000|  0%| F|  |TAMS 0x0000000604800000, 0x0000000604800000| Untracked 
|   2|0x0000000604c00000, 0x0000000604c00000, 0x0000000605000000|  0%| F|  |TAMS 0x0000000604c00000, 0x0000000604c00000| Untracked 
|   3|0x0000000605000000, 0x0000000605000000, 0x0000000605400000|  0%| F|  |TAMS 0x0000000605000000, 0x0000000605000000| Untracked 
|   4|0x0000000605400000, 0x0000000605400000, 0x0000000605800000|  0%| F|  |TAMS 0x0000000605400000, 0x0000000605400000| Untracked 
|   5|0x0000000605800000, 0x0000000605800000, 0x0000000605c00000|  0%| F|  |TAMS 0x0000000605800000, 0x0000000605800000| Untracked 
|   6|0x0000000605c00000, 0x0000000605c00000, 0x0000000606000000|  0%| F|  |TAMS 0x0000000605c00000, 0x0000000605c00000| Untracked 
|   7|0x0000000606000000, 0x0000000606000000, 0x0000000606400000|  0%| F|  |TAMS 0x0000000606000000, 0x0000000606000000| Untracked 
|   8|0x0000000606400000, 0x0000000606400000, 0x0000000606800000|  0%| F|  |TAMS 0x0000000606400000, 0x0000000606400000| Untracked 
|   9|0x0000000606800000, 0x0000000606800000, 0x0000000606c00000|  0%| F|  |TAMS 0x0000000606800000, 0x0000000606800000| Untracked 
|  10|0x0000000606c00000, 0x0000000606c00000, 0x0000000607000000|  0%| F|  |TAMS 0x0000000606c00000, 0x0000000606c00000| Untracked 
|  11|0x0000000607000000, 0x0000000607000000, 0x0000000607400000|  0%| F|  |TAMS 0x0000000607000000, 0x0000000607000000| Untracked 
|  12|0x0000000607400000, 0x0000000607400000, 0x0000000607800000|  0%| F|  |TAMS 0x0000000607400000, 0x0000000607400000| Untracked 
|  13|0x0000000607800000, 0x0000000607800000, 0x0000000607c00000|  0%| F|  |TAMS 0x0000000607800000, 0x0000000607800000| Untracked 
|  14|0x0000000607c00000, 0x0000000607c00000, 0x0000000608000000|  0%| F|  |TAMS 0x0000000607c00000, 0x0000000607c00000| Untracked 
|  15|0x0000000608000000, 0x0000000608000000, 0x0000000608400000|  0%| F|  |TAMS 0x0000000608000000, 0x0000000608000000| Untracked 
|  16|0x0000000608400000, 0x0000000608400000, 0x0000000608800000|  0%| F|  |TAMS 0x0000000608400000, 0x0000000608400000| Untracked 
|  17|0x0000000608800000, 0x0000000608800000, 0x0000000608c00000|  0%| F|  |TAMS 0x0000000608800000, 0x0000000608800000| Untracked 
|  18|0x0000000608c00000, 0x0000000608c00000, 0x0000000609000000|  0%| F|  |TAMS 0x0000000608c00000, 0x0000000608c00000| Untracked 
|  19|0x0000000609000000, 0x0000000609000000, 0x0000000609400000|  0%| F|  |TAMS 0x0000000609000000, 0x0000000609000000| Untracked 
|  20|0x0000000609400000, 0x0000000609400000, 0x0000000609800000|  0%| F|  |TAMS 0x0000000609400000, 0x0000000609400000| Untracked 
|  21|0x0000000609800000, 0x0000000609800000, 0x0000000609c00000|  0%| F|  |TAMS 0x0000000609800000, 0x0000000609800000| Untracked 
|  22|0x0000000609c00000, 0x0000000609c00000, 0x000000060a000000|  0%| F|  |TAMS 0x0000000609c00000, 0x0000000609c00000| Untracked 
|  23|0x000000060a000000, 0x000000060a000000, 0x000000060a400000|  0%| F|  |TAMS 0x000000060a000000, 0x000000060a000000| Untracked 
|  24|0x000000060a400000, 0x000000060a400000, 0x000000060a800000|  0%| F|  |TAMS 0x000000060a400000, 0x000000060a400000| Untracked 
|  25|0x000000060a800000, 0x000000060a800000, 0x000000060ac00000|  0%| F|  |TAMS 0x000000060a800000, 0x000000060a800000| Untracked 
|  26|0x000000060ac00000, 0x000000060ac00000, 0x000000060b000000|  0%| F|  |TAMS 0x000000060ac00000, 0x000000060ac00000| Untracked 
|  27|0x000000060b000000, 0x000000060b000000, 0x000000060b400000|  0%| F|  |TAMS 0x000000060b000000, 0x000000060b000000| Untracked 
|  28|0x000000060b400000, 0x000000060b400000, 0x000000060b800000|  0%| F|  |TAMS 0x000000060b400000, 0x000000060b400000| Untracked 
|  29|0x000000060b800000, 0x000000060b800000, 0x000000060bc00000|  0%| F|  |TAMS 0x000000060b800000, 0x000000060b800000| Untracked 
|  30|0x000000060bc00000, 0x000000060bc00000, 0x000000060c000000|  0%| F|  |TAMS 0x000000060bc00000, 0x000000060bc00000| Untracked 
|  31|0x000000060c000000, 0x000000060c000000, 0x000000060c400000|  0%| F|  |TAMS 0x000000060c000000, 0x000000060c000000| Untracked 
|  32|0x000000060c400000, 0x000000060c400000, 0x000000060c800000|  0%| F|  |TAMS 0x000000060c400000, 0x000000060c400000| Untracked 
|  33|0x000000060c800000, 0x000000060c800000, 0x000000060cc00000|  0%| F|  |TAMS 0x000000060c800000, 0x000000060c800000| Untracked 
|  34|0x000000060cc00000, 0x000000060cc00000, 0x000000060d000000|  0%| F|  |TAMS 0x000000060cc00000, 0x000000060cc00000| Untracked 
|  35|0x000000060d000000, 0x000000060d000000, 0x000000060d400000|  0%| F|  |TAMS 0x000000060d000000, 0x000000060d000000| Untracked 
|  36|0x000000060d400000, 0x000000060d400000, 0x000000060d800000|  0%| F|  |TAMS 0x000000060d400000, 0x000000060d400000| Untracked 
|  37|0x000000060d800000, 0x000000060d800000, 0x000000060dc00000|  0%| F|  |TAMS 0x000000060d800000, 0x000000060d800000| Untracked 
|  38|0x000000060dc00000, 0x000000060dc00000, 0x000000060e000000|  0%| F|  |TAMS 0x000000060dc00000, 0x000000060dc00000| Untracked 
|  39|0x000000060e000000, 0x000000060e000000, 0x000000060e400000|  0%| F|  |TAMS 0x000000060e000000, 0x000000060e000000| Untracked 
|  40|0x000000060e400000, 0x000000060e400000, 0x000000060e800000|  0%| F|  |TAMS 0x000000060e400000, 0x000000060e400000| Untracked 
|  41|0x000000060e800000, 0x000000060e800000, 0x000000060ec00000|  0%| F|  |TAMS 0x000000060e800000, 0x000000060e800000| Untracked 
|  42|0x000000060ec00000, 0x000000060ec00000, 0x000000060f000000|  0%| F|  |TAMS 0x000000060ec00000, 0x000000060ec00000| Untracked 
|  43|0x000000060f000000, 0x000000060f000000, 0x000000060f400000|  0%| F|  |TAMS 0x000000060f000000, 0x000000060f000000| Untracked 
|  44|0x000000060f400000, 0x000000060f400000, 0x000000060f800000|  0%| F|  |TAMS 0x000000060f400000, 0x000000060f400000| Untracked 
|  45|0x000000060f800000, 0x000000060f800000, 0x000000060fc00000|  0%| F|  |TAMS 0x000000060f800000, 0x000000060f800000| Untracked 
|  46|0x000000060fc00000, 0x000000060fc00000, 0x0000000610000000|  0%| F|  |TAMS 0x000000060fc00000, 0x000000060fc00000| Untracked 
|  47|0x0000000610000000, 0x0000000610000000, 0x0000000610400000|  0%| F|  |TAMS 0x0000000610000000, 0x0000000610000000| Untracked 
|  48|0x0000000610400000, 0x0000000610400000, 0x0000000610800000|  0%| F|  |TAMS 0x0000000610400000, 0x0000000610400000| Untracked 
|  49|0x0000000610800000, 0x0000000610800000, 0x0000000610c00000|  0%| F|  |TAMS 0x0000000610800000, 0x0000000610800000| Untracked 
|  50|0x0000000610c00000, 0x0000000610c00000, 0x0000000611000000|  0%| F|  |TAMS 0x0000000610c00000, 0x0000000610c00000| Untracked 
|  51|0x0000000611000000, 0x0000000611000000, 0x0000000611400000|  0%| F|  |TAMS 0x0000000611000000, 0x0000000611000000| Untracked 
|  52|0x0000000611400000, 0x0000000611400000, 0x0000000611800000|  0%| F|  |TAMS 0x0000000611400000, 0x0000000611400000| Untracked 
|  53|0x0000000611800000, 0x0000000611800000, 0x0000000611c00000|  0%| F|  |TAMS 0x0000000611800000, 0x0000000611800000| Untracked 
|  54|0x0000000611c00000, 0x0000000611c00000, 0x0000000612000000|  0%| F|  |TAMS 0x0000000611c00000, 0x0000000611c00000| Untracked 
|  55|0x0000000612000000, 0x0000000612000000, 0x0000000612400000|  0%| F|  |TAMS 0x0000000612000000, 0x0000000612000000| Untracked 
|  56|0x0000000612400000, 0x0000000612400000, 0x0000000612800000|  0%| F|  |TAMS 0x0000000612400000, 0x0000000612400000| Untracked 
|  57|0x0000000612800000, 0x0000000612800000, 0x0000000612c00000|  0%| F|  |TAMS 0x0000000612800000, 0x0000000612800000| Untracked 
|  58|0x0000000612c00000, 0x0000000612c00000, 0x0000000613000000|  0%| F|  |TAMS 0x0000000612c00000, 0x0000000612c00000| Untracked 
|  59|0x0000000613000000, 0x0000000613000000, 0x0000000613400000|  0%| F|  |TAMS 0x0000000613000000, 0x0000000613000000| Untracked 
|  60|0x0000000613400000, 0x0000000613400000, 0x0000000613800000|  0%| F|  |TAMS 0x0000000613400000, 0x0000000613400000| Untracked 
|  61|0x0000000613800000, 0x0000000613800000, 0x0000000613c00000|  0%| F|  |TAMS 0x0000000613800000, 0x0000000613800000| Untracked 
|  62|0x0000000613c00000, 0x0000000613c00000, 0x0000000614000000|  0%| F|  |TAMS 0x0000000613c00000, 0x0000000613c00000| Untracked 
|  63|0x0000000614000000, 0x0000000614000000, 0x0000000614400000|  0%| F|  |TAMS 0x0000000614000000, 0x0000000614000000| Untracked 
|  64|0x0000000614400000, 0x0000000614400000, 0x0000000614800000|  0%| F|  |TAMS 0x0000000614400000, 0x0000000614400000| Untracked 
|  65|0x0000000614800000, 0x0000000614800000, 0x0000000614c00000|  0%| F|  |TAMS 0x0000000614800000, 0x0000000614800000| Untracked 
|  66|0x0000000614c00000, 0x0000000614c00000, 0x0000000615000000|  0%| F|  |TAMS 0x0000000614c00000, 0x0000000614c00000| Untracked 
|  67|0x0000000615000000, 0x0000000615000000, 0x0000000615400000|  0%| F|  |TAMS 0x0000000615000000, 0x0000000615000000| Untracked 
|  68|0x0000000615400000, 0x0000000615400000, 0x0000000615800000|  0%| F|  |TAMS 0x0000000615400000, 0x0000000615400000| Untracked 
|  69|0x0000000615800000, 0x0000000615800000, 0x0000000615c00000|  0%| F|  |TAMS 0x0000000615800000, 0x0000000615800000| Untracked 
|  70|0x0000000615c00000, 0x0000000615c00000, 0x0000000616000000|  0%| F|  |TAMS 0x0000000615c00000, 0x0000000615c00000| Untracked 
|  71|0x0000000616000000, 0x0000000616000000, 0x0000000616400000|  0%| F|  |TAMS 0x0000000616000000, 0x0000000616000000| Untracked 
|  72|0x0000000616400000, 0x0000000616400000, 0x0000000616800000|  0%| F|  |TAMS 0x0000000616400000, 0x0000000616400000| Untracked 
|  73|0x0000000616800000, 0x0000000616800000, 0x0000000616c00000|  0%| F|  |TAMS 0x0000000616800000, 0x0000000616800000| Untracked 
|  74|0x0000000616c00000, 0x0000000616c00000, 0x0000000617000000|  0%| F|  |TAMS 0x0000000616c00000, 0x0000000616c00000| Untracked 
|  75|0x0000000617000000, 0x0000000617000000, 0x0000000617400000|  0%| F|  |TAMS 0x0000000617000000, 0x0000000617000000| Untracked 
|  76|0x0000000617400000, 0x0000000617400000, 0x0000000617800000|  0%| F|  |TAMS 0x0000000617400000, 0x0000000617400000| Untracked 
|  77|0x0000000617800000, 0x0000000617800000, 0x0000000617c00000|  0%| F|  |TAMS 0x0000000617800000, 0x0000000617800000| Untracked 
|  78|0x0000000617c00000, 0x0000000617c00000, 0x0000000618000000|  0%| F|  |TAMS 0x0000000617c00000, 0x0000000617c00000| Untracked 
|  79|0x0000000618000000, 0x0000000618000000, 0x0000000618400000|  0%| F|  |TAMS 0x0000000618000000, 0x0000000618000000| Untracked 
|  80|0x0000000618400000, 0x0000000618400000, 0x0000000618800000|  0%| F|  |TAMS 0x0000000618400000, 0x0000000618400000| Untracked 
|  81|0x0000000618800000, 0x0000000618800000, 0x0000000618c00000|  0%| F|  |TAMS 0x0000000618800000, 0x0000000618800000| Untracked 
|  82|0x0000000618c00000, 0x0000000618c00000, 0x0000000619000000|  0%| F|  |TAMS 0x0000000618c00000, 0x0000000618c00000| Untracked 
|  83|0x0000000619000000, 0x0000000619000000, 0x0000000619400000|  0%| F|  |TAMS 0x0000000619000000, 0x0000000619000000| Untracked 
|  84|0x0000000619400000, 0x0000000619400000, 0x0000000619800000|  0%| F|  |TAMS 0x0000000619400000, 0x0000000619400000| Untracked 
|  85|0x0000000619800000, 0x0000000619800000, 0x0000000619c00000|  0%| F|  |TAMS 0x0000000619800000, 0x0000000619800000| Untracked 
|  86|0x0000000619c00000, 0x0000000619c00000, 0x000000061a000000|  0%| F|  |TAMS 0x0000000619c00000, 0x0000000619c00000| Untracked 
|  87|0x000000061a000000, 0x000000061a000000, 0x000000061a400000|  0%| F|  |TAMS 0x000000061a000000, 0x000000061a000000| Untracked 
|  88|0x000000061a400000, 0x000000061a400000, 0x000000061a800000|  0%| F|  |TAMS 0x000000061a400000, 0x000000061a400000| Untracked 
|  89|0x000000061a800000, 0x000000061a800000, 0x000000061ac00000|  0%| F|  |TAMS 0x000000061a800000, 0x000000061a800000| Untracked 
|  90|0x000000061ac00000, 0x000000061ac00000, 0x000000061b000000|  0%| F|  |TAMS 0x000000061ac00000, 0x000000061ac00000| Untracked 
|  91|0x000000061b000000, 0x000000061b000000, 0x000000061b400000|  0%| F|  |TAMS 0x000000061b000000, 0x000000061b000000| Untracked 
|  92|0x000000061b400000, 0x000000061b400000, 0x000000061b800000|  0%| F|  |TAMS 0x000000061b400000, 0x000000061b400000| Untracked 
|  93|0x000000061b800000, 0x000000061b800000, 0x000000061bc00000|  0%| F|  |TAMS 0x000000061b800000, 0x000000061b800000| Untracked 
|  94|0x000000061bc00000, 0x000000061bc00000, 0x000000061c000000|  0%| F|  |TAMS 0x000000061bc00000, 0x000000061bc00000| Untracked 
|  95|0x000000061c000000, 0x000000061c000000, 0x000000061c400000|  0%| F|  |TAMS 0x000000061c000000, 0x000000061c000000| Untracked 
|  96|0x000000061c400000, 0x000000061c400000, 0x000000061c800000|  0%| F|  |TAMS 0x000000061c400000, 0x000000061c400000| Untracked 
|  97|0x000000061c800000, 0x000000061c800000, 0x000000061cc00000|  0%| F|  |TAMS 0x000000061c800000, 0x000000061c800000| Untracked 
|  98|0x000000061cc00000, 0x000000061cc00000, 0x000000061d000000|  0%| F|  |TAMS 0x000000061cc00000, 0x000000061cc00000| Untracked 
|  99|0x000000061d000000, 0x000000061d000000, 0x000000061d400000|  0%| F|  |TAMS 0x000000061d000000, 0x000000061d000000| Untracked 
| 100|0x000000061d400000, 0x000000061d400000, 0x000000061d800000|  0%| F|  |TAMS 0x000000061d400000, 0x000000061d400000| Untracked 
| 101|0x000000061d800000, 0x000000061d800000, 0x000000061dc00000|  0%| F|  |TAMS 0x000000061d800000, 0x000000061d800000| Untracked 
| 102|0x000000061dc00000, 0x000000061dc00000, 0x000000061e000000|  0%| F|  |TAMS 0x000000061dc00000, 0x000000061dc00000| Untracked 
| 103|0x000000061e000000, 0x000000061e000000, 0x000000061e400000|  0%| F|  |TAMS 0x000000061e000000, 0x000000061e000000| Untracked 
| 104|0x000000061e400000, 0x000000061e400000, 0x000000061e800000|  0%| F|  |TAMS 0x000000061e400000, 0x000000061e400000| Untracked 
| 105|0x000000061e800000, 0x000000061e800000, 0x000000061ec00000|  0%| F|  |TAMS 0x000000061e800000, 0x000000061e800000| Untracked 
| 106|0x000000061ec00000, 0x000000061ec00000, 0x000000061f000000|  0%| F|  |TAMS 0x000000061ec00000, 0x000000061ec00000| Untracked 
| 107|0x000000061f000000, 0x000000061f000000, 0x000000061f400000|  0%| F|  |TAMS 0x000000061f000000, 0x000000061f000000| Untracked 
| 108|0x000000061f400000, 0x000000061f400000, 0x000000061f800000|  0%| F|  |TAMS 0x000000061f400000, 0x000000061f400000| Untracked 
| 109|0x000000061f800000, 0x000000061f800000, 0x000000061fc00000|  0%| F|  |TAMS 0x000000061f800000, 0x000000061f800000| Untracked 
| 110|0x000000061fc00000, 0x000000061fc00000, 0x0000000620000000|  0%| F|  |TAMS 0x000000061fc00000, 0x000000061fc00000| Untracked 
| 111|0x0000000620000000, 0x0000000620000000, 0x0000000620400000|  0%| F|  |TAMS 0x0000000620000000, 0x0000000620000000| Untracked 
| 112|0x0000000620400000, 0x0000000620400000, 0x0000000620800000|  0%| F|  |TAMS 0x0000000620400000, 0x0000000620400000| Untracked 
| 113|0x0000000620800000, 0x0000000620800000, 0x0000000620c00000|  0%| F|  |TAMS 0x0000000620800000, 0x0000000620800000| Untracked 
| 114|0x0000000620c00000, 0x0000000620c00000, 0x0000000621000000|  0%| F|  |TAMS 0x0000000620c00000, 0x0000000620c00000| Untracked 
| 115|0x0000000621000000, 0x0000000621000000, 0x0000000621400000|  0%| F|  |TAMS 0x0000000621000000, 0x0000000621000000| Untracked 
| 116|0x0000000621400000, 0x0000000621400000, 0x0000000621800000|  0%| F|  |TAMS 0x0000000621400000, 0x0000000621400000| Untracked 
| 117|0x0000000621800000, 0x0000000621800000, 0x0000000621c00000|  0%| F|  |TAMS 0x0000000621800000, 0x0000000621800000| Untracked 
| 118|0x0000000621c00000, 0x0000000621c00000, 0x0000000622000000|  0%| F|  |TAMS 0x0000000621c00000, 0x0000000621c00000| Untracked 
| 119|0x0000000622000000, 0x0000000622000000, 0x0000000622400000|  0%| F|  |TAMS 0x0000000622000000, 0x0000000622000000| Untracked 
| 120|0x0000000622400000, 0x0000000622400000, 0x0000000622800000|  0%| F|  |TAMS 0x0000000622400000, 0x0000000622400000| Untracked 
| 121|0x0000000622800000, 0x0000000622800000, 0x0000000622c00000|  0%| F|  |TAMS 0x0000000622800000, 0x0000000622800000| Untracked 
| 122|0x0000000622c00000, 0x0000000622c00000, 0x0000000623000000|  0%| F|  |TAMS 0x0000000622c00000, 0x0000000622c00000| Untracked 
| 123|0x0000000623000000, 0x0000000623000000, 0x0000000623400000|  0%| F|  |TAMS 0x0000000623000000, 0x0000000623000000| Untracked 
| 124|0x0000000623400000, 0x0000000623400000, 0x0000000623800000|  0%| F|  |TAMS 0x0000000623400000, 0x0000000623400000| Untracked 
| 125|0x0000000623800000, 0x0000000623a47e58, 0x0000000623c00000| 57%| E|  |TAMS 0x0000000623800000, 0x0000000623800000| Complete 
| 126|0x0000000623c00000, 0x0000000624000000, 0x0000000624000000|100%| E|CS|TAMS 0x0000000623c00000, 0x0000000623c00000| Complete 

Card table byte_map: [0x000001be62040000,0x000001be63020000] _byte_map_base: 0x000001be5f01e000

Marking Bits (Prev, Next): (CMBitMap*) 0x000001be483573e0, (CMBitMap*) 0x000001be48357420
 Prev Bits: [0x000001be64000000, 0x000001be6bef0000)
 Next Bits: [0x000001be6bef0000, 0x000001be73de0000)

Polling page: 0x000001be48370000

Metaspace:

Usage:
  Non-class:    583.28 KB used.
      Class:     28.96 KB used.
       Both:    612.24 KB used.

Virtual space:
  Non-class space:       64.00 MB reserved,     640.00 KB ( <1%) committed,  1 nodes.
      Class space:        1.00 GB reserved,     128.00 KB ( <1%) committed,  1 nodes.
             Both:        1.06 GB reserved,     768.00 KB ( <1%) committed. 

Chunk freelists:
   Non-Class:  11.98 MB
       Class:  15.74 MB
        Both:  27.73 MB

MaxMetaspaceSize: unlimited
CompressedClassSpaceSize: 1.00 GB
Initial GC threshold: 21.00 MB
Current GC threshold: 21.00 MB
CDS: on
MetaspaceReclaimPolicy: balanced
 - commit_granule_bytes: 65536.
 - commit_granule_words: 8192.
 - virtual_space_node_default_size: 8388608.
 - enlarge_chunks_in_place: 1.
 - new_chunks_are_fully_committed: 0.
 - uncommit_free_chunks: 1.
 - use_allocation_guard: 0.
 - handle_deallocations: 1.


Internal statistics:

num_allocs_failed_limit: 0.
num_arena_births: 6.
num_arena_deaths: 0.
num_vsnodes_births: 2.
num_vsnodes_deaths: 0.
num_space_committed: 12.
num_space_uncommitted: 0.
num_chunks_returned_to_freelist: 0.
num_chunks_taken_from_freelist: 10.
num_chunk_merges: 0.
num_chunk_splits: 5.
num_chunks_enlarged: 2.
num_inconsistent_stats: 0.

CodeHeap 'non-profiled nmethods': size=120000Kb used=104Kb max_used=104Kb free=119895Kb
 bounds [0x000001be590d0000, 0x000001be59340000, 0x000001be60600000]
CodeHeap 'profiled nmethods': size=120000Kb used=398Kb max_used=398Kb free=119601Kb
 bounds [0x000001be51600000, 0x000001be51870000, 0x000001be58b30000]
CodeHeap 'non-nmethods': size=5760Kb used=1124Kb max_used=1137Kb free=4635Kb
 bounds [0x000001be58b30000, 0x000001be58da0000, 0x000001be590d0000]
 total_blobs=708 nmethods=317 adapters=304
 compilation: enabled
              stopped_count=0, restarted_count=0
 full_count=0

Compilation events (20 events):
Event: 0.253 Thread 0x000001be7697bdb0  308       3       java.util.zip.ZipUtils::CENLEN (9 bytes)
Event: 0.253 Thread 0x000001be7697bdb0 nmethod 308 0x000001be5165e090 code [0x000001be5165e240, 0x000001be5165e518]
Event: 0.254 Thread 0x000001be7697bdb0  309       3       java.lang.StringLatin1::indexOf (121 bytes)
Event: 0.255 Thread 0x000001be7697bdb0 nmethod 309 0x000001be5165e690 code [0x000001be5165e860, 0x000001be5165ed58]
Event: 0.255 Thread 0x000001be7697bdb0  310   !   3       java.util.zip.ZipFile$Source::getEntryPos (181 bytes)
Event: 0.255 Thread 0x000001be7697bdb0 nmethod 310 0x000001be5165ef90 code [0x000001be5165f280, 0x000001be516603a8]
Event: 0.255 Thread 0x000001be7697bdb0  311   !   3       java.util.zip.ZipFile::getEntry (59 bytes)
Event: 0.256 Thread 0x000001be7697bdb0 nmethod 311 0x000001be51660e10 code [0x000001be51661000, 0x000001be51661478]
Event: 0.256 Thread 0x000001be7697bdb0  313       3       java.util.zip.ZipCoder::hash (36 bytes)
Event: 0.256 Thread 0x000001be7697bdb0 nmethod 313 0x000001be51661710 code [0x000001be51661920, 0x000001be51662048]
Event: 0.256 Thread 0x000001be7697bdb0  312       3       java.lang.String::lastIndexOf (29 bytes)
Event: 0.256 Thread 0x000001be7697bdb0 nmethod 312 0x000001be51662390 code [0x000001be51662560, 0x000001be51662818]
Event: 0.268 Thread 0x000001be7697bdb0  314       3       java.lang.StringUTF16::getChar (60 bytes)
Event: 0.268 Thread 0x000001be7697bdb0 nmethod 314 0x000001be51662910 code [0x000001be51662aa0, 0x000001be51662c18]
Event: 0.269 Thread 0x000001be7697bdb0  315       3       java.lang.String::isLatin1 (19 bytes)
Event: 0.269 Thread 0x000001be7697bdb0 nmethod 315 0x000001be51662d10 code [0x000001be51662ea0, 0x000001be51663018]
Event: 0.270 Thread 0x000001be7697bdb0  316       3       java.lang.invoke.MemberName::isInvocable (8 bytes)
Event: 0.270 Thread 0x000001be7697bdb0 nmethod 316 0x000001be51663090 code [0x000001be51663240, 0x000001be516634d8]
Event: 0.270 Thread 0x000001be7697bdb0  317       3       java.lang.invoke.MemberName::testAnyFlags (15 bytes)
Event: 0.270 Thread 0x000001be7697bdb0 nmethod 317 0x000001be51663610 code [0x000001be516637c0, 0x000001be516639f8]

GC Heap History (0 events):
No events

Deoptimization events (18 events):
Event: 0.210 Thread 0x000001be482ed9b0 DEOPT PACKING pc=0x000001be51608b67 sp=0x00000098f27fdb70
Event: 0.210 Thread 0x000001be482ed9b0 DEOPT UNPACKING pc=0x000001be58b866e3 sp=0x00000098f27fcf90 mode 0
Event: 0.218 Thread 0x000001be482ed9b0 Uncommon trap: trap_request=0xffffff45 fr.pc=0x000001be590dd8c4 relative=0x00000000000008e4
Event: 0.218 Thread 0x000001be482ed9b0 Uncommon trap: reason=unstable_if action=reinterpret pc=0x000001be590dd8c4 method=java.util.HashMap.putVal(ILjava/lang/Object;Ljava/lang/Object;ZZ)Ljava/lang/Object; @ 181 c2
Event: 0.218 Thread 0x000001be482ed9b0 DEOPT PACKING pc=0x000001be590dd8c4 sp=0x00000098f27fe6a0
Event: 0.218 Thread 0x000001be482ed9b0 DEOPT UNPACKING pc=0x000001be58b85ba3 sp=0x00000098f27fe650 mode 2
Event: 0.248 Thread 0x000001be482ed9b0 Uncommon trap: trap_request=0xffffff45 fr.pc=0x000001be590e4394 relative=0x0000000000000174
Event: 0.248 Thread 0x000001be482ed9b0 Uncommon trap: reason=unstable_if action=reinterpret pc=0x000001be590e4394 method=java.util.zip.ZipFile$Source.isMetaName([BII)Z @ 43 c2
Event: 0.248 Thread 0x000001be482ed9b0 DEOPT PACKING pc=0x000001be590e4394 sp=0x00000098f27fde00
Event: 0.248 Thread 0x000001be482ed9b0 DEOPT UNPACKING pc=0x000001be58b85ba3 sp=0x00000098f27fdda8 mode 2
Event: 0.268 Thread 0x000001be482ed9b0 Uncommon trap: trap_request=0xffffff45 fr.pc=0x000001be590ea05c relative=0x000000000000005c
Event: 0.268 Thread 0x000001be482ed9b0 Uncommon trap: reason=unstable_if action=reinterpret pc=0x000001be590ea05c method=java.lang.String.isLatin1()Z @ 10 c2
Event: 0.268 Thread 0x000001be482ed9b0 DEOPT PACKING pc=0x000001be590ea05c sp=0x00000098f27fe2b0
Event: 0.268 Thread 0x000001be482ed9b0 DEOPT UNPACKING pc=0x000001be58b85ba3 sp=0x00000098f27fe240 mode 2
Event: 0.268 Thread 0x000001be482ed9b0 Uncommon trap: trap_request=0xffffff45 fr.pc=0x000001be590d15f8 relative=0x0000000000000078
Event: 0.268 Thread 0x000001be482ed9b0 Uncommon trap: reason=unstable_if action=reinterpret pc=0x000001be590d15f8 method=java.lang.String.isLatin1()Z @ 10 c2
Event: 0.268 Thread 0x000001be482ed9b0 DEOPT PACKING pc=0x000001be590d15f8 sp=0x00000098f27fec90
Event: 0.268 Thread 0x000001be482ed9b0 DEOPT UNPACKING pc=0x000001be58b85ba3 sp=0x00000098f27febd0 mode 2

Classes unloaded (0 events):
No events

Classes redefined (4 events):
Event: 0.261 Thread 0x000001be74053fe0 redefined class name=java.io.FileOutputStream, count=1
Event: 0.263 Thread 0x000001be74053fe0 redefined class name=java.nio.file.Files, count=1
Event: 0.265 Thread 0x000001be74053fe0 redefined class name=java.io.File, count=1
Event: 0.267 Thread 0x000001be74053fe0 redefined class name=java.net.URLStreamHandler, count=1

Internal exceptions (0 events):
No events

VM Operations (12 events):
Event: 0.155 Executing VM operation: HandshakeAllThreads
Event: 0.155 Executing VM operation: HandshakeAllThreads done
Event: 0.260 Executing VM operation: RedefineClasses
Event: 0.261 Executing VM operation: RedefineClasses done
Event: 0.263 Executing VM operation: RedefineClasses
Event: 0.264 Executing VM operation: RedefineClasses done
Event: 0.265 Executing VM operation: RedefineClasses
Event: 0.266 Executing VM operation: RedefineClasses done
Event: 0.266 Executing VM operation: RedefineClasses
Event: 0.267 Executing VM operation: RedefineClasses done
Event: 0.269 Executing VM operation: HandshakeAllThreads
Event: 0.269 Executing VM operation: HandshakeAllThreads done

Events (20 events):
Event: 0.258 Thread 0x000001be76cedee0 Thread added: 0x000001be76cedee0
Event: 0.258 loading class java/net/Socket
Event: 0.260 loading class java/lang/WeakPairMap$Pair$Weak
Event: 0.260 loading class java/lang/WeakPairMap$WeakRefPeer
Event: 0.260 loading class java/lang/WeakPairMap$WeakRefPeer done
Event: 0.260 loading class java/lang/WeakPairMap$Pair$Weak done
Event: 0.260 loading class java/lang/WeakPairMap$Pair$Weak$1
Event: 0.260 loading class java/lang/WeakPairMap$Pair$Weak$1 done
Event: 0.267 loading class java/net/Socket done
Event: 0.267 Thread 0x000001be76cdc160 Thread added: 0x000001be76cdc160
Event: 0.268 loading class java/net/InetSocketAddress
Event: 0.268 loading class java/net/SocketAddress
Event: 0.268 loading class java/net/SocketAddress done
Event: 0.268 loading class java/net/InetSocketAddress done
Event: 0.269 loading class jdk/internal/loader/URLClassPath$FileLoader$1
Event: 0.269 loading class jdk/internal/loader/URLClassPath$FileLoader$1 done
Event: 0.270 Thread 0x000001be482ed9b0 Thread exited: 0x000001be482ed9b0
Event: 0.270 Thread 0x000001be482ed9b0 Thread added: 0x000001be482ed9b0
Event: 0.270 Thread 0x000001be482ed9b0 Thread exited: 0x000001be482ed9b0
Event: 0.270 Thread 0x000001be7406cfb0 Thread exited: 0x000001be7406cfb0


Dynamic libraries:
0x00007ff692a80000 - 0x00007ff692a90000 	C:\Program Files\Java\jdk-17\bin\java.exe
0x00007ffa85df0000 - 0x00007ffa86007000 	C:\WINDOWS\SYSTEM32\ntdll.dll
0x00007ffa85b30000 - 0x00007ffa85bf4000 	C:\WINDOWS\System32\KERNEL32.DLL
0x00007ffa85780000 - 0x00007ffa85b2c000 	C:\WINDOWS\System32\KERNELBASE.dll
0x00000000711d0000 - 0x000000007120c000 	C:\WINDOWS\System32\cyinjct.dll
0x00007ffa85610000 - 0x00007ffa85619000 	C:\WINDOWS\System32\ntnativeapi.dll
0x00007ffa7ada0000 - 0x00007ffa7adb9000 	C:\Program Files\Java\jdk-17\bin\jli.dll
0x00007ffa85460000 - 0x00007ffa85512000 	C:\WINDOWS\System32\ADVAPI32.dll
0x00007ffa83660000 - 0x00007ffa83707000 	C:\WINDOWS\System32\msvcrt.dll
0x00007ffa853b0000 - 0x00007ffa8545a000 	C:\WINDOWS\System32\sechost.dll
0x00007ffa834a0000 - 0x00007ffa834c8000 	C:\WINDOWS\System32\bcrypt.dll
0x00007ffa85660000 - 0x00007ffa85775000 	C:\WINDOWS\System32\RPCRT4.dll
0x000001be47f20000 - 0x000001be480ce000 	C:\WINDOWS\System32\USER32.dll
0x00007ffa830a0000 - 0x00007ffa830c6000 	C:\WINDOWS\System32\win32u.dll
0x00007ffa84020000 - 0x00007ffa84049000 	C:\WINDOWS\System32\GDI32.dll
0x00007ffa83240000 - 0x00007ffa83359000 	C:\WINDOWS\System32\gdi32full.dll
0x00007ffa83000000 - 0x00007ffa8309a000 	C:\WINDOWS\System32\msvcp_win.dll
0x000001be480d0000 - 0x000001be481e1000 	C:\WINDOWS\System32\ucrtbase.dll
0x00007ffa73cb0000 - 0x00007ffa73ccb000 	C:\Program Files\Java\jdk-17\bin\VCRUNTIME140.dll
0x00007ffa69470000 - 0x00007ffa69703000 	C:\WINDOWS\WinSxS\amd64_microsoft.windows.common-controls_6595b64144ccf1df_6.0.22621.3672_none_2713b9d173822955\COMCTL32.dll
0x00007ffa72870000 - 0x00007ffa7287a000 	C:\WINDOWS\SYSTEM32\VERSION.dll
0x00007ffa855f0000 - 0x00007ffa8560e000 	C:\WINDOWS\System32\cyvera.dll
0x00007ffa85580000 - 0x00007ffa855f0000 	C:\WINDOWS\System32\cyvrtrap.dll
0x00007ffa83f20000 - 0x00007ffa83f51000 	C:\WINDOWS\System32\IMM32.DLL
0x00007ffa7c3d0000 - 0x00007ffa7c3dc000 	C:\Program Files\Java\jdk-17\bin\vcruntime140_1.dll
0x00007ffa3a420000 - 0x00007ffa3a4ae000 	C:\Program Files\Java\jdk-17\bin\msvcp140.dll
0x00007ff9e5aa0000 - 0x00007ff9e6680000 	C:\Program Files\Java\jdk-17\bin\server\jvm.dll
0x00007ffa84b60000 - 0x00007ffa84b68000 	C:\WINDOWS\System32\PSAPI.DLL
0x00007ffa55d10000 - 0x00007ffa55d19000 	C:\WINDOWS\SYSTEM32\WSOCK32.dll
0x00007ffa84b70000 - 0x00007ffa84be1000 	C:\WINDOWS\System32\WS2_32.dll
0x00007ffa74cb0000 - 0x00007ffa74ce4000 	C:\WINDOWS\SYSTEM32\WINMM.dll
0x00007ffa81f00000 - 0x00007ffa81f18000 	C:\WINDOWS\SYSTEM32\kernel.appcore.dll
0x00007ffa73f60000 - 0x00007ffa73f6a000 	C:\Program Files\Java\jdk-17\bin\jimage.dll
0x00007ffa80710000 - 0x00007ffa80942000 	C:\WINDOWS\SYSTEM32\DBGHELP.DLL
0x00007ffa84de0000 - 0x00007ffa85168000 	C:\WINDOWS\System32\combase.dll
0x00007ffa84050000 - 0x00007ffa84127000 	C:\WINDOWS\System32\OLEAUT32.dll
0x00007ffa55f70000 - 0x00007ffa55fa2000 	C:\WINDOWS\SYSTEM32\dbgcore.DLL
0x00007ffa83420000 - 0x00007ffa8349b000 	C:\WINDOWS\System32\bcryptPrimitives.dll
0x00007ffa7c460000 - 0x00007ffa7c46e000 	C:\Program Files\Java\jdk-17\bin\instrument.dll
0x00007ffa68f50000 - 0x00007ffa68f75000 	C:\Program Files\Java\jdk-17\bin\java.dll
0x00007ffa85540000 - 0x00007ffa85577000 	C:\Program Files\Palo Alto Networks\Traps\cyjagent.dll
0x00007ffa338b0000 - 0x00007ffa33987000 	C:\Program Files\Java\jdk-17\bin\jsvml.dll
0x00007ffa84140000 - 0x00007ffa8499c000 	C:\WINDOWS\System32\SHELL32.dll
0x00007ffa80c30000 - 0x00007ffa81527000 	C:\WINDOWS\SYSTEM32\windows.storage.dll
0x00007ffa80af0000 - 0x00007ffa80c2f000 	C:\WINDOWS\SYSTEM32\wintypes.dll
0x00007ffa83840000 - 0x00007ffa83934000 	C:\WINDOWS\System32\SHCORE.dll
0x00007ffa84c20000 - 0x00007ffa84c7e000 	C:\WINDOWS\System32\shlwapi.dll
0x00007ffa82f30000 - 0x00007ffa82f51000 	C:\WINDOWS\SYSTEM32\profapi.dll
0x00007ffa668d0000 - 0x00007ffa668e8000 	C:\Program Files\Java\jdk-17\bin\zip.dll
0x00007ffa68ef0000 - 0x00007ffa68f09000 	C:\Program Files\Java\jdk-17\bin\net.dll
0x00007ffa81f20000 - 0x00007ffa82056000 	C:\WINDOWS\SYSTEM32\WINHTTP.dll
0x00007ffa824a0000 - 0x00007ffa82509000 	C:\WINDOWS\system32\mswsock.dll
0x00007ffa679c0000 - 0x00007ffa679d6000 	C:\Program Files\Java\jdk-17\bin\nio.dll
0x00007ffa7acf0000 - 0x00007ffa7ad0a000 	C:\Program Files\JetBrains\IntelliJ IDEA Community Edition 2023.1.2\bin\breakgen64.dll

dbghelp: loaded successfully - version: 4.0.5 - missing functions: none
symbol engine: initialized successfully - sym options: 0x614 - pdb path: .;C:\Program Files\Java\jdk-17\bin;C:\WINDOWS\SYSTEM32;C:\WINDOWS\WinSxS\amd64_microsoft.windows.common-controls_6595b64144ccf1df_6.0.22621.3672_none_2713b9d173822955;C:\Program Files\Java\jdk-17\bin\server;C:\Program Files\Palo Alto Networks\Traps;C:\Program Files\JetBrains\IntelliJ IDEA Community Edition 2023.1.2\bin

VM Arguments:
jvm_args: -javaagent:C:\Program Files\JetBrains\IntelliJ IDEA Community Edition 2023.1.2\lib\idea_rt.jar=50743:C:\Program Files\JetBrains\IntelliJ IDEA Community Edition 2023.1.2\bin -Dfile.encoding=UTF-8 -agentpath:C:\Program Files\Palo Alto Networks\Traps\cyjagent.dll 
java_command: Practise12
java_class_path (initial): C:\Users\SV110696\Documents\LearningAutomation\target\test-classes;C:\Users\SV110696\Documents\LearningAutomation\target\classes;C:\Users\SV110696\.m2\repository\org\seleniumhq\selenium\selenium-java\4.9.1\selenium-java-4.9.1.jar;C:\Users\SV110696\.m2\repository\org\seleniumhq\selenium\selenium-api\4.9.1\selenium-api-4.9.1.jar;C:\Users\SV110696\.m2\repository\org\seleniumhq\selenium\selenium-chrome-driver\4.9.1\selenium-chrome-driver-4.9.1.jar;C:\Users\SV110696\.m2\repository\com\google\auto\service\auto-service-annotations\1.0.1\auto-service-annotations-1.0.1.jar;C:\Users\SV110696\.m2\repository\com\google\auto\service\auto-service\1.0.1\auto-service-1.0.1.jar;C:\Users\SV110696\.m2\repository\com\google\auto\auto-common\1.2\auto-common-1.2.jar;C:\Users\SV110696\.m2\repository\com\google\guava\guava\31.1-jre\guava-31.1-jre.jar;C:\Users\SV110696\.m2\repository\com\google\guava\failureaccess\1.0.1\failureaccess-1.0.1.jar;C:\Users\SV110696\.m2\repository\com\google\guava\listenablefuture\9999.0-empty-to-avoid-conflict-with-guava\listenablefuture-9999.0-empty-to-avoid-conflict-with-guava.jar;C:\Users\SV110696\.m2\repository\com\google\code\findbugs\jsr305\3.0.2\jsr305-3.0.2.jar;C:\Users\SV110696\.m2\repository\org\checkerframework\checker-qual\3.12.0\checker-qual-3.12.0.jar;C:\Users\SV110696\.m2\repository\com\google\errorprone\error_prone_annotations\2.11.0\error_prone_annotations-2.11.0.jar;C:\Users\SV110696\.m2\repository\com\google\j2objc\j2objc-annotations\1.3\j2objc-annotations-1.3.jar;C:\Users\SV110696\.m2\repository\org\seleniumhq\selenium\selenium-chromium-driver\4.9.1\selenium-chromium-driver-4.9.1.jar;C:\Users\SV110696\.m2\repository\org\seleniumhq\selenium\selenium-json\4.9.1\selenium-json-4.9.1.jar;C:\Users\SV110696\.m2\repository\org\seleniumhq\selenium\selenium-manager\4.9.1\selenium-manager-4.9.1.jar;C:\Users\SV110696\.m2\repository\org\seleniumhq\selenium\selenium-devtools-v111\4.9.1\selenium-devtools-v111-4.9.1.jar;C:\Users
Launcher Type: SUN_STANDARD

[Global flags]
     intx CICompilerCount                          = 4                                         {product} {ergonomic}
     uint ConcGCThreads                            = 2                                         {product} {ergonomic}
     uint G1ConcRefinementThreads                  = 8                                         {product} {ergonomic}
   size_t G1HeapRegionSize                         = 4194304                                   {product} {ergonomic}
    uintx GCDrainStackTargetSize                   = 64                                        {product} {ergonomic}
   size_t InitialHeapSize                          = 532676608                                 {product} {ergonomic}
   size_t MarkStackSize                            = 4194304                                   {product} {ergonomic}
   size_t MaxHeapSize                              = 8518631424                                {product} {ergonomic}
   size_t MaxNewSize                               = 5108662272                                {product} {ergonomic}
   size_t MinHeapDeltaBytes                        = 4194304                                   {product} {ergonomic}
   size_t MinHeapSize                              = 8388608                                   {product} {ergonomic}
    uintx NonNMethodCodeHeapSize                   = 5839372                                {pd product} {ergonomic}
    uintx NonProfiledCodeHeapSize                  = 122909434                              {pd product} {ergonomic}
    uintx ProfiledCodeHeapSize                     = 122909434                              {pd product} {ergonomic}
    uintx ReservedCodeCacheSize                    = 251658240                              {pd product} {ergonomic}
     bool SegmentedCodeCache                       = true                                      {product} {ergonomic}
   size_t SoftMaxHeapSize                          = 8518631424                             {manageable} {ergonomic}
     bool UseCompressedClassPointers               = true                           {product lp64_product} {ergonomic}
     bool UseCompressedOops                        = true                           {product lp64_product} {ergonomic}
     bool UseG1GC                                  = true                                      {product} {ergonomic}
     bool UseLargePagesIndividualAllocation        = false                                  {pd product} {ergonomic}

Logging:
Log output configuration:
 #0: stdout all=warning uptime,level,tags
 #1: stderr all=off uptime,level,tags

Environment Variables:
JAVA_HOME=C:\Program Files\Java\jdk-17
PATH=C:\Program Files\Common Files\Oracle\Java\javapath;C:\WINDOWS\system32;C:\WINDOWS;C:\WINDOWS\System32\Wbem;C:\WINDOWS\System32\WindowsPowerShell\v1.0\;C:\WINDOWS\System32\OpenSSH\;C:\Program Files\dotnet\;C:\Program Files\Microsoft SQL Server\150\Tools\Binn\;C:\Program Files\Microsoft SQL Server\Client SDK\ODBC\170\Tools\Binn\;C:\Program Files\Perforce\;C:\Program Files\apache-maven-3.9.1\bin;C:\Program Files\apache-maven-3.9.1\bin;C:\Program Files\nodejs\;C:\Program Files\Java\jdk-11\bin;C:\Program Files\PuTTY\;C:\Program Files\k6\;C:\Program Files\Docker\Docker\resources\bin;C:\Program Files\Git\cmd;C:\Users\SV110696\AppData\Local\Microsoft\WindowsApps;C:\Users\SV110696\AppData\Local\Google\Cloud SDK\google-cloud-sdk\bin;C:\Program Files\Java\jdk-19;C:\Program Files\apache-maven-3.9.1\bin;C:\Users\SV110696\Downloads\apache-maven-3.9.1-bin\apache-maven-3.9.1\bin;C:\Users\SV110696\AppData\Roaming\npm;C:\Users\SV110696\.dotnet\tools;C:\Users\SV110696\AppData\Local\Programs\Microsoft VS Code\bin;
USERNAME=SV110696
OS=Windows_NT
PROCESSOR_IDENTIFIER=Intel64 Family 6 Model 140 Stepping 1, GenuineIntel



---------------  S Y S T E M  ---------------

OS:
 Windows 11 , 64 bit Build 22621 (10.0.22621.3672)
OS uptime: 10 days 22:03 hours
Hyper-V role detected

CPU: total 8 (initial active 8) (4 cores per cpu, 2 threads per core) family 6 model 140 stepping 1 microcode 0xac, cx8, cmov, fxsr, ht, mmx, 3dnowpref, sse, sse2, sse3, ssse3, sse4.1, sse4.2, popcnt, lzcnt, tsc, tscinvbit, avx, avx2, aes, erms, clmul, bmi1, bmi2, adx, avx512f, avx512dq, avx512cd, avx512bw, avx512vl, sha, fma, vzeroupper, avx512_vpopcntdq, avx512_vpclmulqdq, avx512_vaes, avx512_vnni, clflush, clflushopt, clwb, avx512_vbmi2, avx512_vbmi, hv

Memory: 4k page, system-wide physical 32490M (12753M free)
TotalPageFile size 49898M (AvailPageFile size 21749M)
current process WorkingSet (physical memory assigned to process): 46M, peak: 46M
current process commit charge ("private bytes"): 612M, peak: 613M

vm_info: Java HotSpot(TM) 64-Bit Server VM (17.0.11+7-LTS-207) for windows-amd64 JRE (17.0.11+7-LTS-207), built on Mar 11 2024 19:01:50 by "mach5one" with MS VC++ 17.6 (VS2022)

END.
