#
# A fatal error has been detected by the Java Runtime Environment:
#
#  EXCEPTION_ACCESS_VIOLATION (0xc0000005) at pc=0x00007ffa8554c2c4, pid=25360, tid=32864
#
# JRE version: Java(TM) SE Runtime Environment (17.0.11+7) (build 17.0.11+7-LTS-207)
# Java VM: Java HotSpot(TM) 64-Bit Server VM (17.0.11+7-LTS-207, mixed mode, sharing, tiered, compressed oops, compressed class ptrs, g1 gc, windows-amd64)
# Problematic frame:
# C  [cyjagent.dll+0xc2c4]
#
# No core dump will be written. Minidumps are not enabled by default on client versions of Windows
#
# If you would like to submit a bug report, please visit:
#   https://bugreport.java.com/bugreport/crash.jsp
# The crash happened outside the Java Virtual Machine in native code.
# See problematic frame for where to report the bug.
#

---------------  S U M M A R Y ------------

Command Line: -javaagent:C:\Program Files\JetBrains\IntelliJ IDEA Community Edition 2023.1.2\lib\idea_rt.jar=51616:C:\Program Files\JetBrains\IntelliJ IDEA Community Edition 2023.1.2\bin -Dfile.encoding=UTF-8 -agentpath:C:\Program Files\Palo Alto Networks\Traps\cyjagent.dll Practise10

Host: 11th Gen Intel(R) Core(TM) i7-1185G7 @ 3.00GHz, 8 cores, 31G,  Windows 11 , 64 bit Build 22621 (10.0.22621.3672)
Time: Fri Aug 16 12:20:48 2024 India Standard Time elapsed time: 0.251176 seconds (0d 0h 0m 0s)

---------------  T H R E A D  ---------------

Current thread (0x00000211f1f0e1c0):  JavaThread "Monitor Ctrl-Break" daemon [_thread_in_native, id=32864, stack(0x000000fcff700000,0x000000fcff800000)]

Stack: [0x000000fcff700000,0x000000fcff800000],  sp=0x000000fcff7fd0c0,  free space=1012k
Native frames: (J=compiled Java code, j=interpreted, Vv=VM code, C=native code)
C  [cyjagent.dll+0xc2c4]

Java frames: (J=compiled Java code, j=interpreted, Vv=VM code)
j  java.lang.invoke.InnerClassLambdaMetafactory.generateInnerClass()Ljava/lang/Class;+306 java.base@17.0.11
j  java.lang.invoke.InnerClassLambdaMetafactory.spinInnerClass()Ljava/lang/Class;+114 java.base@17.0.11
j  java.lang.invoke.InnerClassLambdaMetafactory.buildCallSite()Ljava/lang/invoke/CallSite;+1 java.base@17.0.11
j  java.lang.invoke.LambdaMetafactory.metafactory(Ljava/lang/invoke/MethodHandles$Lookup;Ljava/lang/String;Ljava/lang/invoke/MethodType;Ljava/lang/invoke/MethodType;Ljava/lang/invoke/MethodHandle;Ljava/lang/invoke/MethodType;)Ljava/lang/invoke/CallSite;+67 java.base@17.0.11
j  java.lang.invoke.DirectMethodHandle$Holder.invokeStatic(Ljava/lang/Object;Ljava/lang/Object;Ljava/lang/Object;Ljava/lang/Object;Ljava/lang/Object;Ljava/lang/Object;Ljava/lang/Object;)Ljava/lang/Object;+20 java.base@17.0.11
j  java.lang.invoke.Invokers$Holder.invokeExact_MT(Ljava/lang/Object;Ljava/lang/Object;Ljava/lang/Object;Ljava/lang/Object;Ljava/lang/Object;Ljava/lang/Object;Ljava/lang/Object;Ljava/lang/Object;)Ljava/lang/Object;+28 java.base@17.0.11
j  java.lang.invoke.BootstrapMethodInvoker.invoke(Ljava/lang/Class;Ljava/lang/invoke/MethodHandle;Ljava/lang/String;Ljava/lang/Object;Ljava/lang/Object;Ljava/lang/Class;)Ljava/lang/Object;+319 java.base@17.0.11
j  java.lang.invoke.CallSite.makeSite(Ljava/lang/invoke/MethodHandle;Ljava/lang/String;Ljava/lang/invoke/MethodType;Ljava/lang/Object;Ljava/lang/Class;)Ljava/lang/invoke/CallSite;+8 java.base@17.0.11
j  java.lang.invoke.MethodHandleNatives.linkCallSiteImpl(Ljava/lang/Class;Ljava/lang/invoke/MethodHandle;Ljava/lang/String;Ljava/lang/invoke/MethodType;Ljava/lang/Object;[Ljava/lang/Object;)Ljava/lang/invoke/MemberName;+6 java.base@17.0.11
j  java.lang.invoke.MethodHandleNatives.linkCallSite(Ljava/lang/Object;ILjava/lang/Object;Ljava/lang/Object;Ljava/lang/Object;Ljava/lang/Object;[Ljava/lang/Object;)Ljava/lang/invoke/MemberName;+46 java.base@17.0.11
v  ~StubRoutines::call_stub
j  java.net.SocketImpl.usePlainSocketImpl()Z+0 java.base@17.0.11
j  java.net.SocketImpl.<clinit>()V+0 java.base@17.0.11
v  ~StubRoutines::call_stub
j  java.net.Socket.setImpl()V+22 java.base@17.0.11
j  java.net.Socket.<init>(Ljava/net/SocketAddress;Ljava/net/SocketAddress;Z)V+46 java.base@17.0.11
j  java.net.Socket.<init>(Ljava/lang/String;I)V+34 java.base@17.0.11
j  com.intellij.rt.execution.application.AppMainV2$1.run()V+10
v  ~StubRoutines::call_stub

siginfo: EXCEPTION_ACCESS_VIOLATION (0xc0000005), reading address 0x0000000000000000


Registers:
RAX=0x0000000000000000, RBX=0x00000211f1f0e470, RCX=0x0000000000000000, RDX=0x00000211c2e99ef0
RSP=0x000000fcff7fd0c0, RBP=0x00000211c4ebf8d0, RSI=0x0000000000000000, RDI=0x00000211f619d280
R8 =0x000000fcff7fcf38, R9 =0x0000000000000000, R10=0x0000000000000000, R11=0x0000000000000246
R12=0x00000211f619d280, R13=0x0000000000000000, R14=0x000000fcff7fd2e0, R15=0x0000000000000000
RIP=0x00007ffa8554c2c4, EFLAGS=0x0000000000010202


Register to memory mapping:

RIP=0x00007ffa8554c2c4 cyjagent.dll
RAX=0x0 is NULL
RBX=0x00000211f1f0e470 points into unknown readable memory: 0x00007ff9c7c93670 | 70 36 c9 c7 f9 7f 00 00
RCX=0x0 is NULL
RDX=0x00000211c2e99ef0 points into unknown readable memory: 0x00000211f1f0e1c0 | c0 e1 f0 f1 11 02 00 00
RSP=0x000000fcff7fd0c0 is pointing into the stack for thread: 0x00000211f1f0e1c0
RBP=0x00000211c4ebf8d0 points into unknown readable memory: 0x00000211c4e28840 | 40 88 e2 c4 11 02 00 00
RSI=0x0 is NULL
RDI=0x00000211f619d280 points into unknown readable memory: 0x6e616c2f6176616a | 6a 61 76 61 2f 6c 61 6e
R8 =0x000000fcff7fcf38 is pointing into the stack for thread: 0x00000211f1f0e1c0
R9 =0x0 is NULL
R10=0x0 is NULL
R11=0x0000000000000246 is an unknown value
R12=0x00000211f619d280 points into unknown readable memory: 0x6e616c2f6176616a | 6a 61 76 61 2f 6c 61 6e
R13=0x0 is NULL
R14=0x000000fcff7fd2e0 is pointing into the stack for thread: 0x00000211f1f0e1c0
R15=0x0 is NULL


Top of Stack: (sp=0x000000fcff7fd0c0)
0x000000fcff7fd0c0:   00000211f619d280 00000211f1f0e470
0x000000fcff7fd0d0:   000000000000104b 00007ff9c75f9a1a
0x000000fcff7fd0e0:   0000000000000000 000000fcff7fd1f8
0x000000fcff7fd0f0:   000002118051b870 00000211c4ebf8d0
0x000000fcff7fd100:   0000000000000046 00000211f633ee10
0x000000fcff7fd110:   00000211c55bc960 00000211f1f0e1c0
0x000000fcff7fd120:   000000fcff7fd318 00007ff9c7715e86
0x000000fcff7fd130:   00000211c55bc960 00000211f1f0e1c0
0x000000fcff7fd140:   0000000000000000 000000000000104b
0x000000fcff7fd150:   00000211f619d280 0000000000000000
0x000000fcff7fd160:   000002110000104b 00000211f619c200
0x000000fcff7fd170:   000000fcff7fd268 000000fcff7fd188
0x000000fcff7fd180:   0000000000000000 0000000000000000
0x000000fcff7fd190:   0000000000000000 0000000000000000
0x000000fcff7fd1a0:   00000211f1f0bd90 00000211f619c1f0
0x000000fcff7fd1b0:   00000211f619d2d0 00000211f61a41d8 

Instructions: (pc=0x00007ffa8554c2c4)
0x00007ffa8554c1c4:   00 00 03 72 2d 44 8b ce 48 8d 05 3d df 01 00 ba
0x00007ffa8554c1d4:   2f 00 00 00 4e 8b 0c c8 48 8b 89 10 03 00 00 4c
0x00007ffa8554c1e4:   8d 05 56 de 01 00 e8 51 4f ff ff 48 8b 0d ea 37
0x00007ffa8554c1f4:   02 00 48 3b cb 74 68 f6 81 1c 03 00 00 10 74 5f
0x00007ffa8554c204:   80 b9 19 03 00 00 02 72 56 4c 8b 8c 24 90 00 00
0x00007ffa8554c214:   00 4c 8d 05 24 de 01 00 48 8b 89 10 03 00 00 ba
0x00007ffa8554c224:   31 00 00 00 e8 13 4f ff ff eb 34 49 8b 0f 4c 8b
0x00007ffa8554c234:   c3 48 8b d6 e8 f3 63 00 00 48 8b 84 24 b0 00 00
0x00007ffa8554c244:   00 89 18 48 8b 0d 7a 4b 02 00 4c 8b c6 33 d2 ff
0x00007ffa8554c254:   15 a7 4f 01 00 eb 08 a8 02 75 04 c6 47 40 01 b8
0x00007ffa8554c264:   ff ff ff ff f0 0f c1 47 10 4c 8b b4 24 88 00 00
0x00007ffa8554c274:   00 83 f8 01 75 42 48 8b 4f 18 48 81 c1 70 01 00
0x00007ffa8554c284:   00 ff 15 1d 50 01 00 48 8b 0f 48 8b 47 08 48 89
0x00007ffa8554c294:   08 48 89 41 08 48 8b 4f 18 48 81 c1 70 01 00 00
0x00007ffa8554c2a4:   ff 15 06 50 01 00 48 8b 0d 17 4b 02 00 4c 8b c7
0x00007ffa8554c2b4:   33 d2 ff 15 44 4f 01 00 48 8b 4d 20 48 8b 55 10
0x00007ffa8554c2c4:   48 8b 01 48 8b 80 08 01 00 00 ff 15 0c 50 01 00
0x00007ffa8554c2d4:   85 c0 74 40 48 8b 0d 01 37 02 00 48 8d 15 fa 36
0x00007ffa8554c2e4:   02 00 48 3b ca 74 2d f6 81 1c 03 00 00 10 74 24
0x00007ffa8554c2f4:   80 b9 19 03 00 00 03 72 1b 48 8b 89 10 03 00 00
0x00007ffa8554c304:   4c 8d 05 35 dd 01 00 ba 15 00 00 00 44 8b c8 e8
0x00007ffa8554c314:   68 4d ff ff 48 8b 6c 24 78 48 8b b4 24 80 00 00
0x00007ffa8554c324:   00 48 83 c4 50 41 5f 5f 5b c3 cc cc 40 57 48 83
0x00007ffa8554c334:   ec 30 f6 81 78 01 00 00 04 48 8b f9 0f 85 87 02
0x00007ffa8554c344:   00 00 48 89 5c 24 40 45 33 c9 48 89 6c 24 48 33
0x00007ffa8554c354:   d2 48 89 74 24 50 48 8b 71 20 45 8d 41 32 48 8b
0x00007ffa8554c364:   ce 48 8b 06 48 8b 40 08 ff 15 6e 4f 01 00 48 8d
0x00007ffa8554c374:   2d 67 36 02 00 85 c0 74 37 48 8b 0d 5c 36 02 00
0x00007ffa8554c384:   48 3b cd 74 2b f6 81 1c 03 00 00 10 74 22 80 b9
0x00007ffa8554c394:   19 03 00 00 02 72 19 48 8b 89 10 03 00 00 ba 11
0x00007ffa8554c3a4:   00 00 00 89 44 24 20 44 8d 4a 21 e8 7c dc ff ff
0x00007ffa8554c3b4:   48 8b 06 45 33 c9 33 d2 48 8b ce 48 8b 40 08 45 


Stack slot to memory mapping:
stack at sp + 0 slots: 0x00000211f619d280 points into unknown readable memory: 0x6e616c2f6176616a | 6a 61 76 61 2f 6c 61 6e
stack at sp + 1 slots: 0x00000211f1f0e470 points into unknown readable memory: 0x00007ff9c7c93670 | 70 36 c9 c7 f9 7f 00 00
stack at sp + 2 slots: 0x000000000000104b is an unknown value
stack at sp + 3 slots: 0x00007ff9c75f9a1a jvm.dll
stack at sp + 4 slots: 0x0 is NULL
stack at sp + 5 slots: 0x000000fcff7fd1f8 is pointing into the stack for thread: 0x00000211f1f0e1c0
stack at sp + 6 slots: 0x000002118051b870 is pointing into metadata
stack at sp + 7 slots: 0x00000211c4ebf8d0 points into unknown readable memory: 0x00000211c4e28840 | 40 88 e2 c4 11 02 00 00


---------------  P R O C E S S  ---------------

Threads class SMR info:
_java_thread_list=0x00000211f63700e0, length=13, elements={
0x00000211f1ba1e20, 0x00000211f1ba29e0, 0x00000211f1bb2be0, 0x00000211f1bb37a0,
0x00000211f1bb6370, 0x00000211f1bb94e0, 0x00000211f1bbaa20, 0x00000211f1bbdcd0,
0x00000211f1bc4380, 0x00000211ef280260, 0x00000211f1dc11b0, 0x00000211f1f0e1c0,
0x00000211f63454e0
}

Java Threads: ( => current thread )
  0x00000211f1ba1e20 JavaThread "Reference Handler" daemon [_thread_blocked, id=2484, stack(0x000000fcfec00000,0x000000fcfed00000)]
  0x00000211f1ba29e0 JavaThread "Finalizer" daemon [_thread_blocked, id=29724, stack(0x000000fcfed00000,0x000000fcfee00000)]
  0x00000211f1bb2be0 JavaThread "Signal Dispatcher" daemon [_thread_blocked, id=28220, stack(0x000000fcfee00000,0x000000fcfef00000)]
  0x00000211f1bb37a0 JavaThread "Attach Listener" daemon [_thread_blocked, id=5744, stack(0x000000fcfef00000,0x000000fcff000000)]
  0x00000211f1bb6370 JavaThread "Service Thread" daemon [_thread_blocked, id=8508, stack(0x000000fcff000000,0x000000fcff100000)]
  0x00000211f1bb94e0 JavaThread "Monitor Deflation Thread" daemon [_thread_blocked, id=32084, stack(0x000000fcff100000,0x000000fcff200000)]
  0x00000211f1bbaa20 JavaThread "C2 CompilerThread0" daemon [_thread_blocked, id=31008, stack(0x000000fcff200000,0x000000fcff300000)]
  0x00000211f1bbdcd0 JavaThread "C1 CompilerThread0" daemon [_thread_blocked, id=17192, stack(0x000000fcff300000,0x000000fcff400000)]
  0x00000211f1bc4380 JavaThread "Sweeper thread" daemon [_thread_blocked, id=33392, stack(0x000000fcff400000,0x000000fcff500000)]
  0x00000211ef280260 JavaThread "Common-Cleaner" daemon [_thread_blocked, id=15560, stack(0x000000fcff500000,0x000000fcff600000)]
  0x00000211f1dc11b0 JavaThread "C2 CompilerThread1" daemon [_thread_blocked, id=28488, stack(0x000000fcff600000,0x000000fcff700000)]
=>0x00000211f1f0e1c0 JavaThread "Monitor Ctrl-Break" daemon [_thread_in_native, id=32864, stack(0x000000fcff700000,0x000000fcff800000)]
  0x00000211f63454e0 JavaThread "Notification Thread" daemon [_thread_blocked, id=13860, stack(0x000000fcff800000,0x000000fcff900000)]

Other Threads:
  0x00000211ef28ebc0 VMThread "VM Thread" [stack: 0x000000fcfeb00000,0x000000fcfec00000] [id=13072] _threads_hazard_ptr=0x00000211f63700e0
  0x00000211ef0d0880 GCTaskThread "GC Thread#0" [stack: 0x000000fcfe600000,0x000000fcfe700000] [id=25984]
  0x00000211c5647ae0 ConcurrentGCThread "G1 Main Marker" terminated
  0x00000211c5649410 ConcurrentGCThread "G1 Conc#0" [stack: 0x000000fcfe800000,0x000000fcfe900000] [id=33924]
  0x00000211c564eaf0 ConcurrentGCThread "G1 Refine#0" terminated
  0x00000211ef1c5630 ConcurrentGCThread "G1 Service" terminated

Threads with active compile tasks:

VM state: at safepoint (normal execution)

VM Mutex/Monitor currently owned by a thread:  ([mutex/lock_event])
[0x00000211c55c8030] Threads_lock - owner thread: 0x00000211ef28ebc0
[0x00000211c55c6ad0] Heap_lock - owner thread: 0x00000211c55cd9b0

Heap address: 0x0000000604400000, size: 8124 MB, Compressed Oops mode: Zero based, Oop shift amount: 3

CDS archive(s) mapped at: [0x0000021180000000-0x0000021180bd0000-0x0000021180bd0000), size 12386304, SharedBaseAddress: 0x0000021180000000, ArchiveRelocationMode: 1.
Compressed class space mapped at: 0x0000021181000000-0x00000211c1000000, reserved size: 1073741824
Narrow klass base: 0x0000021180000000, Narrow klass shift: 0, Narrow klass range: 0x100000000

GC Precious Log:
 CPUs: 8 total, 8 available
 Memory: 32490M
 Large Page Support: Disabled
 NUMA Support: Disabled
 Compressed Oops: Enabled (Zero based)
 Heap Region Size: 4M
 Heap Min Capacity: 8M
 Heap Initial Capacity: 508M
 Heap Max Capacity: 8124M
 Pre-touch: Disabled
 Parallel Workers: 8
 Concurrent Workers: 2
 Concurrent Refinement Workers: 8
 Periodic GC: Disabled

Heap:
 garbage-first heap   total 520192K, used 4096K [0x0000000604400000, 0x0000000800000000)
  region size 4096K, 2 young (8192K), 0 survivors (0K)
 Metaspace       used 644K, committed 832K, reserved 1114112K
  class space    used 33K, committed 128K, reserved 1048576K

Heap Regions: E=young(eden), S=young(survivor), O=old, HS=humongous(starts), HC=humongous(continues), CS=collection set, F=free, OA=open archive, CA=closed archive, TAMS=top-at-mark-start (previous, next)
|   0|0x0000000604400000, 0x0000000604400000, 0x0000000604800000|  0%| F|  |TAMS 0x0000000604400000, 0x0000000604400000| Untracked 
|   1|0x0000000604800000, 0x0000000604800000, 0x0000000604c00000|  0%| F|  |TAMS 0x0000000604800000, 0x0000000604800000| Untracked 
|   2|0x0000000604c00000, 0x0000000604c00000, 0x0000000605000000|  0%| F|  |TAMS 0x0000000604c00000, 0x0000000604c00000| Untracked 
|   3|0x0000000605000000, 0x0000000605000000, 0x0000000605400000|  0%| F|  |TAMS 0x0000000605000000, 0x0000000605000000| Untracked 
|   4|0x0000000605400000, 0x0000000605400000, 0x0000000605800000|  0%| F|  |TAMS 0x0000000605400000, 0x0000000605400000| Untracked 
|   5|0x0000000605800000, 0x0000000605800000, 0x0000000605c00000|  0%| F|  |TAMS 0x0000000605800000, 0x0000000605800000| Untracked 
|   6|0x0000000605c00000, 0x0000000605c00000, 0x0000000606000000|  0%| F|  |TAMS 0x0000000605c00000, 0x0000000605c00000| Untracked 
|   7|0x0000000606000000, 0x0000000606000000, 0x0000000606400000|  0%| F|  |TAMS 0x0000000606000000, 0x0000000606000000| Untracked 
|   8|0x0000000606400000, 0x0000000606400000, 0x0000000606800000|  0%| F|  |TAMS 0x0000000606400000, 0x0000000606400000| Untracked 
|   9|0x0000000606800000, 0x0000000606800000, 0x0000000606c00000|  0%| F|  |TAMS 0x0000000606800000, 0x0000000606800000| Untracked 
|  10|0x0000000606c00000, 0x0000000606c00000, 0x0000000607000000|  0%| F|  |TAMS 0x0000000606c00000, 0x0000000606c00000| Untracked 
|  11|0x0000000607000000, 0x0000000607000000, 0x0000000607400000|  0%| F|  |TAMS 0x0000000607000000, 0x0000000607000000| Untracked 
|  12|0x0000000607400000, 0x0000000607400000, 0x0000000607800000|  0%| F|  |TAMS 0x0000000607400000, 0x0000000607400000| Untracked 
|  13|0x0000000607800000, 0x0000000607800000, 0x0000000607c00000|  0%| F|  |TAMS 0x0000000607800000, 0x0000000607800000| Untracked 
|  14|0x0000000607c00000, 0x0000000607c00000, 0x0000000608000000|  0%| F|  |TAMS 0x0000000607c00000, 0x0000000607c00000| Untracked 
|  15|0x0000000608000000, 0x0000000608000000, 0x0000000608400000|  0%| F|  |TAMS 0x0000000608000000, 0x0000000608000000| Untracked 
|  16|0x0000000608400000, 0x0000000608400000, 0x0000000608800000|  0%| F|  |TAMS 0x0000000608400000, 0x0000000608400000| Untracked 
|  17|0x0000000608800000, 0x0000000608800000, 0x0000000608c00000|  0%| F|  |TAMS 0x0000000608800000, 0x0000000608800000| Untracked 
|  18|0x0000000608c00000, 0x0000000608c00000, 0x0000000609000000|  0%| F|  |TAMS 0x0000000608c00000, 0x0000000608c00000| Untracked 
|  19|0x0000000609000000, 0x0000000609000000, 0x0000000609400000|  0%| F|  |TAMS 0x0000000609000000, 0x0000000609000000| Untracked 
|  20|0x0000000609400000, 0x0000000609400000, 0x0000000609800000|  0%| F|  |TAMS 0x0000000609400000, 0x0000000609400000| Untracked 
|  21|0x0000000609800000, 0x0000000609800000, 0x0000000609c00000|  0%| F|  |TAMS 0x0000000609800000, 0x0000000609800000| Untracked 
|  22|0x0000000609c00000, 0x0000000609c00000, 0x000000060a000000|  0%| F|  |TAMS 0x0000000609c00000, 0x0000000609c00000| Untracked 
|  23|0x000000060a000000, 0x000000060a000000, 0x000000060a400000|  0%| F|  |TAMS 0x000000060a000000, 0x000000060a000000| Untracked 
|  24|0x000000060a400000, 0x000000060a400000, 0x000000060a800000|  0%| F|  |TAMS 0x000000060a400000, 0x000000060a400000| Untracked 
|  25|0x000000060a800000, 0x000000060a800000, 0x000000060ac00000|  0%| F|  |TAMS 0x000000060a800000, 0x000000060a800000| Untracked 
|  26|0x000000060ac00000, 0x000000060ac00000, 0x000000060b000000|  0%| F|  |TAMS 0x000000060ac00000, 0x000000060ac00000| Untracked 
|  27|0x000000060b000000, 0x000000060b000000, 0x000000060b400000|  0%| F|  |TAMS 0x000000060b000000, 0x000000060b000000| Untracked 
|  28|0x000000060b400000, 0x000000060b400000, 0x000000060b800000|  0%| F|  |TAMS 0x000000060b400000, 0x000000060b400000| Untracked 
|  29|0x000000060b800000, 0x000000060b800000, 0x000000060bc00000|  0%| F|  |TAMS 0x000000060b800000, 0x000000060b800000| Untracked 
|  30|0x000000060bc00000, 0x000000060bc00000, 0x000000060c000000|  0%| F|  |TAMS 0x000000060bc00000, 0x000000060bc00000| Untracked 
|  31|0x000000060c000000, 0x000000060c000000, 0x000000060c400000|  0%| F|  |TAMS 0x000000060c000000, 0x000000060c000000| Untracked 
|  32|0x000000060c400000, 0x000000060c400000, 0x000000060c800000|  0%| F|  |TAMS 0x000000060c400000, 0x000000060c400000| Untracked 
|  33|0x000000060c800000, 0x000000060c800000, 0x000000060cc00000|  0%| F|  |TAMS 0x000000060c800000, 0x000000060c800000| Untracked 
|  34|0x000000060cc00000, 0x000000060cc00000, 0x000000060d000000|  0%| F|  |TAMS 0x000000060cc00000, 0x000000060cc00000| Untracked 
|  35|0x000000060d000000, 0x000000060d000000, 0x000000060d400000|  0%| F|  |TAMS 0x000000060d000000, 0x000000060d000000| Untracked 
|  36|0x000000060d400000, 0x000000060d400000, 0x000000060d800000|  0%| F|  |TAMS 0x000000060d400000, 0x000000060d400000| Untracked 
|  37|0x000000060d800000, 0x000000060d800000, 0x000000060dc00000|  0%| F|  |TAMS 0x000000060d800000, 0x000000060d800000| Untracked 
|  38|0x000000060dc00000, 0x000000060dc00000, 0x000000060e000000|  0%| F|  |TAMS 0x000000060dc00000, 0x000000060dc00000| Untracked 
|  39|0x000000060e000000, 0x000000060e000000, 0x000000060e400000|  0%| F|  |TAMS 0x000000060e000000, 0x000000060e000000| Untracked 
|  40|0x000000060e400000, 0x000000060e400000, 0x000000060e800000|  0%| F|  |TAMS 0x000000060e400000, 0x000000060e400000| Untracked 
|  41|0x000000060e800000, 0x000000060e800000, 0x000000060ec00000|  0%| F|  |TAMS 0x000000060e800000, 0x000000060e800000| Untracked 
|  42|0x000000060ec00000, 0x000000060ec00000, 0x000000060f000000|  0%| F|  |TAMS 0x000000060ec00000, 0x000000060ec00000| Untracked 
|  43|0x000000060f000000, 0x000000060f000000, 0x000000060f400000|  0%| F|  |TAMS 0x000000060f000000, 0x000000060f000000| Untracked 
|  44|0x000000060f400000, 0x000000060f400000, 0x000000060f800000|  0%| F|  |TAMS 0x000000060f400000, 0x000000060f400000| Untracked 
|  45|0x000000060f800000, 0x000000060f800000, 0x000000060fc00000|  0%| F|  |TAMS 0x000000060f800000, 0x000000060f800000| Untracked 
|  46|0x000000060fc00000, 0x000000060fc00000, 0x0000000610000000|  0%| F|  |TAMS 0x000000060fc00000, 0x000000060fc00000| Untracked 
|  47|0x0000000610000000, 0x0000000610000000, 0x0000000610400000|  0%| F|  |TAMS 0x0000000610000000, 0x0000000610000000| Untracked 
|  48|0x0000000610400000, 0x0000000610400000, 0x0000000610800000|  0%| F|  |TAMS 0x0000000610400000, 0x0000000610400000| Untracked 
|  49|0x0000000610800000, 0x0000000610800000, 0x0000000610c00000|  0%| F|  |TAMS 0x0000000610800000, 0x0000000610800000| Untracked 
|  50|0x0000000610c00000, 0x0000000610c00000, 0x0000000611000000|  0%| F|  |TAMS 0x0000000610c00000, 0x0000000610c00000| Untracked 
|  51|0x0000000611000000, 0x0000000611000000, 0x0000000611400000|  0%| F|  |TAMS 0x0000000611000000, 0x0000000611000000| Untracked 
|  52|0x0000000611400000, 0x0000000611400000, 0x0000000611800000|  0%| F|  |TAMS 0x0000000611400000, 0x0000000611400000| Untracked 
|  53|0x0000000611800000, 0x0000000611800000, 0x0000000611c00000|  0%| F|  |TAMS 0x0000000611800000, 0x0000000611800000| Untracked 
|  54|0x0000000611c00000, 0x0000000611c00000, 0x0000000612000000|  0%| F|  |TAMS 0x0000000611c00000, 0x0000000611c00000| Untracked 
|  55|0x0000000612000000, 0x0000000612000000, 0x0000000612400000|  0%| F|  |TAMS 0x0000000612000000, 0x0000000612000000| Untracked 
|  56|0x0000000612400000, 0x0000000612400000, 0x0000000612800000|  0%| F|  |TAMS 0x0000000612400000, 0x0000000612400000| Untracked 
|  57|0x0000000612800000, 0x0000000612800000, 0x0000000612c00000|  0%| F|  |TAMS 0x0000000612800000, 0x0000000612800000| Untracked 
|  58|0x0000000612c00000, 0x0000000612c00000, 0x0000000613000000|  0%| F|  |TAMS 0x0000000612c00000, 0x0000000612c00000| Untracked 
|  59|0x0000000613000000, 0x0000000613000000, 0x0000000613400000|  0%| F|  |TAMS 0x0000000613000000, 0x0000000613000000| Untracked 
|  60|0x0000000613400000, 0x0000000613400000, 0x0000000613800000|  0%| F|  |TAMS 0x0000000613400000, 0x0000000613400000| Untracked 
|  61|0x0000000613800000, 0x0000000613800000, 0x0000000613c00000|  0%| F|  |TAMS 0x0000000613800000, 0x0000000613800000| Untracked 
|  62|0x0000000613c00000, 0x0000000613c00000, 0x0000000614000000|  0%| F|  |TAMS 0x0000000613c00000, 0x0000000613c00000| Untracked 
|  63|0x0000000614000000, 0x0000000614000000, 0x0000000614400000|  0%| F|  |TAMS 0x0000000614000000, 0x0000000614000000| Untracked 
|  64|0x0000000614400000, 0x0000000614400000, 0x0000000614800000|  0%| F|  |TAMS 0x0000000614400000, 0x0000000614400000| Untracked 
|  65|0x0000000614800000, 0x0000000614800000, 0x0000000614c00000|  0%| F|  |TAMS 0x0000000614800000, 0x0000000614800000| Untracked 
|  66|0x0000000614c00000, 0x0000000614c00000, 0x0000000615000000|  0%| F|  |TAMS 0x0000000614c00000, 0x0000000614c00000| Untracked 
|  67|0x0000000615000000, 0x0000000615000000, 0x0000000615400000|  0%| F|  |TAMS 0x0000000615000000, 0x0000000615000000| Untracked 
|  68|0x0000000615400000, 0x0000000615400000, 0x0000000615800000|  0%| F|  |TAMS 0x0000000615400000, 0x0000000615400000| Untracked 
|  69|0x0000000615800000, 0x0000000615800000, 0x0000000615c00000|  0%| F|  |TAMS 0x0000000615800000, 0x0000000615800000| Untracked 
|  70|0x0000000615c00000, 0x0000000615c00000, 0x0000000616000000|  0%| F|  |TAMS 0x0000000615c00000, 0x0000000615c00000| Untracked 
|  71|0x0000000616000000, 0x0000000616000000, 0x0000000616400000|  0%| F|  |TAMS 0x0000000616000000, 0x0000000616000000| Untracked 
|  72|0x0000000616400000, 0x0000000616400000, 0x0000000616800000|  0%| F|  |TAMS 0x0000000616400000, 0x0000000616400000| Untracked 
|  73|0x0000000616800000, 0x0000000616800000, 0x0000000616c00000|  0%| F|  |TAMS 0x0000000616800000, 0x0000000616800000| Untracked 
|  74|0x0000000616c00000, 0x0000000616c00000, 0x0000000617000000|  0%| F|  |TAMS 0x0000000616c00000, 0x0000000616c00000| Untracked 
|  75|0x0000000617000000, 0x0000000617000000, 0x0000000617400000|  0%| F|  |TAMS 0x0000000617000000, 0x0000000617000000| Untracked 
|  76|0x0000000617400000, 0x0000000617400000, 0x0000000617800000|  0%| F|  |TAMS 0x0000000617400000, 0x0000000617400000| Untracked 
|  77|0x0000000617800000, 0x0000000617800000, 0x0000000617c00000|  0%| F|  |TAMS 0x0000000617800000, 0x0000000617800000| Untracked 
|  78|0x0000000617c00000, 0x0000000617c00000, 0x0000000618000000|  0%| F|  |TAMS 0x0000000617c00000, 0x0000000617c00000| Untracked 
|  79|0x0000000618000000, 0x0000000618000000, 0x0000000618400000|  0%| F|  |TAMS 0x0000000618000000, 0x0000000618000000| Untracked 
|  80|0x0000000618400000, 0x0000000618400000, 0x0000000618800000|  0%| F|  |TAMS 0x0000000618400000, 0x0000000618400000| Untracked 
|  81|0x0000000618800000, 0x0000000618800000, 0x0000000618c00000|  0%| F|  |TAMS 0x0000000618800000, 0x0000000618800000| Untracked 
|  82|0x0000000618c00000, 0x0000000618c00000, 0x0000000619000000|  0%| F|  |TAMS 0x0000000618c00000, 0x0000000618c00000| Untracked 
|  83|0x0000000619000000, 0x0000000619000000, 0x0000000619400000|  0%| F|  |TAMS 0x0000000619000000, 0x0000000619000000| Untracked 
|  84|0x0000000619400000, 0x0000000619400000, 0x0000000619800000|  0%| F|  |TAMS 0x0000000619400000, 0x0000000619400000| Untracked 
|  85|0x0000000619800000, 0x0000000619800000, 0x0000000619c00000|  0%| F|  |TAMS 0x0000000619800000, 0x0000000619800000| Untracked 
|  86|0x0000000619c00000, 0x0000000619c00000, 0x000000061a000000|  0%| F|  |TAMS 0x0000000619c00000, 0x0000000619c00000| Untracked 
|  87|0x000000061a000000, 0x000000061a000000, 0x000000061a400000|  0%| F|  |TAMS 0x000000061a000000, 0x000000061a000000| Untracked 
|  88|0x000000061a400000, 0x000000061a400000, 0x000000061a800000|  0%| F|  |TAMS 0x000000061a400000, 0x000000061a400000| Untracked 
|  89|0x000000061a800000, 0x000000061a800000, 0x000000061ac00000|  0%| F|  |TAMS 0x000000061a800000, 0x000000061a800000| Untracked 
|  90|0x000000061ac00000, 0x000000061ac00000, 0x000000061b000000|  0%| F|  |TAMS 0x000000061ac00000, 0x000000061ac00000| Untracked 
|  91|0x000000061b000000, 0x000000061b000000, 0x000000061b400000|  0%| F|  |TAMS 0x000000061b000000, 0x000000061b000000| Untracked 
|  92|0x000000061b400000, 0x000000061b400000, 0x000000061b800000|  0%| F|  |TAMS 0x000000061b400000, 0x000000061b400000| Untracked 
|  93|0x000000061b800000, 0x000000061b800000, 0x000000061bc00000|  0%| F|  |TAMS 0x000000061b800000, 0x000000061b800000| Untracked 
|  94|0x000000061bc00000, 0x000000061bc00000, 0x000000061c000000|  0%| F|  |TAMS 0x000000061bc00000, 0x000000061bc00000| Untracked 
|  95|0x000000061c000000, 0x000000061c000000, 0x000000061c400000|  0%| F|  |TAMS 0x000000061c000000, 0x000000061c000000| Untracked 
|  96|0x000000061c400000, 0x000000061c400000, 0x000000061c800000|  0%| F|  |TAMS 0x000000061c400000, 0x000000061c400000| Untracked 
|  97|0x000000061c800000, 0x000000061c800000, 0x000000061cc00000|  0%| F|  |TAMS 0x000000061c800000, 0x000000061c800000| Untracked 
|  98|0x000000061cc00000, 0x000000061cc00000, 0x000000061d000000|  0%| F|  |TAMS 0x000000061cc00000, 0x000000061cc00000| Untracked 
|  99|0x000000061d000000, 0x000000061d000000, 0x000000061d400000|  0%| F|  |TAMS 0x000000061d000000, 0x000000061d000000| Untracked 
| 100|0x000000061d400000, 0x000000061d400000, 0x000000061d800000|  0%| F|  |TAMS 0x000000061d400000, 0x000000061d400000| Untracked 
| 101|0x000000061d800000, 0x000000061d800000, 0x000000061dc00000|  0%| F|  |TAMS 0x000000061d800000, 0x000000061d800000| Untracked 
| 102|0x000000061dc00000, 0x000000061dc00000, 0x000000061e000000|  0%| F|  |TAMS 0x000000061dc00000, 0x000000061dc00000| Untracked 
| 103|0x000000061e000000, 0x000000061e000000, 0x000000061e400000|  0%| F|  |TAMS 0x000000061e000000, 0x000000061e000000| Untracked 
| 104|0x000000061e400000, 0x000000061e400000, 0x000000061e800000|  0%| F|  |TAMS 0x000000061e400000, 0x000000061e400000| Untracked 
| 105|0x000000061e800000, 0x000000061e800000, 0x000000061ec00000|  0%| F|  |TAMS 0x000000061e800000, 0x000000061e800000| Untracked 
| 106|0x000000061ec00000, 0x000000061ec00000, 0x000000061f000000|  0%| F|  |TAMS 0x000000061ec00000, 0x000000061ec00000| Untracked 
| 107|0x000000061f000000, 0x000000061f000000, 0x000000061f400000|  0%| F|  |TAMS 0x000000061f000000, 0x000000061f000000| Untracked 
| 108|0x000000061f400000, 0x000000061f400000, 0x000000061f800000|  0%| F|  |TAMS 0x000000061f400000, 0x000000061f400000| Untracked 
| 109|0x000000061f800000, 0x000000061f800000, 0x000000061fc00000|  0%| F|  |TAMS 0x000000061f800000, 0x000000061f800000| Untracked 
| 110|0x000000061fc00000, 0x000000061fc00000, 0x0000000620000000|  0%| F|  |TAMS 0x000000061fc00000, 0x000000061fc00000| Untracked 
| 111|0x0000000620000000, 0x0000000620000000, 0x0000000620400000|  0%| F|  |TAMS 0x0000000620000000, 0x0000000620000000| Untracked 
| 112|0x0000000620400000, 0x0000000620400000, 0x0000000620800000|  0%| F|  |TAMS 0x0000000620400000, 0x0000000620400000| Untracked 
| 113|0x0000000620800000, 0x0000000620800000, 0x0000000620c00000|  0%| F|  |TAMS 0x0000000620800000, 0x0000000620800000| Untracked 
| 114|0x0000000620c00000, 0x0000000620c00000, 0x0000000621000000|  0%| F|  |TAMS 0x0000000620c00000, 0x0000000620c00000| Untracked 
| 115|0x0000000621000000, 0x0000000621000000, 0x0000000621400000|  0%| F|  |TAMS 0x0000000621000000, 0x0000000621000000| Untracked 
| 116|0x0000000621400000, 0x0000000621400000, 0x0000000621800000|  0%| F|  |TAMS 0x0000000621400000, 0x0000000621400000| Untracked 
| 117|0x0000000621800000, 0x0000000621800000, 0x0000000621c00000|  0%| F|  |TAMS 0x0000000621800000, 0x0000000621800000| Untracked 
| 118|0x0000000621c00000, 0x0000000621c00000, 0x0000000622000000|  0%| F|  |TAMS 0x0000000621c00000, 0x0000000621c00000| Untracked 
| 119|0x0000000622000000, 0x0000000622000000, 0x0000000622400000|  0%| F|  |TAMS 0x0000000622000000, 0x0000000622000000| Untracked 
| 120|0x0000000622400000, 0x0000000622400000, 0x0000000622800000|  0%| F|  |TAMS 0x0000000622400000, 0x0000000622400000| Untracked 
| 121|0x0000000622800000, 0x0000000622800000, 0x0000000622c00000|  0%| F|  |TAMS 0x0000000622800000, 0x0000000622800000| Untracked 
| 122|0x0000000622c00000, 0x0000000622c00000, 0x0000000623000000|  0%| F|  |TAMS 0x0000000622c00000, 0x0000000622c00000| Untracked 
| 123|0x0000000623000000, 0x0000000623000000, 0x0000000623400000|  0%| F|  |TAMS 0x0000000623000000, 0x0000000623000000| Untracked 
| 124|0x0000000623400000, 0x0000000623400000, 0x0000000623800000|  0%| F|  |TAMS 0x0000000623400000, 0x0000000623400000| Untracked 
| 125|0x0000000623800000, 0x0000000623a47e58, 0x0000000623c00000| 57%| E|  |TAMS 0x0000000623800000, 0x0000000623800000| Complete 
| 126|0x0000000623c00000, 0x0000000624000000, 0x0000000624000000|100%| E|CS|TAMS 0x0000000623c00000, 0x0000000623c00000| Complete 

Card table byte_map: [0x00000211dd260000,0x00000211de240000] _byte_map_base: 0x00000211da23e000

Marking Bits (Prev, Next): (CMBitMap*) 0x00000211c56373e0, (CMBitMap*) 0x00000211c5637420
 Prev Bits: [0x00000211df220000, 0x00000211e7110000)
 Next Bits: [0x00000211e7110000, 0x00000211ef000000)

Polling page: 0x00000211c3340000

Metaspace:

Usage:
  Non-class:    610.70 KB used.
      Class:     33.70 KB used.
       Both:    644.40 KB used.

Virtual space:
  Non-class space:       64.00 MB reserved,     704.00 KB (  1%) committed,  1 nodes.
      Class space:        1.00 GB reserved,     128.00 KB ( <1%) committed,  1 nodes.
             Both:        1.06 GB reserved,     832.00 KB ( <1%) committed. 

Chunk freelists:
   Non-Class:  11.98 MB
       Class:  15.74 MB
        Both:  27.73 MB

MaxMetaspaceSize: unlimited
CompressedClassSpaceSize: 1.00 GB
Initial GC threshold: 21.00 MB
Current GC threshold: 21.00 MB
CDS: on
MetaspaceReclaimPolicy: balanced
 - commit_granule_bytes: 65536.
 - commit_granule_words: 8192.
 - virtual_space_node_default_size: 8388608.
 - enlarge_chunks_in_place: 1.
 - new_chunks_are_fully_committed: 0.
 - uncommit_free_chunks: 1.
 - use_allocation_guard: 0.
 - handle_deallocations: 1.


Internal statistics:

num_allocs_failed_limit: 0.
num_arena_births: 8.
num_arena_deaths: 0.
num_vsnodes_births: 2.
num_vsnodes_deaths: 0.
num_space_committed: 13.
num_space_uncommitted: 0.
num_chunks_returned_to_freelist: 0.
num_chunks_taken_from_freelist: 12.
num_chunk_merges: 0.
num_chunk_splits: 7.
num_chunks_enlarged: 3.
num_inconsistent_stats: 0.

CodeHeap 'non-profiled nmethods': size=120000Kb used=107Kb max_used=107Kb free=119892Kb
 bounds [0x00000211d4910000, 0x00000211d4b80000, 0x00000211dbe40000]
CodeHeap 'profiled nmethods': size=120000Kb used=401Kb max_used=401Kb free=119599Kb
 bounds [0x00000211cce40000, 0x00000211cd0b0000, 0x00000211d4370000]
CodeHeap 'non-nmethods': size=5760Kb used=1125Kb max_used=1138Kb free=4634Kb
 bounds [0x00000211d4370000, 0x00000211d45e0000, 0x00000211d4910000]
 total_blobs=717 nmethods=325 adapters=305
 compilation: enabled
              stopped_count=0, restarted_count=0
 full_count=0

Compilation events (20 events):
Event: 0.219 Thread 0x00000211f1bbdcd0  316       3       java.lang.StringLatin1::indexOf (121 bytes)
Event: 0.220 Thread 0x00000211f1bbdcd0 nmethod 316 0x00000211cce9ec10 code [0x00000211cce9ede0, 0x00000211cce9f2d8]
Event: 0.220 Thread 0x00000211f1bbdcd0  317   !   3       java.util.zip.ZipFile$Source::getEntryPos (181 bytes)
Event: 0.220 Thread 0x00000211f1bbdcd0 nmethod 317 0x00000211cce9f510 code [0x00000211cce9f800, 0x00000211ccea0928]
Event: 0.220 Thread 0x00000211f1bbdcd0  318   !   3       java.util.zip.ZipFile::getEntry (59 bytes)
Event: 0.221 Thread 0x00000211f1bbdcd0 nmethod 318 0x00000211ccea1390 code [0x00000211ccea1580, 0x00000211ccea19f8]
Event: 0.221 Thread 0x00000211f1bbdcd0  320       3       java.util.zip.ZipCoder::hash (36 bytes)
Event: 0.221 Thread 0x00000211f1bbdcd0 nmethod 320 0x00000211ccea1c90 code [0x00000211ccea1ea0, 0x00000211ccea25c8]
Event: 0.221 Thread 0x00000211f1bbdcd0  319       3       java.util.WeakHashMap::maskNull (12 bytes)
Event: 0.221 Thread 0x00000211f1bbdcd0 nmethod 319 0x00000211ccea2910 code [0x00000211ccea2aa0, 0x00000211ccea2bd8]
Event: 0.232 Thread 0x00000211f1bbdcd0  321       3       java.lang.StringUTF16::getChar (60 bytes)
Event: 0.232 Thread 0x00000211f1bbdcd0 nmethod 321 0x00000211ccea2c90 code [0x00000211ccea2e20, 0x00000211ccea2f98]
Event: 0.233 Thread 0x00000211f1bbdcd0  322       3       java.lang.invoke.MemberName::isInvocable (8 bytes)
Event: 0.233 Thread 0x00000211f1bbdcd0 nmethod 322 0x00000211ccea3090 code [0x00000211ccea3240, 0x00000211ccea34d8]
Event: 0.233 Thread 0x00000211f1bbdcd0  323       3       java.lang.invoke.MemberName::testAnyFlags (15 bytes)
Event: 0.234 Thread 0x00000211f1bbdcd0 nmethod 323 0x00000211ccea3610 code [0x00000211ccea37c0, 0x00000211ccea39f8]
Event: 0.234 Thread 0x00000211f1dc11b0  326       4       java.lang.StringLatin1::charAt (28 bytes)
Event: 0.234 Thread 0x00000211f1bbdcd0  325       3       java.lang.String::charAt (25 bytes)
Event: 0.234 Thread 0x00000211f1bbdcd0 nmethod 325 0x00000211ccea3a90 code [0x00000211ccea3c80, 0x00000211ccea41b8]
Event: 0.235 Thread 0x00000211f1dc11b0 nmethod 326 0x00000211d492ac90 code [0x00000211d492ae00, 0x00000211d492ae98]

GC Heap History (0 events):
No events

Deoptimization events (14 events):
Event: 0.180 Thread 0x00000211c55cd9b0 DEOPT PACKING pc=0x00000211cce49be7 sp=0x000000fcfe5fde70
Event: 0.180 Thread 0x00000211c55cd9b0 DEOPT UNPACKING pc=0x00000211d43c66e3 sp=0x000000fcfe5fd290 mode 0
Event: 0.186 Thread 0x00000211c55cd9b0 Uncommon trap: trap_request=0xffffff45 fr.pc=0x00000211d491dd60 relative=0x0000000000000880
Event: 0.186 Thread 0x00000211c55cd9b0 Uncommon trap: reason=unstable_if action=reinterpret pc=0x00000211d491dd60 method=java.util.HashMap.putVal(ILjava/lang/Object;Ljava/lang/Object;ZZ)Ljava/lang/Object; @ 181 c2
Event: 0.186 Thread 0x00000211c55cd9b0 DEOPT PACKING pc=0x00000211d491dd60 sp=0x000000fcfe5fe9b0
Event: 0.186 Thread 0x00000211c55cd9b0 DEOPT UNPACKING pc=0x00000211d43c5ba3 sp=0x000000fcfe5fe950 mode 2
Event: 0.213 Thread 0x00000211c55cd9b0 Uncommon trap: trap_request=0xffffff45 fr.pc=0x00000211d4922694 relative=0x0000000000000174
Event: 0.213 Thread 0x00000211c55cd9b0 Uncommon trap: reason=unstable_if action=reinterpret pc=0x00000211d4922694 method=java.util.zip.ZipFile$Source.isMetaName([BII)Z @ 43 c2
Event: 0.213 Thread 0x00000211c55cd9b0 DEOPT PACKING pc=0x00000211d4922694 sp=0x000000fcfe5fe100
Event: 0.213 Thread 0x00000211c55cd9b0 DEOPT UNPACKING pc=0x00000211d43c5ba3 sp=0x000000fcfe5fe0a8 mode 2
Event: 0.232 Thread 0x00000211c55cd9b0 Uncommon trap: trap_request=0xffffff45 fr.pc=0x00000211d49115f8 relative=0x0000000000000078
Event: 0.232 Thread 0x00000211c55cd9b0 Uncommon trap: reason=unstable_if action=reinterpret pc=0x00000211d49115f8 method=java.lang.String.isLatin1()Z @ 10 c2
Event: 0.232 Thread 0x00000211c55cd9b0 DEOPT PACKING pc=0x00000211d49115f8 sp=0x000000fcfe5fef90
Event: 0.232 Thread 0x00000211c55cd9b0 DEOPT UNPACKING pc=0x00000211d43c5ba3 sp=0x000000fcfe5feed0 mode 2

Classes unloaded (0 events):
No events

Classes redefined (4 events):
Event: 0.226 Thread 0x00000211ef28ebc0 redefined class name=java.io.FileOutputStream, count=1
Event: 0.228 Thread 0x00000211ef28ebc0 redefined class name=java.nio.file.Files, count=1
Event: 0.230 Thread 0x00000211ef28ebc0 redefined class name=java.io.File, count=1
Event: 0.231 Thread 0x00000211ef28ebc0 redefined class name=java.net.URLStreamHandler, count=1

Internal exceptions (1 events):
Event: 0.234 Thread 0x00000211f1f0e1c0 Exception <a 'java/lang/NoSuchMethodError'{0x00000006239564a8}: 'java.lang.Object java.lang.invoke.DirectMethodHandle$Holder.invokeStaticInit(java.lang.Object)'> (0x00000006239564a8) 
thrown [s\open\src\hotspot\share\interpreter\linkResolver.cpp, line 759]

VM Operations (10 events):
Event: 0.225 Executing VM operation: RedefineClasses
Event: 0.227 Executing VM operation: RedefineClasses done
Event: 0.228 Executing VM operation: RedefineClasses
Event: 0.229 Executing VM operation: RedefineClasses done
Event: 0.230 Executing VM operation: RedefineClasses
Event: 0.230 Executing VM operation: RedefineClasses done
Event: 0.231 Executing VM operation: RedefineClasses
Event: 0.231 Executing VM operation: RedefineClasses done
Event: 0.233 Executing VM operation: HandshakeAllThreads
Event: 0.233 Executing VM operation: HandshakeAllThreads done

Events (20 events):
Event: 0.225 loading class java/lang/WeakPairMap$Pair$Weak$1 done
Event: 0.231 loading class java/net/Socket done
Event: 0.231 Thread 0x00000211f63454e0 Thread added: 0x00000211f63454e0
Event: 0.232 loading class java/net/InetSocketAddress
Event: 0.232 loading class java/net/SocketAddress
Event: 0.232 loading class java/net/SocketAddress done
Event: 0.232 loading class java/net/InetSocketAddress done
Event: 0.233 loading class jdk/internal/loader/URLClassPath$FileLoader$1
Event: 0.233 loading class jdk/internal/loader/URLClassPath$FileLoader$1 done
Event: 0.234 loading class java/net/InetSocketAddress$InetSocketAddressHolder
Event: 0.234 loading class java/net/InetSocketAddress$InetSocketAddressHolder done
Event: 0.234 loading class java/net/SocketImpl
Event: 0.234 loading class java/net/SocketOptions
Event: 0.234 loading class java/net/SocketOptions done
Event: 0.234 loading class java/net/SocketImpl done
Event: 0.234 loading class java/util/regex/Pattern$BnM
Event: 0.234 loading class java/util/regex/Pattern$BnM done
Event: 0.234 Thread 0x00000211c55cd9b0 Thread exited: 0x00000211c55cd9b0
Event: 0.234 Thread 0x00000211c55cd9b0 Thread added: 0x00000211c55cd9b0
Event: 0.235 Thread 0x00000211c55cd9b0 Thread exited: 0x00000211c55cd9b0


Dynamic libraries:
0x00007ff6852b0000 - 0x00007ff6852c0000 	C:\Program Files\Java\jdk-17\bin\java.exe
0x00007ffa85df0000 - 0x00007ffa86007000 	C:\WINDOWS\SYSTEM32\ntdll.dll
0x00007ffa85b30000 - 0x00007ffa85bf4000 	C:\WINDOWS\System32\KERNEL32.DLL
0x00007ffa85780000 - 0x00007ffa85b2c000 	C:\WINDOWS\System32\KERNELBASE.dll
0x0000000070b60000 - 0x0000000070b9c000 	C:\WINDOWS\System32\cyinjct.dll
0x00007ffa85610000 - 0x00007ffa85619000 	C:\WINDOWS\System32\ntnativeapi.dll
0x00007ffa7c460000 - 0x00007ffa7c479000 	C:\Program Files\Java\jdk-17\bin\jli.dll
0x00007ffa85460000 - 0x00007ffa85512000 	C:\WINDOWS\System32\ADVAPI32.dll
0x00007ffa83660000 - 0x00007ffa83707000 	C:\WINDOWS\System32\msvcrt.dll
0x00007ffa853b0000 - 0x00007ffa8545a000 	C:\WINDOWS\System32\sechost.dll
0x00007ffa834a0000 - 0x00007ffa834c8000 	C:\WINDOWS\System32\bcrypt.dll
0x00007ffa85660000 - 0x00007ffa85775000 	C:\WINDOWS\System32\RPCRT4.dll
0x00000211c3000000 - 0x00000211c31ae000 	C:\WINDOWS\System32\USER32.dll
0x00007ffa830a0000 - 0x00007ffa830c6000 	C:\WINDOWS\System32\win32u.dll
0x00007ffa84020000 - 0x00007ffa84049000 	C:\WINDOWS\System32\GDI32.dll
0x00007ffa83240000 - 0x00007ffa83359000 	C:\WINDOWS\System32\gdi32full.dll
0x00007ffa83000000 - 0x00007ffa8309a000 	C:\WINDOWS\System32\msvcp_win.dll
0x00000211c31b0000 - 0x00000211c32c1000 	C:\WINDOWS\System32\ucrtbase.dll
0x00007ffa68f60000 - 0x00007ffa68f7b000 	C:\Program Files\Java\jdk-17\bin\VCRUNTIME140.dll
0x00007ffa69470000 - 0x00007ffa69703000 	C:\WINDOWS\WinSxS\amd64_microsoft.windows.common-controls_6595b64144ccf1df_6.0.22621.3672_none_2713b9d173822955\COMCTL32.dll
0x00007ffa72870000 - 0x00007ffa7287a000 	C:\WINDOWS\SYSTEM32\VERSION.dll
0x00007ffa855f0000 - 0x00007ffa8560e000 	C:\WINDOWS\System32\cyvera.dll
0x00007ffa85580000 - 0x00007ffa855f0000 	C:\WINDOWS\System32\cyvrtrap.dll
0x00007ffa83f20000 - 0x00007ffa83f51000 	C:\WINDOWS\System32\IMM32.DLL
0x00007ffa73c00000 - 0x00007ffa73c0c000 	C:\Program Files\Java\jdk-17\bin\vcruntime140_1.dll
0x00007ffa3a8e0000 - 0x00007ffa3a96e000 	C:\Program Files\Java\jdk-17\bin\msvcp140.dll
0x00007ff9c71f0000 - 0x00007ff9c7dd0000 	C:\Program Files\Java\jdk-17\bin\server\jvm.dll
0x00007ffa84b60000 - 0x00007ffa84b68000 	C:\WINDOWS\System32\PSAPI.DLL
0x00007ffa55d10000 - 0x00007ffa55d19000 	C:\WINDOWS\SYSTEM32\WSOCK32.dll
0x00007ffa84b70000 - 0x00007ffa84be1000 	C:\WINDOWS\System32\WS2_32.dll
0x00007ffa74cb0000 - 0x00007ffa74ce4000 	C:\WINDOWS\SYSTEM32\WINMM.dll
0x00007ffa81f00000 - 0x00007ffa81f18000 	C:\WINDOWS\SYSTEM32\kernel.appcore.dll
0x00007ffa68f50000 - 0x00007ffa68f5a000 	C:\Program Files\Java\jdk-17\bin\jimage.dll
0x00007ffa80710000 - 0x00007ffa80942000 	C:\WINDOWS\SYSTEM32\DBGHELP.DLL
0x00007ffa84de0000 - 0x00007ffa85168000 	C:\WINDOWS\System32\combase.dll
0x00007ffa84050000 - 0x00007ffa84127000 	C:\WINDOWS\System32\OLEAUT32.dll
0x00007ffa55f70000 - 0x00007ffa55fa2000 	C:\WINDOWS\SYSTEM32\dbgcore.DLL
0x00007ffa83420000 - 0x00007ffa8349b000 	C:\WINDOWS\System32\bcryptPrimitives.dll
0x00007ffa7aef0000 - 0x00007ffa7aefe000 	C:\Program Files\Java\jdk-17\bin\instrument.dll
0x00007ffa63850000 - 0x00007ffa63875000 	C:\Program Files\Java\jdk-17\bin\java.dll
0x00007ffa85540000 - 0x00007ffa85577000 	C:\Program Files\Palo Alto Networks\Traps\cyjagent.dll
0x00007ffa23e40000 - 0x00007ffa23f17000 	C:\Program Files\Java\jdk-17\bin\jsvml.dll
0x00007ffa84140000 - 0x00007ffa8499c000 	C:\WINDOWS\System32\SHELL32.dll
0x00007ffa80c30000 - 0x00007ffa81527000 	C:\WINDOWS\SYSTEM32\windows.storage.dll
0x00007ffa80af0000 - 0x00007ffa80c2f000 	C:\WINDOWS\SYSTEM32\wintypes.dll
0x00007ffa83840000 - 0x00007ffa83934000 	C:\WINDOWS\System32\SHCORE.dll
0x00007ffa84c20000 - 0x00007ffa84c7e000 	C:\WINDOWS\System32\shlwapi.dll
0x00007ffa82f30000 - 0x00007ffa82f51000 	C:\WINDOWS\SYSTEM32\profapi.dll
0x00007ffa63de0000 - 0x00007ffa63df8000 	C:\Program Files\Java\jdk-17\bin\zip.dll
0x00007ffa64680000 - 0x00007ffa64699000 	C:\Program Files\Java\jdk-17\bin\net.dll
0x00007ffa81f20000 - 0x00007ffa82056000 	C:\WINDOWS\SYSTEM32\WINHTTP.dll
0x00007ffa824a0000 - 0x00007ffa82509000 	C:\WINDOWS\system32\mswsock.dll
0x00007ffa63e60000 - 0x00007ffa63e76000 	C:\Program Files\Java\jdk-17\bin\nio.dll
0x00007ffa66860000 - 0x00007ffa6687a000 	C:\Program Files\JetBrains\IntelliJ IDEA Community Edition 2023.1.2\bin\breakgen64.dll

dbghelp: loaded successfully - version: 4.0.5 - missing functions: none
symbol engine: initialized successfully - sym options: 0x614 - pdb path: .;C:\Program Files\Java\jdk-17\bin;C:\WINDOWS\SYSTEM32;C:\WINDOWS\WinSxS\amd64_microsoft.windows.common-controls_6595b64144ccf1df_6.0.22621.3672_none_2713b9d173822955;C:\Program Files\Java\jdk-17\bin\server;C:\Program Files\Palo Alto Networks\Traps;C:\Program Files\JetBrains\IntelliJ IDEA Community Edition 2023.1.2\bin

VM Arguments:
jvm_args: -javaagent:C:\Program Files\JetBrains\IntelliJ IDEA Community Edition 2023.1.2\lib\idea_rt.jar=51616:C:\Program Files\JetBrains\IntelliJ IDEA Community Edition 2023.1.2\bin -Dfile.encoding=UTF-8 -agentpath:C:\Program Files\Palo Alto Networks\Traps\cyjagent.dll 
java_command: Practise10
java_class_path (initial): C:\Users\SV110696\Documents\LearningAutomation\target\test-classes;C:\Users\SV110696\Documents\LearningAutomation\target\classes;C:\Users\SV110696\.m2\repository\org\seleniumhq\selenium\selenium-java\4.9.1\selenium-java-4.9.1.jar;C:\Users\SV110696\.m2\repository\org\seleniumhq\selenium\selenium-api\4.9.1\selenium-api-4.9.1.jar;C:\Users\SV110696\.m2\repository\org\seleniumhq\selenium\selenium-chrome-driver\4.9.1\selenium-chrome-driver-4.9.1.jar;C:\Users\SV110696\.m2\repository\com\google\auto\service\auto-service-annotations\1.0.1\auto-service-annotations-1.0.1.jar;C:\Users\SV110696\.m2\repository\com\google\auto\service\auto-service\1.0.1\auto-service-1.0.1.jar;C:\Users\SV110696\.m2\repository\com\google\auto\auto-common\1.2\auto-common-1.2.jar;C:\Users\SV110696\.m2\repository\com\google\guava\guava\31.1-jre\guava-31.1-jre.jar;C:\Users\SV110696\.m2\repository\com\google\guava\failureaccess\1.0.1\failureaccess-1.0.1.jar;C:\Users\SV110696\.m2\repository\com\google\guava\listenablefuture\9999.0-empty-to-avoid-conflict-with-guava\listenablefuture-9999.0-empty-to-avoid-conflict-with-guava.jar;C:\Users\SV110696\.m2\repository\com\google\code\findbugs\jsr305\3.0.2\jsr305-3.0.2.jar;C:\Users\SV110696\.m2\repository\org\checkerframework\checker-qual\3.12.0\checker-qual-3.12.0.jar;C:\Users\SV110696\.m2\repository\com\google\errorprone\error_prone_annotations\2.11.0\error_prone_annotations-2.11.0.jar;C:\Users\SV110696\.m2\repository\com\google\j2objc\j2objc-annotations\1.3\j2objc-annotations-1.3.jar;C:\Users\SV110696\.m2\repository\org\seleniumhq\selenium\selenium-chromium-driver\4.9.1\selenium-chromium-driver-4.9.1.jar;C:\Users\SV110696\.m2\repository\org\seleniumhq\selenium\selenium-json\4.9.1\selenium-json-4.9.1.jar;C:\Users\SV110696\.m2\repository\org\seleniumhq\selenium\selenium-manager\4.9.1\selenium-manager-4.9.1.jar;C:\Users\SV110696\.m2\repository\org\seleniumhq\selenium\selenium-devtools-v111\4.9.1\selenium-devtools-v111-4.9.1.jar;C:\Users
Launcher Type: SUN_STANDARD

[Global flags]
     intx CICompilerCount                          = 4                                         {product} {ergonomic}
     uint ConcGCThreads                            = 2                                         {product} {ergonomic}
     uint G1ConcRefinementThreads                  = 8                                         {product} {ergonomic}
   size_t G1HeapRegionSize                         = 4194304                                   {product} {ergonomic}
    uintx GCDrainStackTargetSize                   = 64                                        {product} {ergonomic}
   size_t InitialHeapSize                          = 532676608                                 {product} {ergonomic}
   size_t MarkStackSize                            = 4194304                                   {product} {ergonomic}
   size_t MaxHeapSize                              = 8518631424                                {product} {ergonomic}
   size_t MaxNewSize                               = 5108662272                                {product} {ergonomic}
   size_t MinHeapDeltaBytes                        = 4194304                                   {product} {ergonomic}
   size_t MinHeapSize                              = 8388608                                   {product} {ergonomic}
    uintx NonNMethodCodeHeapSize                   = 5839372                                {pd product} {ergonomic}
    uintx NonProfiledCodeHeapSize                  = 122909434                              {pd product} {ergonomic}
    uintx ProfiledCodeHeapSize                     = 122909434                              {pd product} {ergonomic}
    uintx ReservedCodeCacheSize                    = 251658240                              {pd product} {ergonomic}
     bool SegmentedCodeCache                       = true                                      {product} {ergonomic}
   size_t SoftMaxHeapSize                          = 8518631424                             {manageable} {ergonomic}
     bool UseCompressedClassPointers               = true                           {product lp64_product} {ergonomic}
     bool UseCompressedOops                        = true                           {product lp64_product} {ergonomic}
     bool UseG1GC                                  = true                                      {product} {ergonomic}
     bool UseLargePagesIndividualAllocation        = false                                  {pd product} {ergonomic}

Logging:
Log output configuration:
 #0: stdout all=warning uptime,level,tags
 #1: stderr all=off uptime,level,tags

Environment Variables:
JAVA_HOME=C:\Program Files\Java\jdk-17
PATH=C:\Program Files\Common Files\Oracle\Java\javapath;C:\WINDOWS\system32;C:\WINDOWS;C:\WINDOWS\System32\Wbem;C:\WINDOWS\System32\WindowsPowerShell\v1.0\;C:\WINDOWS\System32\OpenSSH\;C:\Program Files\dotnet\;C:\Program Files\Microsoft SQL Server\150\Tools\Binn\;C:\Program Files\Microsoft SQL Server\Client SDK\ODBC\170\Tools\Binn\;C:\Program Files\Perforce\;C:\Program Files\apache-maven-3.9.1\bin;C:\Program Files\apache-maven-3.9.1\bin;C:\Program Files\nodejs\;C:\Program Files\Java\jdk-11\bin;C:\Program Files\PuTTY\;C:\Program Files\k6\;C:\Program Files\Docker\Docker\resources\bin;C:\Program Files\Git\cmd;C:\Users\SV110696\AppData\Local\Microsoft\WindowsApps;C:\Users\SV110696\AppData\Local\Google\Cloud SDK\google-cloud-sdk\bin;C:\Program Files\Java\jdk-19;C:\Program Files\apache-maven-3.9.1\bin;C:\Users\SV110696\Downloads\apache-maven-3.9.1-bin\apache-maven-3.9.1\bin;C:\Users\SV110696\AppData\Roaming\npm;C:\Users\SV110696\.dotnet\tools;C:\Users\SV110696\AppData\Local\Programs\Microsoft VS Code\bin;
USERNAME=SV110696
OS=Windows_NT
PROCESSOR_IDENTIFIER=Intel64 Family 6 Model 140 Stepping 1, GenuineIntel



---------------  S Y S T E M  ---------------

OS:
 Windows 11 , 64 bit Build 22621 (10.0.22621.3672)
OS uptime: 1 days 14:02 hours
Hyper-V role detected

CPU: total 8 (initial active 8) (4 cores per cpu, 2 threads per core) family 6 model 140 stepping 1 microcode 0xac, cx8, cmov, fxsr, ht, mmx, 3dnowpref, sse, sse2, sse3, ssse3, sse4.1, sse4.2, popcnt, lzcnt, tsc, tscinvbit, avx, avx2, aes, erms, clmul, bmi1, bmi2, adx, avx512f, avx512dq, avx512cd, avx512bw, avx512vl, sha, fma, vzeroupper, avx512_vpopcntdq, avx512_vpclmulqdq, avx512_vaes, avx512_vnni, clflush, clflushopt, clwb, avx512_vbmi2, avx512_vbmi, hv

Memory: 4k page, system-wide physical 32490M (14773M free)
TotalPageFile size 49898M (AvailPageFile size 25770M)
current process WorkingSet (physical memory assigned to process): 47M, peak: 47M
current process commit charge ("private bytes"): 612M, peak: 613M

vm_info: Java HotSpot(TM) 64-Bit Server VM (17.0.11+7-LTS-207) for windows-amd64 JRE (17.0.11+7-LTS-207), built on Mar 11 2024 19:01:50 by "mach5one" with MS VC++ 17.6 (VS2022)

END.
