#
# A fatal error has been detected by the Java Runtime Environment:
#
#  EXCEPTION_ACCESS_VIOLATION (0xc0000005) at pc=0x00007ffa8554c2c4, pid=31888, tid=21604
#
# JRE version: Java(TM) SE Runtime Environment (17.0.11+7) (build 17.0.11+7-LTS-207)
# Java VM: Java HotSpot(TM) 64-Bit Server VM (17.0.11+7-LTS-207, mixed mode, sharing, tiered, compressed oops, compressed class ptrs, g1 gc, windows-amd64)
# Problematic frame:
# C  [cyjagent.dll+0xc2c4]
#
# No core dump will be written. Minidumps are not enabled by default on client versions of Windows
#
# If you would like to submit a bug report, please visit:
#   https://bugreport.java.com/bugreport/crash.jsp
# The crash happened outside the Java Virtual Machine in native code.
# See problematic frame for where to report the bug.
#

---------------  S U M M A R Y ------------

Command Line: -javaagent:C:\Program Files\JetBrains\IntelliJ IDEA Community Edition 2023.1.2\lib\idea_rt.jar=52624:C:\Program Files\JetBrains\IntelliJ IDEA Community Edition 2023.1.2\bin -Dfile.encoding=UTF-8 -agentpath:C:\Program Files\Palo Alto Networks\Traps\cyjagent.dll Practise11

Host: 11th Gen Intel(R) Core(TM) i7-1185G7 @ 3.00GHz, 8 cores, 31G,  Windows 11 , 64 bit Build 22621 (10.0.22621.3672)
Time: Fri Aug 23 19:19:48 2024 India Standard Time elapsed time: 0.238965 seconds (0d 0h 0m 0s)

---------------  T H R E A D  ---------------

Current thread (0x00000269223671c0):  JavaThread "Monitor Ctrl-Break" daemon [_thread_in_native, id=21604, stack(0x0000008b13500000,0x0000008b13600000)]

Stack: [0x0000008b13500000,0x0000008b13600000],  sp=0x0000008b135fe430,  free space=1017k
Native frames: (J=compiled Java code, j=interpreted, Vv=VM code, C=native code)
C  [cyjagent.dll+0xc2c4]

Java frames: (J=compiled Java code, j=interpreted, Vv=VM code)
j  java.net.InetSocketAddress.<init>(Ljava/lang/String;I)V+28 java.base@17.0.11
j  java.net.Socket.<init>(Ljava/lang/String;I)V+11 java.base@17.0.11
j  com.intellij.rt.execution.application.AppMainV2$1.run()V+10
v  ~StubRoutines::call_stub

siginfo: EXCEPTION_ACCESS_VIOLATION (0xc0000005), reading address 0x0000000000000000


Registers:
RAX=0x0000000000000000, RBX=0x0000026922367470, RCX=0x0000000000000000, RDX=0x00000268b23aa1f0
RSP=0x0000008b135fe430, RBP=0x00000268b432f8d0, RSI=0x0000000000000000, RDI=0x0000026922131470
R8 =0x0000008b135fe2a8, R9 =0x0000000000000000, R10=0x0000000000000000, R11=0x0000000000000246
R12=0x0000026922131470, R13=0x00000269222271d0, R14=0x0000008b135fe650, R15=0x0000000000000000
RIP=0x00007ffa8554c2c4, EFLAGS=0x0000000000010202


Register to memory mapping:

RIP=0x00007ffa8554c2c4 cyjagent.dll
RAX=0x0 is NULL
RBX=0x0000026922367470 points into unknown readable memory: 0x00007ff9ca273670 | 70 36 27 ca f9 7f 00 00
RCX=0x0 is NULL
RDX=0x00000268b23aa1f0 points into unknown readable memory: 0x00000269223671c0 | c0 71 36 22 69 02 00 00
RSP=0x0000008b135fe430 is pointing into the stack for thread: 0x00000269223671c0
RBP=0x00000268b432f8d0 points into unknown readable memory: 0x00000268b4298840 | 40 88 29 b4 68 02 00 00
RSI=0x0 is NULL
RDI=0x0000026922131470 points into unknown readable memory: 0x74656e2f6176616a | 6a 61 76 61 2f 6e 65 74
R8 =0x0000008b135fe2a8 is pointing into the stack for thread: 0x00000269223671c0
R9 =0x0 is NULL
R10=0x0 is NULL
R11=0x0000000000000246 is an unknown value
R12=0x0000026922131470 points into unknown readable memory: 0x74656e2f6176616a | 6a 61 76 61 2f 6e 65 74
R13=0x00000269222271d0 points into unknown readable memory: 0x4c3a563b00000002 | 02 00 00 00 3b 56 3a 4c
R14=0x0000008b135fe650 is pointing into the stack for thread: 0x00000269223671c0
R15=0x0 is NULL


Top of Stack: (sp=0x0000008b135fe430)
0x0000008b135fe430:   0000026922131470 0000026922367470
0x0000008b135fe440:   00000268b4a15bf0 00007ff9c9bd9a1a
0x0000008b135fe450:   00007ffa68ccf798 00000268e11505b0
0x0000008b135fe460:   00000268de5bfac0 00000268b432f8d0
0x0000008b135fe470:   0000000000000032 00000269221c51c0
0x0000008b135fe480:   00000268b4a0a9a0 00000269223671c0
0x0000008b135fe490:   0000008b135fe688 00007ff9c9cf5e86
0x0000008b135fe4a0:   00000268b4a0a9a0 00000269223671c0
0x0000008b135fe4b0:   0000000000000000 00007ff9c9bbcd26
0x0000008b135fe4c0:   0000026922131470 0000000000000000
0x0000008b135fe4d0:   0000000000000ae3 0000026922130950
0x0000008b135fe4e0:   0000008b135fe5d8 0000008b135fe4f8
0x0000008b135fe4f0:   0000008b00000000 0000000000000000
0x0000008b135fe500:   0000000000000000 0000000000000000
0x0000008b135fe510:   00000269222271d0 0000026922130940
0x0000008b135fe520:   00000269221314b0 0000026922138928 

Instructions: (pc=0x00007ffa8554c2c4)
0x00007ffa8554c1c4:   00 00 03 72 2d 44 8b ce 48 8d 05 3d df 01 00 ba
0x00007ffa8554c1d4:   2f 00 00 00 4e 8b 0c c8 48 8b 89 10 03 00 00 4c
0x00007ffa8554c1e4:   8d 05 56 de 01 00 e8 51 4f ff ff 48 8b 0d ea 37
0x00007ffa8554c1f4:   02 00 48 3b cb 74 68 f6 81 1c 03 00 00 10 74 5f
0x00007ffa8554c204:   80 b9 19 03 00 00 02 72 56 4c 8b 8c 24 90 00 00
0x00007ffa8554c214:   00 4c 8d 05 24 de 01 00 48 8b 89 10 03 00 00 ba
0x00007ffa8554c224:   31 00 00 00 e8 13 4f ff ff eb 34 49 8b 0f 4c 8b
0x00007ffa8554c234:   c3 48 8b d6 e8 f3 63 00 00 48 8b 84 24 b0 00 00
0x00007ffa8554c244:   00 89 18 48 8b 0d 7a 4b 02 00 4c 8b c6 33 d2 ff
0x00007ffa8554c254:   15 a7 4f 01 00 eb 08 a8 02 75 04 c6 47 40 01 b8
0x00007ffa8554c264:   ff ff ff ff f0 0f c1 47 10 4c 8b b4 24 88 00 00
0x00007ffa8554c274:   00 83 f8 01 75 42 48 8b 4f 18 48 81 c1 70 01 00
0x00007ffa8554c284:   00 ff 15 1d 50 01 00 48 8b 0f 48 8b 47 08 48 89
0x00007ffa8554c294:   08 48 89 41 08 48 8b 4f 18 48 81 c1 70 01 00 00
0x00007ffa8554c2a4:   ff 15 06 50 01 00 48 8b 0d 17 4b 02 00 4c 8b c7
0x00007ffa8554c2b4:   33 d2 ff 15 44 4f 01 00 48 8b 4d 20 48 8b 55 10
0x00007ffa8554c2c4:   48 8b 01 48 8b 80 08 01 00 00 ff 15 0c 50 01 00
0x00007ffa8554c2d4:   85 c0 74 40 48 8b 0d 01 37 02 00 48 8d 15 fa 36
0x00007ffa8554c2e4:   02 00 48 3b ca 74 2d f6 81 1c 03 00 00 10 74 24
0x00007ffa8554c2f4:   80 b9 19 03 00 00 03 72 1b 48 8b 89 10 03 00 00
0x00007ffa8554c304:   4c 8d 05 35 dd 01 00 ba 15 00 00 00 44 8b c8 e8
0x00007ffa8554c314:   68 4d ff ff 48 8b 6c 24 78 48 8b b4 24 80 00 00
0x00007ffa8554c324:   00 48 83 c4 50 41 5f 5f 5b c3 cc cc 40 57 48 83
0x00007ffa8554c334:   ec 30 f6 81 78 01 00 00 04 48 8b f9 0f 85 87 02
0x00007ffa8554c344:   00 00 48 89 5c 24 40 45 33 c9 48 89 6c 24 48 33
0x00007ffa8554c354:   d2 48 89 74 24 50 48 8b 71 20 45 8d 41 32 48 8b
0x00007ffa8554c364:   ce 48 8b 06 48 8b 40 08 ff 15 6e 4f 01 00 48 8d
0x00007ffa8554c374:   2d 67 36 02 00 85 c0 74 37 48 8b 0d 5c 36 02 00
0x00007ffa8554c384:   48 3b cd 74 2b f6 81 1c 03 00 00 10 74 22 80 b9
0x00007ffa8554c394:   19 03 00 00 02 72 19 48 8b 89 10 03 00 00 ba 11
0x00007ffa8554c3a4:   00 00 00 89 44 24 20 44 8d 4a 21 e8 7c dc ff ff
0x00007ffa8554c3b4:   48 8b 06 45 33 c9 33 d2 48 8b ce 48 8b 40 08 45 


Stack slot to memory mapping:
stack at sp + 0 slots: 0x0000026922131470 points into unknown readable memory: 0x74656e2f6176616a | 6a 61 76 61 2f 6e 65 74
stack at sp + 1 slots: 0x0000026922367470 points into unknown readable memory: 0x00007ff9ca273670 | 70 36 27 ca f9 7f 00 00
stack at sp + 2 slots: 0x00000268b4a15bf0 points into unknown readable memory: 0x0000000000000000 | 00 00 00 00 00 00 00 00
stack at sp + 3 slots: 0x00007ff9c9bd9a1a jvm.dll
stack at sp + 4 slots: 0x00007ffa68ccf798 net.dll
stack at sp + 5 slots: 0x00000268e11505b0 is a pointer to class: 
java.net.Inet4Address {0x00000268e11505b8}
 - instance size:     3
 - klass size:        83
 - access:            public final synchronized 
 - state:             fully_initialized
 - name:              'java/net/Inet4Address'
 - super:             'java/net/InetAddress'
 - sub:               
 - arrays:            NULL
 - methods:           Array<T>(0x00000268e1746ac0)
 - method ordering:   Array<T>(0x00000268e1746b78)
 - default_methods:   Array<T>(0x0000000000000000)
 - local interfaces:  Array<T>(0x00000268e15d1e38)
 - trans. interfaces: Array<T>(0x00000268e1745b18)
 - constants:         constant pool [121] {0x00000268e17466a0} for 'java/net/Inet4Address' cache=0x00000268e11514e0
 - class loader data:  loader data: 0x00000268b4a7ef00 of 'bootstrap'
 - source file:       'Inet4Address.java'
 - class annotations:       Array<T>(0x0000000000000000)
 - class type annotations:  Array<T>(0x0000000000000000)
 - field annotations:       Array<T>(0x0000000000000000)
 - field type annotations:  Array<T>(0x0000000000000000)
 - inner classes:     Array<T>(0x00000268e1746aa8)
 - nest members:     Array<T>(0x00000268e15d1dc8)
 - permitted subclasses:     Array<T>(0x00000268e15d1dc8)
 - java mirror:       a 'java/lang/Class'{0x0000000623955290} = 'java/net/Inet4Address'
 - vtable length      23  (start addr: 0x00000268e1150778)
 - itable length      2 (start addr: 0x00000268e1150830)
 - ---- static fields (2 words):
 - static final 'INADDRSZ' 'I' @120 
 - private static final 'serialVersionUID' 'J' @112 
 - ---- non-static fields (2 words):
 - final transient 'holder' 'Ljava/net/InetAddress$InetAddressHolder;' @12 
 - private transient 'canonicalHostName' 'Ljava/lang/String;' @16 
 - non-static oop maps: 12-16 
stack at sp + 6 slots: 0x00000268de5bfac0 points into unknown readable memory: 0x616a0032a649ffff | ff ff 49 a6 32 00 6a 61
stack at sp + 7 slots: 0x00000268b432f8d0 points into unknown readable memory: 0x00000268b4298840 | 40 88 29 b4 68 02 00 00


---------------  P R O C E S S  ---------------

Threads class SMR info:
_java_thread_list=0x0000026922508920, length=13, elements={
0x00000268de6278b0, 0x00000269220924d0, 0x00000269220a0380, 0x00000269220a0f40,
0x00000269220a3b10, 0x00000269220a64e0, 0x00000269220b2790, 0x00000269220b81b0,
0x00000269220babc0, 0x00000268de62e760, 0x00000269222cd830, 0x00000269223671c0,
0x0000026922354330
}

Java Threads: ( => current thread )
  0x00000268de6278b0 JavaThread "Reference Handler" daemon [_thread_blocked, id=38688, stack(0x0000008b12a00000,0x0000008b12b00000)]
  0x00000269220924d0 JavaThread "Finalizer" daemon [_thread_blocked, id=16608, stack(0x0000008b12b00000,0x0000008b12c00000)]
  0x00000269220a0380 JavaThread "Signal Dispatcher" daemon [_thread_blocked, id=34668, stack(0x0000008b12c00000,0x0000008b12d00000)]
  0x00000269220a0f40 JavaThread "Attach Listener" daemon [_thread_blocked, id=30152, stack(0x0000008b12d00000,0x0000008b12e00000)]
  0x00000269220a3b10 JavaThread "Service Thread" daemon [_thread_blocked, id=26328, stack(0x0000008b12e00000,0x0000008b12f00000)]
  0x00000269220a64e0 JavaThread "Monitor Deflation Thread" daemon [_thread_blocked, id=28748, stack(0x0000008b12f00000,0x0000008b13000000)]
  0x00000269220b2790 JavaThread "C2 CompilerThread0" daemon [_thread_blocked, id=43176, stack(0x0000008b13000000,0x0000008b13100000)]
  0x00000269220b81b0 JavaThread "C1 CompilerThread0" daemon [_thread_blocked, id=22000, stack(0x0000008b13100000,0x0000008b13200000)]
  0x00000269220babc0 JavaThread "Sweeper thread" daemon [_thread_blocked, id=20520, stack(0x0000008b13200000,0x0000008b13300000)]
  0x00000268de62e760 JavaThread "Common-Cleaner" daemon [_thread_blocked, id=26980, stack(0x0000008b13300000,0x0000008b13400000)]
  0x00000269222cd830 JavaThread "C2 CompilerThread1" daemon [_thread_blocked, id=9868, stack(0x0000008b13400000,0x0000008b13500000)]
=>0x00000269223671c0 JavaThread "Monitor Ctrl-Break" daemon [_thread_in_native, id=21604, stack(0x0000008b13500000,0x0000008b13600000)]
  0x0000026922354330 JavaThread "Notification Thread" daemon [_thread_blocked, id=34984, stack(0x0000008b13600000,0x0000008b13700000)]

Other Threads:
  0x00000268de626a30 VMThread "VM Thread" [stack: 0x0000008b12900000,0x0000008b12a00000] [id=4640] _threads_hazard_ptr=0x0000026922508920
  0x00000268b4a7ec40 GCTaskThread "GC Thread#0" [stack: 0x0000008b12400000,0x0000008b12500000] [id=12572]
  0x00000268de485ae0 ConcurrentGCThread "G1 Main Marker" terminated
  0x00000268de487500 ConcurrentGCThread "G1 Conc#0" [stack: 0x0000008b12600000,0x0000008b12700000] [id=44256]
  0x00000268de5623e0 ConcurrentGCThread "G1 Refine#0" terminated
  0x00000268de562e10 ConcurrentGCThread "G1 Service" terminated

Threads with active compile tasks:

VM state: at safepoint (normal execution)

VM Mutex/Monitor currently owned by a thread:  ([mutex/lock_event])
[0x00000268b4a14b10] Threads_lock - owner thread: 0x00000268de626a30
[0x00000268b4a15b60] Heap_lock - owner thread: 0x00000268b4a1b9f0

Heap address: 0x0000000604400000, size: 8124 MB, Compressed Oops mode: Zero based, Oop shift amount: 3

CDS archive(s) mapped at: [0x00000268e1000000-0x00000268e1bd0000-0x00000268e1bd0000), size 12386304, SharedBaseAddress: 0x00000268e1000000, ArchiveRelocationMode: 1.
Compressed class space mapped at: 0x00000268e2000000-0x0000026922000000, reserved size: 1073741824
Narrow klass base: 0x00000268e1000000, Narrow klass shift: 0, Narrow klass range: 0x100000000

GC Precious Log:
 CPUs: 8 total, 8 available
 Memory: 32490M
 Large Page Support: Disabled
 NUMA Support: Disabled
 Compressed Oops: Enabled (Zero based)
 Heap Region Size: 4M
 Heap Min Capacity: 8M
 Heap Initial Capacity: 508M
 Heap Max Capacity: 8124M
 Pre-touch: Disabled
 Parallel Workers: 8
 Concurrent Workers: 2
 Concurrent Refinement Workers: 8
 Periodic GC: Disabled

Heap:
 garbage-first heap   total 520192K, used 4096K [0x0000000604400000, 0x0000000800000000)
  region size 4096K, 2 young (8192K), 0 survivors (0K)
 Metaspace       used 616K, committed 768K, reserved 1114112K
  class space    used 29K, committed 128K, reserved 1048576K

Heap Regions: E=young(eden), S=young(survivor), O=old, HS=humongous(starts), HC=humongous(continues), CS=collection set, F=free, OA=open archive, CA=closed archive, TAMS=top-at-mark-start (previous, next)
|   0|0x0000000604400000, 0x0000000604400000, 0x0000000604800000|  0%| F|  |TAMS 0x0000000604400000, 0x0000000604400000| Untracked 
|   1|0x0000000604800000, 0x0000000604800000, 0x0000000604c00000|  0%| F|  |TAMS 0x0000000604800000, 0x0000000604800000| Untracked 
|   2|0x0000000604c00000, 0x0000000604c00000, 0x0000000605000000|  0%| F|  |TAMS 0x0000000604c00000, 0x0000000604c00000| Untracked 
|   3|0x0000000605000000, 0x0000000605000000, 0x0000000605400000|  0%| F|  |TAMS 0x0000000605000000, 0x0000000605000000| Untracked 
|   4|0x0000000605400000, 0x0000000605400000, 0x0000000605800000|  0%| F|  |TAMS 0x0000000605400000, 0x0000000605400000| Untracked 
|   5|0x0000000605800000, 0x0000000605800000, 0x0000000605c00000|  0%| F|  |TAMS 0x0000000605800000, 0x0000000605800000| Untracked 
|   6|0x0000000605c00000, 0x0000000605c00000, 0x0000000606000000|  0%| F|  |TAMS 0x0000000605c00000, 0x0000000605c00000| Untracked 
|   7|0x0000000606000000, 0x0000000606000000, 0x0000000606400000|  0%| F|  |TAMS 0x0000000606000000, 0x0000000606000000| Untracked 
|   8|0x0000000606400000, 0x0000000606400000, 0x0000000606800000|  0%| F|  |TAMS 0x0000000606400000, 0x0000000606400000| Untracked 
|   9|0x0000000606800000, 0x0000000606800000, 0x0000000606c00000|  0%| F|  |TAMS 0x0000000606800000, 0x0000000606800000| Untracked 
|  10|0x0000000606c00000, 0x0000000606c00000, 0x0000000607000000|  0%| F|  |TAMS 0x0000000606c00000, 0x0000000606c00000| Untracked 
|  11|0x0000000607000000, 0x0000000607000000, 0x0000000607400000|  0%| F|  |TAMS 0x0000000607000000, 0x0000000607000000| Untracked 
|  12|0x0000000607400000, 0x0000000607400000, 0x0000000607800000|  0%| F|  |TAMS 0x0000000607400000, 0x0000000607400000| Untracked 
|  13|0x0000000607800000, 0x0000000607800000, 0x0000000607c00000|  0%| F|  |TAMS 0x0000000607800000, 0x0000000607800000| Untracked 
|  14|0x0000000607c00000, 0x0000000607c00000, 0x0000000608000000|  0%| F|  |TAMS 0x0000000607c00000, 0x0000000607c00000| Untracked 
|  15|0x0000000608000000, 0x0000000608000000, 0x0000000608400000|  0%| F|  |TAMS 0x0000000608000000, 0x0000000608000000| Untracked 
|  16|0x0000000608400000, 0x0000000608400000, 0x0000000608800000|  0%| F|  |TAMS 0x0000000608400000, 0x0000000608400000| Untracked 
|  17|0x0000000608800000, 0x0000000608800000, 0x0000000608c00000|  0%| F|  |TAMS 0x0000000608800000, 0x0000000608800000| Untracked 
|  18|0x0000000608c00000, 0x0000000608c00000, 0x0000000609000000|  0%| F|  |TAMS 0x0000000608c00000, 0x0000000608c00000| Untracked 
|  19|0x0000000609000000, 0x0000000609000000, 0x0000000609400000|  0%| F|  |TAMS 0x0000000609000000, 0x0000000609000000| Untracked 
|  20|0x0000000609400000, 0x0000000609400000, 0x0000000609800000|  0%| F|  |TAMS 0x0000000609400000, 0x0000000609400000| Untracked 
|  21|0x0000000609800000, 0x0000000609800000, 0x0000000609c00000|  0%| F|  |TAMS 0x0000000609800000, 0x0000000609800000| Untracked 
|  22|0x0000000609c00000, 0x0000000609c00000, 0x000000060a000000|  0%| F|  |TAMS 0x0000000609c00000, 0x0000000609c00000| Untracked 
|  23|0x000000060a000000, 0x000000060a000000, 0x000000060a400000|  0%| F|  |TAMS 0x000000060a000000, 0x000000060a000000| Untracked 
|  24|0x000000060a400000, 0x000000060a400000, 0x000000060a800000|  0%| F|  |TAMS 0x000000060a400000, 0x000000060a400000| Untracked 
|  25|0x000000060a800000, 0x000000060a800000, 0x000000060ac00000|  0%| F|  |TAMS 0x000000060a800000, 0x000000060a800000| Untracked 
|  26|0x000000060ac00000, 0x000000060ac00000, 0x000000060b000000|  0%| F|  |TAMS 0x000000060ac00000, 0x000000060ac00000| Untracked 
|  27|0x000000060b000000, 0x000000060b000000, 0x000000060b400000|  0%| F|  |TAMS 0x000000060b000000, 0x000000060b000000| Untracked 
|  28|0x000000060b400000, 0x000000060b400000, 0x000000060b800000|  0%| F|  |TAMS 0x000000060b400000, 0x000000060b400000| Untracked 
|  29|0x000000060b800000, 0x000000060b800000, 0x000000060bc00000|  0%| F|  |TAMS 0x000000060b800000, 0x000000060b800000| Untracked 
|  30|0x000000060bc00000, 0x000000060bc00000, 0x000000060c000000|  0%| F|  |TAMS 0x000000060bc00000, 0x000000060bc00000| Untracked 
|  31|0x000000060c000000, 0x000000060c000000, 0x000000060c400000|  0%| F|  |TAMS 0x000000060c000000, 0x000000060c000000| Untracked 
|  32|0x000000060c400000, 0x000000060c400000, 0x000000060c800000|  0%| F|  |TAMS 0x000000060c400000, 0x000000060c400000| Untracked 
|  33|0x000000060c800000, 0x000000060c800000, 0x000000060cc00000|  0%| F|  |TAMS 0x000000060c800000, 0x000000060c800000| Untracked 
|  34|0x000000060cc00000, 0x000000060cc00000, 0x000000060d000000|  0%| F|  |TAMS 0x000000060cc00000, 0x000000060cc00000| Untracked 
|  35|0x000000060d000000, 0x000000060d000000, 0x000000060d400000|  0%| F|  |TAMS 0x000000060d000000, 0x000000060d000000| Untracked 
|  36|0x000000060d400000, 0x000000060d400000, 0x000000060d800000|  0%| F|  |TAMS 0x000000060d400000, 0x000000060d400000| Untracked 
|  37|0x000000060d800000, 0x000000060d800000, 0x000000060dc00000|  0%| F|  |TAMS 0x000000060d800000, 0x000000060d800000| Untracked 
|  38|0x000000060dc00000, 0x000000060dc00000, 0x000000060e000000|  0%| F|  |TAMS 0x000000060dc00000, 0x000000060dc00000| Untracked 
|  39|0x000000060e000000, 0x000000060e000000, 0x000000060e400000|  0%| F|  |TAMS 0x000000060e000000, 0x000000060e000000| Untracked 
|  40|0x000000060e400000, 0x000000060e400000, 0x000000060e800000|  0%| F|  |TAMS 0x000000060e400000, 0x000000060e400000| Untracked 
|  41|0x000000060e800000, 0x000000060e800000, 0x000000060ec00000|  0%| F|  |TAMS 0x000000060e800000, 0x000000060e800000| Untracked 
|  42|0x000000060ec00000, 0x000000060ec00000, 0x000000060f000000|  0%| F|  |TAMS 0x000000060ec00000, 0x000000060ec00000| Untracked 
|  43|0x000000060f000000, 0x000000060f000000, 0x000000060f400000|  0%| F|  |TAMS 0x000000060f000000, 0x000000060f000000| Untracked 
|  44|0x000000060f400000, 0x000000060f400000, 0x000000060f800000|  0%| F|  |TAMS 0x000000060f400000, 0x000000060f400000| Untracked 
|  45|0x000000060f800000, 0x000000060f800000, 0x000000060fc00000|  0%| F|  |TAMS 0x000000060f800000, 0x000000060f800000| Untracked 
|  46|0x000000060fc00000, 0x000000060fc00000, 0x0000000610000000|  0%| F|  |TAMS 0x000000060fc00000, 0x000000060fc00000| Untracked 
|  47|0x0000000610000000, 0x0000000610000000, 0x0000000610400000|  0%| F|  |TAMS 0x0000000610000000, 0x0000000610000000| Untracked 
|  48|0x0000000610400000, 0x0000000610400000, 0x0000000610800000|  0%| F|  |TAMS 0x0000000610400000, 0x0000000610400000| Untracked 
|  49|0x0000000610800000, 0x0000000610800000, 0x0000000610c00000|  0%| F|  |TAMS 0x0000000610800000, 0x0000000610800000| Untracked 
|  50|0x0000000610c00000, 0x0000000610c00000, 0x0000000611000000|  0%| F|  |TAMS 0x0000000610c00000, 0x0000000610c00000| Untracked 
|  51|0x0000000611000000, 0x0000000611000000, 0x0000000611400000|  0%| F|  |TAMS 0x0000000611000000, 0x0000000611000000| Untracked 
|  52|0x0000000611400000, 0x0000000611400000, 0x0000000611800000|  0%| F|  |TAMS 0x0000000611400000, 0x0000000611400000| Untracked 
|  53|0x0000000611800000, 0x0000000611800000, 0x0000000611c00000|  0%| F|  |TAMS 0x0000000611800000, 0x0000000611800000| Untracked 
|  54|0x0000000611c00000, 0x0000000611c00000, 0x0000000612000000|  0%| F|  |TAMS 0x0000000611c00000, 0x0000000611c00000| Untracked 
|  55|0x0000000612000000, 0x0000000612000000, 0x0000000612400000|  0%| F|  |TAMS 0x0000000612000000, 0x0000000612000000| Untracked 
|  56|0x0000000612400000, 0x0000000612400000, 0x0000000612800000|  0%| F|  |TAMS 0x0000000612400000, 0x0000000612400000| Untracked 
|  57|0x0000000612800000, 0x0000000612800000, 0x0000000612c00000|  0%| F|  |TAMS 0x0000000612800000, 0x0000000612800000| Untracked 
|  58|0x0000000612c00000, 0x0000000612c00000, 0x0000000613000000|  0%| F|  |TAMS 0x0000000612c00000, 0x0000000612c00000| Untracked 
|  59|0x0000000613000000, 0x0000000613000000, 0x0000000613400000|  0%| F|  |TAMS 0x0000000613000000, 0x0000000613000000| Untracked 
|  60|0x0000000613400000, 0x0000000613400000, 0x0000000613800000|  0%| F|  |TAMS 0x0000000613400000, 0x0000000613400000| Untracked 
|  61|0x0000000613800000, 0x0000000613800000, 0x0000000613c00000|  0%| F|  |TAMS 0x0000000613800000, 0x0000000613800000| Untracked 
|  62|0x0000000613c00000, 0x0000000613c00000, 0x0000000614000000|  0%| F|  |TAMS 0x0000000613c00000, 0x0000000613c00000| Untracked 
|  63|0x0000000614000000, 0x0000000614000000, 0x0000000614400000|  0%| F|  |TAMS 0x0000000614000000, 0x0000000614000000| Untracked 
|  64|0x0000000614400000, 0x0000000614400000, 0x0000000614800000|  0%| F|  |TAMS 0x0000000614400000, 0x0000000614400000| Untracked 
|  65|0x0000000614800000, 0x0000000614800000, 0x0000000614c00000|  0%| F|  |TAMS 0x0000000614800000, 0x0000000614800000| Untracked 
|  66|0x0000000614c00000, 0x0000000614c00000, 0x0000000615000000|  0%| F|  |TAMS 0x0000000614c00000, 0x0000000614c00000| Untracked 
|  67|0x0000000615000000, 0x0000000615000000, 0x0000000615400000|  0%| F|  |TAMS 0x0000000615000000, 0x0000000615000000| Untracked 
|  68|0x0000000615400000, 0x0000000615400000, 0x0000000615800000|  0%| F|  |TAMS 0x0000000615400000, 0x0000000615400000| Untracked 
|  69|0x0000000615800000, 0x0000000615800000, 0x0000000615c00000|  0%| F|  |TAMS 0x0000000615800000, 0x0000000615800000| Untracked 
|  70|0x0000000615c00000, 0x0000000615c00000, 0x0000000616000000|  0%| F|  |TAMS 0x0000000615c00000, 0x0000000615c00000| Untracked 
|  71|0x0000000616000000, 0x0000000616000000, 0x0000000616400000|  0%| F|  |TAMS 0x0000000616000000, 0x0000000616000000| Untracked 
|  72|0x0000000616400000, 0x0000000616400000, 0x0000000616800000|  0%| F|  |TAMS 0x0000000616400000, 0x0000000616400000| Untracked 
|  73|0x0000000616800000, 0x0000000616800000, 0x0000000616c00000|  0%| F|  |TAMS 0x0000000616800000, 0x0000000616800000| Untracked 
|  74|0x0000000616c00000, 0x0000000616c00000, 0x0000000617000000|  0%| F|  |TAMS 0x0000000616c00000, 0x0000000616c00000| Untracked 
|  75|0x0000000617000000, 0x0000000617000000, 0x0000000617400000|  0%| F|  |TAMS 0x0000000617000000, 0x0000000617000000| Untracked 
|  76|0x0000000617400000, 0x0000000617400000, 0x0000000617800000|  0%| F|  |TAMS 0x0000000617400000, 0x0000000617400000| Untracked 
|  77|0x0000000617800000, 0x0000000617800000, 0x0000000617c00000|  0%| F|  |TAMS 0x0000000617800000, 0x0000000617800000| Untracked 
|  78|0x0000000617c00000, 0x0000000617c00000, 0x0000000618000000|  0%| F|  |TAMS 0x0000000617c00000, 0x0000000617c00000| Untracked 
|  79|0x0000000618000000, 0x0000000618000000, 0x0000000618400000|  0%| F|  |TAMS 0x0000000618000000, 0x0000000618000000| Untracked 
|  80|0x0000000618400000, 0x0000000618400000, 0x0000000618800000|  0%| F|  |TAMS 0x0000000618400000, 0x0000000618400000| Untracked 
|  81|0x0000000618800000, 0x0000000618800000, 0x0000000618c00000|  0%| F|  |TAMS 0x0000000618800000, 0x0000000618800000| Untracked 
|  82|0x0000000618c00000, 0x0000000618c00000, 0x0000000619000000|  0%| F|  |TAMS 0x0000000618c00000, 0x0000000618c00000| Untracked 
|  83|0x0000000619000000, 0x0000000619000000, 0x0000000619400000|  0%| F|  |TAMS 0x0000000619000000, 0x0000000619000000| Untracked 
|  84|0x0000000619400000, 0x0000000619400000, 0x0000000619800000|  0%| F|  |TAMS 0x0000000619400000, 0x0000000619400000| Untracked 
|  85|0x0000000619800000, 0x0000000619800000, 0x0000000619c00000|  0%| F|  |TAMS 0x0000000619800000, 0x0000000619800000| Untracked 
|  86|0x0000000619c00000, 0x0000000619c00000, 0x000000061a000000|  0%| F|  |TAMS 0x0000000619c00000, 0x0000000619c00000| Untracked 
|  87|0x000000061a000000, 0x000000061a000000, 0x000000061a400000|  0%| F|  |TAMS 0x000000061a000000, 0x000000061a000000| Untracked 
|  88|0x000000061a400000, 0x000000061a400000, 0x000000061a800000|  0%| F|  |TAMS 0x000000061a400000, 0x000000061a400000| Untracked 
|  89|0x000000061a800000, 0x000000061a800000, 0x000000061ac00000|  0%| F|  |TAMS 0x000000061a800000, 0x000000061a800000| Untracked 
|  90|0x000000061ac00000, 0x000000061ac00000, 0x000000061b000000|  0%| F|  |TAMS 0x000000061ac00000, 0x000000061ac00000| Untracked 
|  91|0x000000061b000000, 0x000000061b000000, 0x000000061b400000|  0%| F|  |TAMS 0x000000061b000000, 0x000000061b000000| Untracked 
|  92|0x000000061b400000, 0x000000061b400000, 0x000000061b800000|  0%| F|  |TAMS 0x000000061b400000, 0x000000061b400000| Untracked 
|  93|0x000000061b800000, 0x000000061b800000, 0x000000061bc00000|  0%| F|  |TAMS 0x000000061b800000, 0x000000061b800000| Untracked 
|  94|0x000000061bc00000, 0x000000061bc00000, 0x000000061c000000|  0%| F|  |TAMS 0x000000061bc00000, 0x000000061bc00000| Untracked 
|  95|0x000000061c000000, 0x000000061c000000, 0x000000061c400000|  0%| F|  |TAMS 0x000000061c000000, 0x000000061c000000| Untracked 
|  96|0x000000061c400000, 0x000000061c400000, 0x000000061c800000|  0%| F|  |TAMS 0x000000061c400000, 0x000000061c400000| Untracked 
|  97|0x000000061c800000, 0x000000061c800000, 0x000000061cc00000|  0%| F|  |TAMS 0x000000061c800000, 0x000000061c800000| Untracked 
|  98|0x000000061cc00000, 0x000000061cc00000, 0x000000061d000000|  0%| F|  |TAMS 0x000000061cc00000, 0x000000061cc00000| Untracked 
|  99|0x000000061d000000, 0x000000061d000000, 0x000000061d400000|  0%| F|  |TAMS 0x000000061d000000, 0x000000061d000000| Untracked 
| 100|0x000000061d400000, 0x000000061d400000, 0x000000061d800000|  0%| F|  |TAMS 0x000000061d400000, 0x000000061d400000| Untracked 
| 101|0x000000061d800000, 0x000000061d800000, 0x000000061dc00000|  0%| F|  |TAMS 0x000000061d800000, 0x000000061d800000| Untracked 
| 102|0x000000061dc00000, 0x000000061dc00000, 0x000000061e000000|  0%| F|  |TAMS 0x000000061dc00000, 0x000000061dc00000| Untracked 
| 103|0x000000061e000000, 0x000000061e000000, 0x000000061e400000|  0%| F|  |TAMS 0x000000061e000000, 0x000000061e000000| Untracked 
| 104|0x000000061e400000, 0x000000061e400000, 0x000000061e800000|  0%| F|  |TAMS 0x000000061e400000, 0x000000061e400000| Untracked 
| 105|0x000000061e800000, 0x000000061e800000, 0x000000061ec00000|  0%| F|  |TAMS 0x000000061e800000, 0x000000061e800000| Untracked 
| 106|0x000000061ec00000, 0x000000061ec00000, 0x000000061f000000|  0%| F|  |TAMS 0x000000061ec00000, 0x000000061ec00000| Untracked 
| 107|0x000000061f000000, 0x000000061f000000, 0x000000061f400000|  0%| F|  |TAMS 0x000000061f000000, 0x000000061f000000| Untracked 
| 108|0x000000061f400000, 0x000000061f400000, 0x000000061f800000|  0%| F|  |TAMS 0x000000061f400000, 0x000000061f400000| Untracked 
| 109|0x000000061f800000, 0x000000061f800000, 0x000000061fc00000|  0%| F|  |TAMS 0x000000061f800000, 0x000000061f800000| Untracked 
| 110|0x000000061fc00000, 0x000000061fc00000, 0x0000000620000000|  0%| F|  |TAMS 0x000000061fc00000, 0x000000061fc00000| Untracked 
| 111|0x0000000620000000, 0x0000000620000000, 0x0000000620400000|  0%| F|  |TAMS 0x0000000620000000, 0x0000000620000000| Untracked 
| 112|0x0000000620400000, 0x0000000620400000, 0x0000000620800000|  0%| F|  |TAMS 0x0000000620400000, 0x0000000620400000| Untracked 
| 113|0x0000000620800000, 0x0000000620800000, 0x0000000620c00000|  0%| F|  |TAMS 0x0000000620800000, 0x0000000620800000| Untracked 
| 114|0x0000000620c00000, 0x0000000620c00000, 0x0000000621000000|  0%| F|  |TAMS 0x0000000620c00000, 0x0000000620c00000| Untracked 
| 115|0x0000000621000000, 0x0000000621000000, 0x0000000621400000|  0%| F|  |TAMS 0x0000000621000000, 0x0000000621000000| Untracked 
| 116|0x0000000621400000, 0x0000000621400000, 0x0000000621800000|  0%| F|  |TAMS 0x0000000621400000, 0x0000000621400000| Untracked 
| 117|0x0000000621800000, 0x0000000621800000, 0x0000000621c00000|  0%| F|  |TAMS 0x0000000621800000, 0x0000000621800000| Untracked 
| 118|0x0000000621c00000, 0x0000000621c00000, 0x0000000622000000|  0%| F|  |TAMS 0x0000000621c00000, 0x0000000621c00000| Untracked 
| 119|0x0000000622000000, 0x0000000622000000, 0x0000000622400000|  0%| F|  |TAMS 0x0000000622000000, 0x0000000622000000| Untracked 
| 120|0x0000000622400000, 0x0000000622400000, 0x0000000622800000|  0%| F|  |TAMS 0x0000000622400000, 0x0000000622400000| Untracked 
| 121|0x0000000622800000, 0x0000000622800000, 0x0000000622c00000|  0%| F|  |TAMS 0x0000000622800000, 0x0000000622800000| Untracked 
| 122|0x0000000622c00000, 0x0000000622c00000, 0x0000000623000000|  0%| F|  |TAMS 0x0000000622c00000, 0x0000000622c00000| Untracked 
| 123|0x0000000623000000, 0x0000000623000000, 0x0000000623400000|  0%| F|  |TAMS 0x0000000623000000, 0x0000000623000000| Untracked 
| 124|0x0000000623400000, 0x0000000623400000, 0x0000000623800000|  0%| F|  |TAMS 0x0000000623400000, 0x0000000623400000| Untracked 
| 125|0x0000000623800000, 0x0000000623a47e58, 0x0000000623c00000| 57%| E|  |TAMS 0x0000000623800000, 0x0000000623800000| Complete 
| 126|0x0000000623c00000, 0x0000000624000000, 0x0000000624000000|100%| E|CS|TAMS 0x0000000623c00000, 0x0000000623c00000| Complete 

Card table byte_map: [0x00000268cc690000,0x00000268cd670000] _byte_map_base: 0x00000268c966e000

Marking Bits (Prev, Next): (CMBitMap*) 0x00000268de4753e0, (CMBitMap*) 0x00000268de475420
 Prev Bits: [0x00000268ce650000, 0x00000268d6540000)
 Next Bits: [0x00000268d6540000, 0x00000268de430000)

Polling page: 0x00000268b27b0000

Metaspace:

Usage:
  Non-class:    587.18 KB used.
      Class:     29.45 KB used.
       Both:    616.62 KB used.

Virtual space:
  Non-class space:       64.00 MB reserved,     640.00 KB ( <1%) committed,  1 nodes.
      Class space:        1.00 GB reserved,     128.00 KB ( <1%) committed,  1 nodes.
             Both:        1.06 GB reserved,     768.00 KB ( <1%) committed. 

Chunk freelists:
   Non-Class:  11.98 MB
       Class:  15.74 MB
        Both:  27.73 MB

MaxMetaspaceSize: unlimited
CompressedClassSpaceSize: 1.00 GB
Initial GC threshold: 21.00 MB
Current GC threshold: 21.00 MB
CDS: on
MetaspaceReclaimPolicy: balanced
 - commit_granule_bytes: 65536.
 - commit_granule_words: 8192.
 - virtual_space_node_default_size: 8388608.
 - enlarge_chunks_in_place: 1.
 - new_chunks_are_fully_committed: 0.
 - uncommit_free_chunks: 1.
 - use_allocation_guard: 0.
 - handle_deallocations: 1.


Internal statistics:

num_allocs_failed_limit: 0.
num_arena_births: 6.
num_arena_deaths: 0.
num_vsnodes_births: 2.
num_vsnodes_deaths: 0.
num_space_committed: 12.
num_space_uncommitted: 0.
num_chunks_returned_to_freelist: 0.
num_chunks_taken_from_freelist: 10.
num_chunk_merges: 0.
num_chunk_splits: 5.
num_chunks_enlarged: 2.
num_inconsistent_stats: 0.

CodeHeap 'non-profiled nmethods': size=120000Kb used=104Kb max_used=104Kb free=119895Kb
 bounds [0x00000268c3d40000, 0x00000268c3fb0000, 0x00000268cb270000]
CodeHeap 'profiled nmethods': size=120000Kb used=394Kb max_used=394Kb free=119605Kb
 bounds [0x00000268bc270000, 0x00000268bc4e0000, 0x00000268c37a0000]
CodeHeap 'non-nmethods': size=5760Kb used=1125Kb max_used=1138Kb free=4634Kb
 bounds [0x00000268c37a0000, 0x00000268c3a10000, 0x00000268c3d40000]
 total_blobs=706 nmethods=314 adapters=305
 compilation: enabled
              stopped_count=0, restarted_count=0
 full_count=0

Compilation events (20 events):
Event: 0.212 Thread 0x00000269220b81b0 nmethod 306 0x00000268bc2ccf10 code [0x00000268bc2cd0e0, 0x00000268bc2cd5d8]
Event: 0.212 Thread 0x00000269220b81b0  307   !   3       java.util.zip.ZipFile$Source::getEntryPos (181 bytes)
Event: 0.212 Thread 0x00000269220b2790 nmethod 305 0x00000268c3d59b10 code [0x00000268c3d59c80, 0x00000268c3d59e58]
Event: 0.213 Thread 0x00000269220b81b0 nmethod 307 0x00000268bc2cd810 code [0x00000268bc2cdb00, 0x00000268bc2cec28]
Event: 0.213 Thread 0x00000269220b81b0  308   !   3       java.util.zip.ZipFile::getEntry (59 bytes)
Event: 0.213 Thread 0x00000269220b81b0 nmethod 308 0x00000268bc2cf690 code [0x00000268bc2cf880, 0x00000268bc2cfcf8]
Event: 0.213 Thread 0x00000269220b81b0  310       3       java.util.zip.ZipCoder::hash (36 bytes)
Event: 0.214 Thread 0x00000269220b81b0 nmethod 310 0x00000268bc2cff90 code [0x00000268bc2d01a0, 0x00000268bc2d08c8]
Event: 0.214 Thread 0x00000269220b81b0  309       3       java.lang.String::lastIndexOf (29 bytes)
Event: 0.214 Thread 0x00000269220b81b0 nmethod 309 0x00000268bc2d0c10 code [0x00000268bc2d0de0, 0x00000268bc2d1098]
Event: 0.226 Thread 0x00000269220b81b0  311       3       java.lang.StringUTF16::getChar (60 bytes)
Event: 0.227 Thread 0x00000269220b81b0 nmethod 311 0x00000268bc2d1190 code [0x00000268bc2d1320, 0x00000268bc2d1498]
Event: 0.227 Thread 0x00000269220b2790  313       4       java.lang.StringLatin1::charAt (28 bytes)
Event: 0.227 Thread 0x00000269220b81b0  312       3       java.lang.String::charAt (25 bytes)
Event: 0.227 Thread 0x00000269220b81b0 nmethod 312 0x00000268bc2d1590 code [0x00000268bc2d1780, 0x00000268bc2d1cb8]
Event: 0.227 Thread 0x00000269220b2790 nmethod 313 0x00000268c3d59f90 code [0x00000268c3d5a100, 0x00000268c3d5a198]
Event: 0.227 Thread 0x00000269220b81b0  314       3       java.lang.invoke.MemberName::isInvocable (8 bytes)
Event: 0.228 Thread 0x00000269220b81b0 nmethod 314 0x00000268bc2d1f10 code [0x00000268bc2d20c0, 0x00000268bc2d2358]
Event: 0.228 Thread 0x00000269220b81b0  315       3       java.lang.invoke.MemberName::testAnyFlags (15 bytes)
Event: 0.228 Thread 0x00000269220b81b0 nmethod 315 0x00000268bc2d2490 code [0x00000268bc2d2640, 0x00000268bc2d2878]

GC Heap History (0 events):
No events

Deoptimization events (18 events):
Event: 0.171 Thread 0x00000268b4a1b9f0 DEOPT PACKING pc=0x00000268bc278b67 sp=0x0000008b123fdd10
Event: 0.171 Thread 0x00000268b4a1b9f0 DEOPT UNPACKING pc=0x00000268c37f66e3 sp=0x0000008b123fd130 mode 0
Event: 0.178 Thread 0x00000268b4a1b9f0 Uncommon trap: trap_request=0xffffff45 fr.pc=0x00000268c3d4dbe0 relative=0x0000000000000880
Event: 0.178 Thread 0x00000268b4a1b9f0 Uncommon trap: reason=unstable_if action=reinterpret pc=0x00000268c3d4dbe0 method=java.util.HashMap.putVal(ILjava/lang/Object;Ljava/lang/Object;ZZ)Ljava/lang/Object; @ 181 c2
Event: 0.178 Thread 0x00000268b4a1b9f0 DEOPT PACKING pc=0x00000268c3d4dbe0 sp=0x0000008b123fe850
Event: 0.178 Thread 0x00000268b4a1b9f0 DEOPT UNPACKING pc=0x00000268c37f5ba3 sp=0x0000008b123fe7f0 mode 2
Event: 0.206 Thread 0x00000268b4a1b9f0 Uncommon trap: trap_request=0xffffff45 fr.pc=0x00000268c3d54294 relative=0x0000000000000174
Event: 0.206 Thread 0x00000268b4a1b9f0 Uncommon trap: reason=unstable_if action=reinterpret pc=0x00000268c3d54294 method=java.util.zip.ZipFile$Source.isMetaName([BII)Z @ 43 c2
Event: 0.206 Thread 0x00000268b4a1b9f0 DEOPT PACKING pc=0x00000268c3d54294 sp=0x0000008b123fdfa0
Event: 0.206 Thread 0x00000268b4a1b9f0 DEOPT UNPACKING pc=0x00000268c37f5ba3 sp=0x0000008b123fdf48 mode 2
Event: 0.226 Thread 0x00000268b4a1b9f0 Uncommon trap: trap_request=0xffffff45 fr.pc=0x00000268c3d412dc relative=0x000000000000005c
Event: 0.226 Thread 0x00000268b4a1b9f0 Uncommon trap: reason=unstable_if action=reinterpret pc=0x00000268c3d412dc method=java.lang.String.isLatin1()Z @ 10 c2
Event: 0.226 Thread 0x00000268b4a1b9f0 DEOPT PACKING pc=0x00000268c3d412dc sp=0x0000008b123fe450
Event: 0.226 Thread 0x00000268b4a1b9f0 DEOPT UNPACKING pc=0x00000268c37f5ba3 sp=0x0000008b123fe3e0 mode 2
Event: 0.226 Thread 0x00000268b4a1b9f0 Uncommon trap: trap_request=0xffffff45 fr.pc=0x00000268c3d418f8 relative=0x0000000000000078
Event: 0.226 Thread 0x00000268b4a1b9f0 Uncommon trap: reason=unstable_if action=reinterpret pc=0x00000268c3d418f8 method=java.lang.String.isLatin1()Z @ 10 c2
Event: 0.226 Thread 0x00000268b4a1b9f0 DEOPT PACKING pc=0x00000268c3d418f8 sp=0x0000008b123fee30
Event: 0.226 Thread 0x00000268b4a1b9f0 DEOPT UNPACKING pc=0x00000268c37f5ba3 sp=0x0000008b123fed70 mode 2

Classes unloaded (0 events):
No events

Classes redefined (4 events):
Event: 0.219 Thread 0x00000268de626a30 redefined class name=java.io.FileOutputStream, count=1
Event: 0.222 Thread 0x00000268de626a30 redefined class name=java.nio.file.Files, count=1
Event: 0.224 Thread 0x00000268de626a30 redefined class name=java.io.File, count=1
Event: 0.225 Thread 0x00000268de626a30 redefined class name=java.net.URLStreamHandler, count=1

Internal exceptions (0 events):
No events

VM Operations (12 events):
Event: 0.124 Executing VM operation: HandshakeAllThreads
Event: 0.124 Executing VM operation: HandshakeAllThreads done
Event: 0.219 Executing VM operation: RedefineClasses
Event: 0.220 Executing VM operation: RedefineClasses done
Event: 0.221 Executing VM operation: RedefineClasses
Event: 0.222 Executing VM operation: RedefineClasses done
Event: 0.223 Executing VM operation: RedefineClasses
Event: 0.224 Executing VM operation: RedefineClasses done
Event: 0.225 Executing VM operation: RedefineClasses
Event: 0.225 Executing VM operation: RedefineClasses done
Event: 0.227 Executing VM operation: HandshakeAllThreads
Event: 0.227 Executing VM operation: HandshakeAllThreads done

Events (20 events):
Event: 0.216 Thread 0x00000269223671c0 Thread added: 0x00000269223671c0
Event: 0.216 loading class java/net/Socket
Event: 0.218 loading class java/lang/WeakPairMap$Pair$Weak
Event: 0.218 loading class java/lang/WeakPairMap$WeakRefPeer
Event: 0.218 loading class java/lang/WeakPairMap$WeakRefPeer done
Event: 0.218 loading class java/lang/WeakPairMap$Pair$Weak done
Event: 0.218 loading class java/lang/WeakPairMap$Pair$Weak$1
Event: 0.218 loading class java/lang/WeakPairMap$Pair$Weak$1 done
Event: 0.226 loading class java/net/Socket done
Event: 0.226 Thread 0x0000026922354330 Thread added: 0x0000026922354330
Event: 0.226 loading class java/net/InetSocketAddress
Event: 0.226 loading class java/net/SocketAddress
Event: 0.226 loading class java/net/SocketAddress done
Event: 0.226 loading class java/net/InetSocketAddress done
Event: 0.227 loading class jdk/internal/loader/URLClassPath$FileLoader$1
Event: 0.227 loading class jdk/internal/loader/URLClassPath$FileLoader$1 done
Event: 0.228 Thread 0x00000268b4a1b9f0 Thread exited: 0x00000268b4a1b9f0
Event: 0.228 Thread 0x00000268b4a1b9f0 Thread added: 0x00000268b4a1b9f0
Event: 0.228 loading class java/net/InetSocketAddress$InetSocketAddressHolder
Event: 0.228 Thread 0x00000268b4a1b9f0 Thread exited: 0x00000268b4a1b9f0


Dynamic libraries:
0x00007ff692a80000 - 0x00007ff692a90000 	C:\Program Files\Java\jdk-17\bin\java.exe
0x00007ffa85df0000 - 0x00007ffa86007000 	C:\WINDOWS\SYSTEM32\ntdll.dll
0x00007ffa85b30000 - 0x00007ffa85bf4000 	C:\WINDOWS\System32\KERNEL32.DLL
0x00007ffa85780000 - 0x00007ffa85b2c000 	C:\WINDOWS\System32\KERNELBASE.dll
0x000000007fdc0000 - 0x000000007fdfc000 	C:\WINDOWS\System32\cyinjct.dll
0x00007ffa85610000 - 0x00007ffa85619000 	C:\WINDOWS\System32\ntnativeapi.dll
0x00007ffa7be90000 - 0x00007ffa7bea9000 	C:\Program Files\Java\jdk-17\bin\jli.dll
0x00007ffa85460000 - 0x00007ffa85512000 	C:\WINDOWS\System32\ADVAPI32.dll
0x00007ffa83660000 - 0x00007ffa83707000 	C:\WINDOWS\System32\msvcrt.dll
0x00007ffa853b0000 - 0x00007ffa8545a000 	C:\WINDOWS\System32\sechost.dll
0x00007ffa834a0000 - 0x00007ffa834c8000 	C:\WINDOWS\System32\bcrypt.dll
0x00007ffa85660000 - 0x00007ffa85775000 	C:\WINDOWS\System32\RPCRT4.dll
0x00000268b2480000 - 0x00000268b262e000 	C:\WINDOWS\System32\USER32.dll
0x00007ffa830a0000 - 0x00007ffa830c6000 	C:\WINDOWS\System32\win32u.dll
0x00007ffa84020000 - 0x00007ffa84049000 	C:\WINDOWS\System32\GDI32.dll
0x00007ffa83240000 - 0x00007ffa83359000 	C:\WINDOWS\System32\gdi32full.dll
0x00007ffa83000000 - 0x00007ffa8309a000 	C:\WINDOWS\System32\msvcp_win.dll
0x00000268b2630000 - 0x00000268b2741000 	C:\WINDOWS\System32\ucrtbase.dll
0x00007ffa73cb0000 - 0x00007ffa73ccb000 	C:\Program Files\Java\jdk-17\bin\VCRUNTIME140.dll
0x00007ffa69470000 - 0x00007ffa69703000 	C:\WINDOWS\WinSxS\amd64_microsoft.windows.common-controls_6595b64144ccf1df_6.0.22621.3672_none_2713b9d173822955\COMCTL32.dll
0x00007ffa72870000 - 0x00007ffa7287a000 	C:\WINDOWS\SYSTEM32\VERSION.dll
0x00007ffa855f0000 - 0x00007ffa8560e000 	C:\WINDOWS\System32\cyvera.dll
0x00007ffa85580000 - 0x00007ffa855f0000 	C:\WINDOWS\System32\cyvrtrap.dll
0x00007ffa83f20000 - 0x00007ffa83f51000 	C:\WINDOWS\System32\IMM32.DLL
0x00007ffa7c3d0000 - 0x00007ffa7c3dc000 	C:\Program Files\Java\jdk-17\bin\vcruntime140_1.dll
0x00007ffa39ea0000 - 0x00007ffa39f2e000 	C:\Program Files\Java\jdk-17\bin\msvcp140.dll
0x00007ff9c97d0000 - 0x00007ff9ca3b0000 	C:\Program Files\Java\jdk-17\bin\server\jvm.dll
0x00007ffa84b60000 - 0x00007ffa84b68000 	C:\WINDOWS\System32\PSAPI.DLL
0x00007ffa55d10000 - 0x00007ffa55d19000 	C:\WINDOWS\SYSTEM32\WSOCK32.dll
0x00007ffa84b70000 - 0x00007ffa84be1000 	C:\WINDOWS\System32\WS2_32.dll
0x00007ffa74cb0000 - 0x00007ffa74ce4000 	C:\WINDOWS\SYSTEM32\WINMM.dll
0x00007ffa81f00000 - 0x00007ffa81f18000 	C:\WINDOWS\SYSTEM32\kernel.appcore.dll
0x00007ffa73bb0000 - 0x00007ffa73bba000 	C:\Program Files\Java\jdk-17\bin\jimage.dll
0x00007ffa80710000 - 0x00007ffa80942000 	C:\WINDOWS\SYSTEM32\DBGHELP.DLL
0x00007ffa84de0000 - 0x00007ffa85168000 	C:\WINDOWS\System32\combase.dll
0x00007ffa84050000 - 0x00007ffa84127000 	C:\WINDOWS\System32\OLEAUT32.dll
0x00007ffa55f70000 - 0x00007ffa55fa2000 	C:\WINDOWS\SYSTEM32\dbgcore.DLL
0x00007ffa83420000 - 0x00007ffa8349b000 	C:\WINDOWS\System32\bcryptPrimitives.dll
0x00007ffa73b40000 - 0x00007ffa73b4e000 	C:\Program Files\Java\jdk-17\bin\instrument.dll
0x00007ffa68b90000 - 0x00007ffa68bb5000 	C:\Program Files\Java\jdk-17\bin\java.dll
0x00007ffa85540000 - 0x00007ffa85577000 	C:\Program Files\Palo Alto Networks\Traps\cyjagent.dll
0x00007ffa338b0000 - 0x00007ffa33987000 	C:\Program Files\Java\jdk-17\bin\jsvml.dll
0x00007ffa84140000 - 0x00007ffa8499c000 	C:\WINDOWS\System32\SHELL32.dll
0x00007ffa80c30000 - 0x00007ffa81527000 	C:\WINDOWS\SYSTEM32\windows.storage.dll
0x00007ffa80af0000 - 0x00007ffa80c2f000 	C:\WINDOWS\SYSTEM32\wintypes.dll
0x00007ffa83840000 - 0x00007ffa83934000 	C:\WINDOWS\System32\SHCORE.dll
0x00007ffa84c20000 - 0x00007ffa84c7e000 	C:\WINDOWS\System32\shlwapi.dll
0x00007ffa82f30000 - 0x00007ffa82f51000 	C:\WINDOWS\SYSTEM32\profapi.dll
0x00007ffa68ef0000 - 0x00007ffa68f08000 	C:\Program Files\Java\jdk-17\bin\zip.dll
0x00007ffa68cc0000 - 0x00007ffa68cd9000 	C:\Program Files\Java\jdk-17\bin\net.dll
0x00007ffa81f20000 - 0x00007ffa82056000 	C:\WINDOWS\SYSTEM32\WINHTTP.dll
0x00007ffa824a0000 - 0x00007ffa82509000 	C:\WINDOWS\system32\mswsock.dll
0x00007ffa68b70000 - 0x00007ffa68b86000 	C:\Program Files\Java\jdk-17\bin\nio.dll
0x00007ffa66850000 - 0x00007ffa6686a000 	C:\Program Files\JetBrains\IntelliJ IDEA Community Edition 2023.1.2\bin\breakgen64.dll

dbghelp: loaded successfully - version: 4.0.5 - missing functions: none
symbol engine: initialized successfully - sym options: 0x614 - pdb path: .;C:\Program Files\Java\jdk-17\bin;C:\WINDOWS\SYSTEM32;C:\WINDOWS\WinSxS\amd64_microsoft.windows.common-controls_6595b64144ccf1df_6.0.22621.3672_none_2713b9d173822955;C:\Program Files\Java\jdk-17\bin\server;C:\Program Files\Palo Alto Networks\Traps;C:\Program Files\JetBrains\IntelliJ IDEA Community Edition 2023.1.2\bin

VM Arguments:
jvm_args: -javaagent:C:\Program Files\JetBrains\IntelliJ IDEA Community Edition 2023.1.2\lib\idea_rt.jar=52624:C:\Program Files\JetBrains\IntelliJ IDEA Community Edition 2023.1.2\bin -Dfile.encoding=UTF-8 -agentpath:C:\Program Files\Palo Alto Networks\Traps\cyjagent.dll 
java_command: Practise11
java_class_path (initial): C:\Users\SV110696\Documents\LearningAutomation\target\test-classes;C:\Users\SV110696\Documents\LearningAutomation\target\classes;C:\Users\SV110696\.m2\repository\org\seleniumhq\selenium\selenium-java\4.9.1\selenium-java-4.9.1.jar;C:\Users\SV110696\.m2\repository\org\seleniumhq\selenium\selenium-api\4.9.1\selenium-api-4.9.1.jar;C:\Users\SV110696\.m2\repository\org\seleniumhq\selenium\selenium-chrome-driver\4.9.1\selenium-chrome-driver-4.9.1.jar;C:\Users\SV110696\.m2\repository\com\google\auto\service\auto-service-annotations\1.0.1\auto-service-annotations-1.0.1.jar;C:\Users\SV110696\.m2\repository\com\google\auto\service\auto-service\1.0.1\auto-service-1.0.1.jar;C:\Users\SV110696\.m2\repository\com\google\auto\auto-common\1.2\auto-common-1.2.jar;C:\Users\SV110696\.m2\repository\com\google\guava\guava\31.1-jre\guava-31.1-jre.jar;C:\Users\SV110696\.m2\repository\com\google\guava\failureaccess\1.0.1\failureaccess-1.0.1.jar;C:\Users\SV110696\.m2\repository\com\google\guava\listenablefuture\9999.0-empty-to-avoid-conflict-with-guava\listenablefuture-9999.0-empty-to-avoid-conflict-with-guava.jar;C:\Users\SV110696\.m2\repository\com\google\code\findbugs\jsr305\3.0.2\jsr305-3.0.2.jar;C:\Users\SV110696\.m2\repository\org\checkerframework\checker-qual\3.12.0\checker-qual-3.12.0.jar;C:\Users\SV110696\.m2\repository\com\google\errorprone\error_prone_annotations\2.11.0\error_prone_annotations-2.11.0.jar;C:\Users\SV110696\.m2\repository\com\google\j2objc\j2objc-annotations\1.3\j2objc-annotations-1.3.jar;C:\Users\SV110696\.m2\repository\org\seleniumhq\selenium\selenium-chromium-driver\4.9.1\selenium-chromium-driver-4.9.1.jar;C:\Users\SV110696\.m2\repository\org\seleniumhq\selenium\selenium-json\4.9.1\selenium-json-4.9.1.jar;C:\Users\SV110696\.m2\repository\org\seleniumhq\selenium\selenium-manager\4.9.1\selenium-manager-4.9.1.jar;C:\Users\SV110696\.m2\repository\org\seleniumhq\selenium\selenium-devtools-v111\4.9.1\selenium-devtools-v111-4.9.1.jar;C:\Users
Launcher Type: SUN_STANDARD

[Global flags]
     intx CICompilerCount                          = 4                                         {product} {ergonomic}
     uint ConcGCThreads                            = 2                                         {product} {ergonomic}
     uint G1ConcRefinementThreads                  = 8                                         {product} {ergonomic}
   size_t G1HeapRegionSize                         = 4194304                                   {product} {ergonomic}
    uintx GCDrainStackTargetSize                   = 64                                        {product} {ergonomic}
   size_t InitialHeapSize                          = 532676608                                 {product} {ergonomic}
   size_t MarkStackSize                            = 4194304                                   {product} {ergonomic}
   size_t MaxHeapSize                              = 8518631424                                {product} {ergonomic}
   size_t MaxNewSize                               = 5108662272                                {product} {ergonomic}
   size_t MinHeapDeltaBytes                        = 4194304                                   {product} {ergonomic}
   size_t MinHeapSize                              = 8388608                                   {product} {ergonomic}
    uintx NonNMethodCodeHeapSize                   = 5839372                                {pd product} {ergonomic}
    uintx NonProfiledCodeHeapSize                  = 122909434                              {pd product} {ergonomic}
    uintx ProfiledCodeHeapSize                     = 122909434                              {pd product} {ergonomic}
    uintx ReservedCodeCacheSize                    = 251658240                              {pd product} {ergonomic}
     bool SegmentedCodeCache                       = true                                      {product} {ergonomic}
   size_t SoftMaxHeapSize                          = 8518631424                             {manageable} {ergonomic}
     bool UseCompressedClassPointers               = true                           {product lp64_product} {ergonomic}
     bool UseCompressedOops                        = true                           {product lp64_product} {ergonomic}
     bool UseG1GC                                  = true                                      {product} {ergonomic}
     bool UseLargePagesIndividualAllocation        = false                                  {pd product} {ergonomic}

Logging:
Log output configuration:
 #0: stdout all=warning uptime,level,tags
 #1: stderr all=off uptime,level,tags

Environment Variables:
JAVA_HOME=C:\Program Files\Java\jdk-17
PATH=C:\Program Files\Common Files\Oracle\Java\javapath;C:\WINDOWS\system32;C:\WINDOWS;C:\WINDOWS\System32\Wbem;C:\WINDOWS\System32\WindowsPowerShell\v1.0\;C:\WINDOWS\System32\OpenSSH\;C:\Program Files\dotnet\;C:\Program Files\Microsoft SQL Server\150\Tools\Binn\;C:\Program Files\Microsoft SQL Server\Client SDK\ODBC\170\Tools\Binn\;C:\Program Files\Perforce\;C:\Program Files\apache-maven-3.9.1\bin;C:\Program Files\apache-maven-3.9.1\bin;C:\Program Files\nodejs\;C:\Program Files\Java\jdk-11\bin;C:\Program Files\PuTTY\;C:\Program Files\k6\;C:\Program Files\Docker\Docker\resources\bin;C:\Program Files\Git\cmd;C:\Users\SV110696\AppData\Local\Microsoft\WindowsApps;C:\Users\SV110696\AppData\Local\Google\Cloud SDK\google-cloud-sdk\bin;C:\Program Files\Java\jdk-19;C:\Program Files\apache-maven-3.9.1\bin;C:\Users\SV110696\Downloads\apache-maven-3.9.1-bin\apache-maven-3.9.1\bin;C:\Users\SV110696\AppData\Roaming\npm;C:\Users\SV110696\.dotnet\tools;C:\Users\SV110696\AppData\Local\Programs\Microsoft VS Code\bin;
USERNAME=SV110696
OS=Windows_NT
PROCESSOR_IDENTIFIER=Intel64 Family 6 Model 140 Stepping 1, GenuineIntel



---------------  S Y S T E M  ---------------

OS:
 Windows 11 , 64 bit Build 22621 (10.0.22621.3672)
OS uptime: 8 days 21:01 hours
Hyper-V role detected

CPU: total 8 (initial active 8) (4 cores per cpu, 2 threads per core) family 6 model 140 stepping 1 microcode 0xac, cx8, cmov, fxsr, ht, mmx, 3dnowpref, sse, sse2, sse3, ssse3, sse4.1, sse4.2, popcnt, lzcnt, tsc, tscinvbit, avx, avx2, aes, erms, clmul, bmi1, bmi2, adx, avx512f, avx512dq, avx512cd, avx512bw, avx512vl, sha, fma, vzeroupper, avx512_vpopcntdq, avx512_vpclmulqdq, avx512_vaes, avx512_vnni, clflush, clflushopt, clwb, avx512_vbmi2, avx512_vbmi, hv

Memory: 4k page, system-wide physical 32490M (12967M free)
TotalPageFile size 49898M (AvailPageFile size 21861M)
current process WorkingSet (physical memory assigned to process): 47M, peak: 47M
current process commit charge ("private bytes"): 612M, peak: 613M

vm_info: Java HotSpot(TM) 64-Bit Server VM (17.0.11+7-LTS-207) for windows-amd64 JRE (17.0.11+7-LTS-207), built on Mar 11 2024 19:01:50 by "mach5one" with MS VC++ 17.6 (VS2022)

END.
