#
# A fatal error has been detected by the Java Runtime Environment:
#
#  EXCEPTION_ACCESS_VIOLATION (0xc0000005) at pc=0x00007ffa8554c2c4, pid=21544, tid=24660
#
# JRE version: Java(TM) SE Runtime Environment (17.0.11+7) (build 17.0.11+7-LTS-207)
# Java VM: Java HotSpot(TM) 64-Bit Server VM (17.0.11+7-LTS-207, mixed mode, sharing, tiered, compressed oops, compressed class ptrs, g1 gc, windows-amd64)
# Problematic frame:
# C  [cyjagent.dll+0xc2c4]
#
# No core dump will be written. Minidumps are not enabled by default on client versions of Windows
#
# If you would like to submit a bug report, please visit:
#   https://bugreport.java.com/bugreport/crash.jsp
# The crash happened outside the Java Virtual Machine in native code.
# See problematic frame for where to report the bug.
#

---------------  S U M M A R Y ------------

Command Line: -javaagent:C:\Program Files\JetBrains\IntelliJ IDEA Community Edition 2023.1.2\lib\idea_rt.jar=65488:C:\Program Files\JetBrains\IntelliJ IDEA Community Edition 2023.1.2\bin -Dfile.encoding=UTF-8 -agentpath:C:\Program Files\Palo Alto Networks\Traps\cyjagent.dll Practise11

Host: 11th Gen Intel(R) Core(TM) i7-1185G7 @ 3.00GHz, 8 cores, 31G,  Windows 11 , 64 bit Build 22621 (10.0.22621.3672)
Time: Fri Aug 23 18:38:29 2024 India Standard Time elapsed time: 0.245935 seconds (0d 0h 0m 0s)

---------------  T H R E A D  ---------------

Current thread (0x0000022fa73f7a00):  JavaThread "Monitor Ctrl-Break" daemon [_thread_in_native, id=24660, stack(0x0000008417500000,0x0000008417600000)]

Stack: [0x0000008417500000,0x0000008417600000],  sp=0x00000084175fd470,  free space=1013k
Native frames: (J=compiled Java code, j=interpreted, Vv=VM code, C=native code)
C  [cyjagent.dll+0xc2c4]

Java frames: (J=compiled Java code, j=interpreted, Vv=VM code)
j  java.net.Socket.setImpl()V+22 java.base@17.0.11
j  java.net.Socket.<init>(Ljava/net/SocketAddress;Ljava/net/SocketAddress;Z)V+46 java.base@17.0.11
j  java.net.Socket.<init>(Ljava/lang/String;I)V+34 java.base@17.0.11
j  com.intellij.rt.execution.application.AppMainV2$1.run()V+10
v  ~StubRoutines::call_stub

siginfo: EXCEPTION_ACCESS_VIOLATION (0xc0000005), reading address 0x0000000000000000


Registers:
RAX=0x0000000000000000, RBX=0x0000022fa73f7cb0, RCX=0x0000000000000000, RDX=0x0000022f371dc1d0
RSP=0x00000084175fd470, RBP=0x0000022f3924f8d0, RSI=0x0000000000000000, RDI=0x0000022f398b5dc0
R8 =0x00000084175fd2e8, R9 =0x0000000000000000, R10=0x0000000000000000, R11=0x0000000000000246
R12=0x0000022f398b5dc0, R13=0x0000022fa72b2390, R14=0x00000084175fd690, R15=0x0000000000000000
RIP=0x00007ffa8554c2c4, EFLAGS=0x0000000000010202


Register to memory mapping:

RIP=0x00007ffa8554c2c4 cyjagent.dll
RAX=0x0 is NULL
RBX=0x0000022fa73f7cb0 points into unknown readable memory: 0x00007ff9ca273670 | 70 36 27 ca f9 7f 00 00
RCX=0x0 is NULL
RDX=0x0000022f371dc1d0 points into unknown readable memory: 0x0000022fa73f7a00 | 00 7a 3f a7 2f 02 00 00
RSP=0x00000084175fd470 is pointing into the stack for thread: 0x0000022fa73f7a00
RBP=0x0000022f3924f8d0 points into unknown readable memory: 0x0000022f391b8840 | 40 88 1b 39 2f 02 00 00
RSI=0x0 is NULL
RDI=0x0000022f398b5dc0 points into unknown readable memory: 0x74656e2f6176616a | 6a 61 76 61 2f 6e 65 74
R8 =0x00000084175fd2e8 is pointing into the stack for thread: 0x0000022fa73f7a00
R9 =0x0 is NULL
R10=0x0 is NULL
R11=0x0000000000000246 is an unknown value
R12=0x0000022f398b5dc0 points into unknown readable memory: 0x74656e2f6176616a | 6a 61 76 61 2f 6e 65 74
R13=0x0000022fa72b2390 points into unknown readable memory: 0x0000000000000002 | 02 00 00 00 00 00 00 00
R14=0x00000084175fd690 is pointing into the stack for thread: 0x0000022fa73f7a00
R15=0x0 is NULL


Top of Stack: (sp=0x00000084175fd470)
0x00000084175fd470:   0000022f398b5dc0 0000022fa73f7cb0
0x00000084175fd480:   0000000000000000 00007ff9c9bd9a1a
0x00000084175fd490:   00000084175fdd68 00007ff9c9f63ff0
0x00000084175fd4a0:   0000022f63459d80 0000022f3924f8d0
0x00000084175fd4b0:   0000000000000016 0000022fa71b0f30
0x00000084175fd4c0:   0000022f3989d240 0000022fa73f7a00
0x00000084175fd4d0:   00000084175fd6c8 00007ff9c9cf5e86
0x00000084175fd4e0:   0000022f3989d240 0000022fa73f7a00
0x00000084175fd4f0:   0000000000000000 00007ff9c9b0ab48
0x00000084175fd500:   0000022f398b5dc0 0000000000000000
0x00000084175fd510:   0000008400000335 0000022f398b5a50
0x00000084175fd520:   00000084175fd618 00000084175fd538
0x00000084175fd530:   0000022f00000000 0000000000000000
0x00000084175fd540:   0000000000000000 0000000000000000
0x00000084175fd550:   0000022fa72b2390 0000022f398b4420
0x00000084175fd560:   0000022f398b5de0 0000022f398bc408 

Instructions: (pc=0x00007ffa8554c2c4)
0x00007ffa8554c1c4:   00 00 03 72 2d 44 8b ce 48 8d 05 3d df 01 00 ba
0x00007ffa8554c1d4:   2f 00 00 00 4e 8b 0c c8 48 8b 89 10 03 00 00 4c
0x00007ffa8554c1e4:   8d 05 56 de 01 00 e8 51 4f ff ff 48 8b 0d ea 37
0x00007ffa8554c1f4:   02 00 48 3b cb 74 68 f6 81 1c 03 00 00 10 74 5f
0x00007ffa8554c204:   80 b9 19 03 00 00 02 72 56 4c 8b 8c 24 90 00 00
0x00007ffa8554c214:   00 4c 8d 05 24 de 01 00 48 8b 89 10 03 00 00 ba
0x00007ffa8554c224:   31 00 00 00 e8 13 4f ff ff eb 34 49 8b 0f 4c 8b
0x00007ffa8554c234:   c3 48 8b d6 e8 f3 63 00 00 48 8b 84 24 b0 00 00
0x00007ffa8554c244:   00 89 18 48 8b 0d 7a 4b 02 00 4c 8b c6 33 d2 ff
0x00007ffa8554c254:   15 a7 4f 01 00 eb 08 a8 02 75 04 c6 47 40 01 b8
0x00007ffa8554c264:   ff ff ff ff f0 0f c1 47 10 4c 8b b4 24 88 00 00
0x00007ffa8554c274:   00 83 f8 01 75 42 48 8b 4f 18 48 81 c1 70 01 00
0x00007ffa8554c284:   00 ff 15 1d 50 01 00 48 8b 0f 48 8b 47 08 48 89
0x00007ffa8554c294:   08 48 89 41 08 48 8b 4f 18 48 81 c1 70 01 00 00
0x00007ffa8554c2a4:   ff 15 06 50 01 00 48 8b 0d 17 4b 02 00 4c 8b c7
0x00007ffa8554c2b4:   33 d2 ff 15 44 4f 01 00 48 8b 4d 20 48 8b 55 10
0x00007ffa8554c2c4:   48 8b 01 48 8b 80 08 01 00 00 ff 15 0c 50 01 00
0x00007ffa8554c2d4:   85 c0 74 40 48 8b 0d 01 37 02 00 48 8d 15 fa 36
0x00007ffa8554c2e4:   02 00 48 3b ca 74 2d f6 81 1c 03 00 00 10 74 24
0x00007ffa8554c2f4:   80 b9 19 03 00 00 03 72 1b 48 8b 89 10 03 00 00
0x00007ffa8554c304:   4c 8d 05 35 dd 01 00 ba 15 00 00 00 44 8b c8 e8
0x00007ffa8554c314:   68 4d ff ff 48 8b 6c 24 78 48 8b b4 24 80 00 00
0x00007ffa8554c324:   00 48 83 c4 50 41 5f 5f 5b c3 cc cc 40 57 48 83
0x00007ffa8554c334:   ec 30 f6 81 78 01 00 00 04 48 8b f9 0f 85 87 02
0x00007ffa8554c344:   00 00 48 89 5c 24 40 45 33 c9 48 89 6c 24 48 33
0x00007ffa8554c354:   d2 48 89 74 24 50 48 8b 71 20 45 8d 41 32 48 8b
0x00007ffa8554c364:   ce 48 8b 06 48 8b 40 08 ff 15 6e 4f 01 00 48 8d
0x00007ffa8554c374:   2d 67 36 02 00 85 c0 74 37 48 8b 0d 5c 36 02 00
0x00007ffa8554c384:   48 3b cd 74 2b f6 81 1c 03 00 00 10 74 22 80 b9
0x00007ffa8554c394:   19 03 00 00 02 72 19 48 8b 89 10 03 00 00 ba 11
0x00007ffa8554c3a4:   00 00 00 89 44 24 20 44 8d 4a 21 e8 7c dc ff ff
0x00007ffa8554c3b4:   48 8b 06 45 33 c9 33 d2 48 8b ce 48 8b 40 08 45 


Stack slot to memory mapping:
stack at sp + 0 slots: 0x0000022f398b5dc0 points into unknown readable memory: 0x74656e2f6176616a | 6a 61 76 61 2f 6e 65 74
stack at sp + 1 slots: 0x0000022fa73f7cb0 points into unknown readable memory: 0x00007ff9ca273670 | 70 36 27 ca f9 7f 00 00
stack at sp + 2 slots: 0x0 is NULL
stack at sp + 3 slots: 0x00007ff9c9bd9a1a jvm.dll
stack at sp + 4 slots: 0x00000084175fdd68 is pointing into the stack for thread: 0x0000022fa73f7a00
stack at sp + 5 slots: 0x00007ff9c9f63ff0 jvm.dll
stack at sp + 6 slots: 0x0000022f63459d80 points into unknown readable memory: 0x616a00164126ffff | ff ff 26 41 16 00 6a 61
stack at sp + 7 slots: 0x0000022f3924f8d0 points into unknown readable memory: 0x0000022f391b8840 | 40 88 1b 39 2f 02 00 00


---------------  P R O C E S S  ---------------

Threads class SMR info:
_java_thread_list=0x0000022fa75676b0, length=13, elements={
0x0000022f634d05d0, 0x0000022f634d0f90, 0x0000022fa708fe60, 0x0000022fa7091740,
0x0000022fa7094020, 0x0000022fa7094f00, 0x0000022fa7099000, 0x0000022fa70a5d40,
0x0000022fa70a8a60, 0x0000022fa71a4ad0, 0x0000022fa73a4d00, 0x0000022fa73f7a00,
0x0000022fa7647bf0
}

Java Threads: ( => current thread )
  0x0000022f634d05d0 JavaThread "Reference Handler" daemon [_thread_blocked, id=20372, stack(0x0000008416a00000,0x0000008416b00000)]
  0x0000022f634d0f90 JavaThread "Finalizer" daemon [_thread_blocked, id=14128, stack(0x0000008416b00000,0x0000008416c00000)]
  0x0000022fa708fe60 JavaThread "Signal Dispatcher" daemon [_thread_blocked, id=22092, stack(0x0000008416c00000,0x0000008416d00000)]
  0x0000022fa7091740 JavaThread "Attach Listener" daemon [_thread_blocked, id=6616, stack(0x0000008416d00000,0x0000008416e00000)]
  0x0000022fa7094020 JavaThread "Service Thread" daemon [_thread_blocked, id=28748, stack(0x0000008416e00000,0x0000008416f00000)]
  0x0000022fa7094f00 JavaThread "Monitor Deflation Thread" daemon [_thread_blocked, id=23520, stack(0x0000008416f00000,0x0000008417000000)]
  0x0000022fa7099000 JavaThread "C2 CompilerThread0" daemon [_thread_blocked, id=30188, stack(0x0000008417000000,0x0000008417100000)]
  0x0000022fa70a5d40 JavaThread "C1 CompilerThread0" daemon [_thread_blocked, id=36468, stack(0x0000008417100000,0x0000008417200000)]
  0x0000022fa70a8a60 JavaThread "Sweeper thread" daemon [_thread_blocked, id=3776, stack(0x0000008417200000,0x0000008417300000)]
  0x0000022fa71a4ad0 JavaThread "Common-Cleaner" daemon [_thread_blocked, id=26736, stack(0x0000008417300000,0x0000008417400000)]
  0x0000022fa73a4d00 JavaThread "C2 CompilerThread1" daemon [_thread_blocked, id=33212, stack(0x0000008417400000,0x0000008417500000)]
=>0x0000022fa73f7a00 JavaThread "Monitor Ctrl-Break" daemon [_thread_in_native, id=24660, stack(0x0000008417500000,0x0000008417600000)]
  0x0000022fa7647bf0 JavaThread "Notification Thread" daemon [_thread_blocked, id=42676, stack(0x0000008417600000,0x0000008417700000)]

Other Threads:
  0x0000022f634c9810 VMThread "VM Thread" [stack: 0x0000008416900000,0x0000008416a00000] [id=42932] _threads_hazard_ptr=0x0000022fa75676b0
  0x0000022f63320880 GCTaskThread "GC Thread#0" [stack: 0x0000008416400000,0x0000008416500000] [id=39320]
  0x0000022f3992a020 ConcurrentGCThread "G1 Main Marker" terminated
  0x0000022f3992c4b0 ConcurrentGCThread "G1 Conc#0" [stack: 0x0000008416600000,0x0000008416700000] [id=38784]
  0x0000022f633f4300 ConcurrentGCThread "G1 Refine#0" terminated
  0x0000022f633f4c30 ConcurrentGCThread "G1 Service" terminated

Threads with active compile tasks:

VM state: at safepoint (normal execution)

VM Mutex/Monitor currently owned by a thread:  ([mutex/lock_event])
[0x0000022f398a7200] Threads_lock - owner thread: 0x0000022f634c9810
[0x0000022f398a8250] Heap_lock - owner thread: 0x0000022f398ad0a0

Heap address: 0x0000000604400000, size: 8124 MB, Compressed Oops mode: Zero based, Oop shift amount: 3

CDS archive(s) mapped at: [0x0000022f66000000-0x0000022f66bd0000-0x0000022f66bd0000), size 12386304, SharedBaseAddress: 0x0000022f66000000, ArchiveRelocationMode: 1.
Compressed class space mapped at: 0x0000022f67000000-0x0000022fa7000000, reserved size: 1073741824
Narrow klass base: 0x0000022f66000000, Narrow klass shift: 0, Narrow klass range: 0x100000000

GC Precious Log:
 CPUs: 8 total, 8 available
 Memory: 32490M
 Large Page Support: Disabled
 NUMA Support: Disabled
 Compressed Oops: Enabled (Zero based)
 Heap Region Size: 4M
 Heap Min Capacity: 8M
 Heap Initial Capacity: 508M
 Heap Max Capacity: 8124M
 Pre-touch: Disabled
 Parallel Workers: 8
 Concurrent Workers: 2
 Concurrent Refinement Workers: 8
 Periodic GC: Disabled

Heap:
 garbage-first heap   total 520192K, used 4096K [0x0000000604400000, 0x0000000800000000)
  region size 4096K, 2 young (8192K), 0 survivors (0K)
 Metaspace       used 623K, committed 832K, reserved 1114112K
  class space    used 29K, committed 128K, reserved 1048576K

Heap Regions: E=young(eden), S=young(survivor), O=old, HS=humongous(starts), HC=humongous(continues), CS=collection set, F=free, OA=open archive, CA=closed archive, TAMS=top-at-mark-start (previous, next)
|   0|0x0000000604400000, 0x0000000604400000, 0x0000000604800000|  0%| F|  |TAMS 0x0000000604400000, 0x0000000604400000| Untracked 
|   1|0x0000000604800000, 0x0000000604800000, 0x0000000604c00000|  0%| F|  |TAMS 0x0000000604800000, 0x0000000604800000| Untracked 
|   2|0x0000000604c00000, 0x0000000604c00000, 0x0000000605000000|  0%| F|  |TAMS 0x0000000604c00000, 0x0000000604c00000| Untracked 
|   3|0x0000000605000000, 0x0000000605000000, 0x0000000605400000|  0%| F|  |TAMS 0x0000000605000000, 0x0000000605000000| Untracked 
|   4|0x0000000605400000, 0x0000000605400000, 0x0000000605800000|  0%| F|  |TAMS 0x0000000605400000, 0x0000000605400000| Untracked 
|   5|0x0000000605800000, 0x0000000605800000, 0x0000000605c00000|  0%| F|  |TAMS 0x0000000605800000, 0x0000000605800000| Untracked 
|   6|0x0000000605c00000, 0x0000000605c00000, 0x0000000606000000|  0%| F|  |TAMS 0x0000000605c00000, 0x0000000605c00000| Untracked 
|   7|0x0000000606000000, 0x0000000606000000, 0x0000000606400000|  0%| F|  |TAMS 0x0000000606000000, 0x0000000606000000| Untracked 
|   8|0x0000000606400000, 0x0000000606400000, 0x0000000606800000|  0%| F|  |TAMS 0x0000000606400000, 0x0000000606400000| Untracked 
|   9|0x0000000606800000, 0x0000000606800000, 0x0000000606c00000|  0%| F|  |TAMS 0x0000000606800000, 0x0000000606800000| Untracked 
|  10|0x0000000606c00000, 0x0000000606c00000, 0x0000000607000000|  0%| F|  |TAMS 0x0000000606c00000, 0x0000000606c00000| Untracked 
|  11|0x0000000607000000, 0x0000000607000000, 0x0000000607400000|  0%| F|  |TAMS 0x0000000607000000, 0x0000000607000000| Untracked 
|  12|0x0000000607400000, 0x0000000607400000, 0x0000000607800000|  0%| F|  |TAMS 0x0000000607400000, 0x0000000607400000| Untracked 
|  13|0x0000000607800000, 0x0000000607800000, 0x0000000607c00000|  0%| F|  |TAMS 0x0000000607800000, 0x0000000607800000| Untracked 
|  14|0x0000000607c00000, 0x0000000607c00000, 0x0000000608000000|  0%| F|  |TAMS 0x0000000607c00000, 0x0000000607c00000| Untracked 
|  15|0x0000000608000000, 0x0000000608000000, 0x0000000608400000|  0%| F|  |TAMS 0x0000000608000000, 0x0000000608000000| Untracked 
|  16|0x0000000608400000, 0x0000000608400000, 0x0000000608800000|  0%| F|  |TAMS 0x0000000608400000, 0x0000000608400000| Untracked 
|  17|0x0000000608800000, 0x0000000608800000, 0x0000000608c00000|  0%| F|  |TAMS 0x0000000608800000, 0x0000000608800000| Untracked 
|  18|0x0000000608c00000, 0x0000000608c00000, 0x0000000609000000|  0%| F|  |TAMS 0x0000000608c00000, 0x0000000608c00000| Untracked 
|  19|0x0000000609000000, 0x0000000609000000, 0x0000000609400000|  0%| F|  |TAMS 0x0000000609000000, 0x0000000609000000| Untracked 
|  20|0x0000000609400000, 0x0000000609400000, 0x0000000609800000|  0%| F|  |TAMS 0x0000000609400000, 0x0000000609400000| Untracked 
|  21|0x0000000609800000, 0x0000000609800000, 0x0000000609c00000|  0%| F|  |TAMS 0x0000000609800000, 0x0000000609800000| Untracked 
|  22|0x0000000609c00000, 0x0000000609c00000, 0x000000060a000000|  0%| F|  |TAMS 0x0000000609c00000, 0x0000000609c00000| Untracked 
|  23|0x000000060a000000, 0x000000060a000000, 0x000000060a400000|  0%| F|  |TAMS 0x000000060a000000, 0x000000060a000000| Untracked 
|  24|0x000000060a400000, 0x000000060a400000, 0x000000060a800000|  0%| F|  |TAMS 0x000000060a400000, 0x000000060a400000| Untracked 
|  25|0x000000060a800000, 0x000000060a800000, 0x000000060ac00000|  0%| F|  |TAMS 0x000000060a800000, 0x000000060a800000| Untracked 
|  26|0x000000060ac00000, 0x000000060ac00000, 0x000000060b000000|  0%| F|  |TAMS 0x000000060ac00000, 0x000000060ac00000| Untracked 
|  27|0x000000060b000000, 0x000000060b000000, 0x000000060b400000|  0%| F|  |TAMS 0x000000060b000000, 0x000000060b000000| Untracked 
|  28|0x000000060b400000, 0x000000060b400000, 0x000000060b800000|  0%| F|  |TAMS 0x000000060b400000, 0x000000060b400000| Untracked 
|  29|0x000000060b800000, 0x000000060b800000, 0x000000060bc00000|  0%| F|  |TAMS 0x000000060b800000, 0x000000060b800000| Untracked 
|  30|0x000000060bc00000, 0x000000060bc00000, 0x000000060c000000|  0%| F|  |TAMS 0x000000060bc00000, 0x000000060bc00000| Untracked 
|  31|0x000000060c000000, 0x000000060c000000, 0x000000060c400000|  0%| F|  |TAMS 0x000000060c000000, 0x000000060c000000| Untracked 
|  32|0x000000060c400000, 0x000000060c400000, 0x000000060c800000|  0%| F|  |TAMS 0x000000060c400000, 0x000000060c400000| Untracked 
|  33|0x000000060c800000, 0x000000060c800000, 0x000000060cc00000|  0%| F|  |TAMS 0x000000060c800000, 0x000000060c800000| Untracked 
|  34|0x000000060cc00000, 0x000000060cc00000, 0x000000060d000000|  0%| F|  |TAMS 0x000000060cc00000, 0x000000060cc00000| Untracked 
|  35|0x000000060d000000, 0x000000060d000000, 0x000000060d400000|  0%| F|  |TAMS 0x000000060d000000, 0x000000060d000000| Untracked 
|  36|0x000000060d400000, 0x000000060d400000, 0x000000060d800000|  0%| F|  |TAMS 0x000000060d400000, 0x000000060d400000| Untracked 
|  37|0x000000060d800000, 0x000000060d800000, 0x000000060dc00000|  0%| F|  |TAMS 0x000000060d800000, 0x000000060d800000| Untracked 
|  38|0x000000060dc00000, 0x000000060dc00000, 0x000000060e000000|  0%| F|  |TAMS 0x000000060dc00000, 0x000000060dc00000| Untracked 
|  39|0x000000060e000000, 0x000000060e000000, 0x000000060e400000|  0%| F|  |TAMS 0x000000060e000000, 0x000000060e000000| Untracked 
|  40|0x000000060e400000, 0x000000060e400000, 0x000000060e800000|  0%| F|  |TAMS 0x000000060e400000, 0x000000060e400000| Untracked 
|  41|0x000000060e800000, 0x000000060e800000, 0x000000060ec00000|  0%| F|  |TAMS 0x000000060e800000, 0x000000060e800000| Untracked 
|  42|0x000000060ec00000, 0x000000060ec00000, 0x000000060f000000|  0%| F|  |TAMS 0x000000060ec00000, 0x000000060ec00000| Untracked 
|  43|0x000000060f000000, 0x000000060f000000, 0x000000060f400000|  0%| F|  |TAMS 0x000000060f000000, 0x000000060f000000| Untracked 
|  44|0x000000060f400000, 0x000000060f400000, 0x000000060f800000|  0%| F|  |TAMS 0x000000060f400000, 0x000000060f400000| Untracked 
|  45|0x000000060f800000, 0x000000060f800000, 0x000000060fc00000|  0%| F|  |TAMS 0x000000060f800000, 0x000000060f800000| Untracked 
|  46|0x000000060fc00000, 0x000000060fc00000, 0x0000000610000000|  0%| F|  |TAMS 0x000000060fc00000, 0x000000060fc00000| Untracked 
|  47|0x0000000610000000, 0x0000000610000000, 0x0000000610400000|  0%| F|  |TAMS 0x0000000610000000, 0x0000000610000000| Untracked 
|  48|0x0000000610400000, 0x0000000610400000, 0x0000000610800000|  0%| F|  |TAMS 0x0000000610400000, 0x0000000610400000| Untracked 
|  49|0x0000000610800000, 0x0000000610800000, 0x0000000610c00000|  0%| F|  |TAMS 0x0000000610800000, 0x0000000610800000| Untracked 
|  50|0x0000000610c00000, 0x0000000610c00000, 0x0000000611000000|  0%| F|  |TAMS 0x0000000610c00000, 0x0000000610c00000| Untracked 
|  51|0x0000000611000000, 0x0000000611000000, 0x0000000611400000|  0%| F|  |TAMS 0x0000000611000000, 0x0000000611000000| Untracked 
|  52|0x0000000611400000, 0x0000000611400000, 0x0000000611800000|  0%| F|  |TAMS 0x0000000611400000, 0x0000000611400000| Untracked 
|  53|0x0000000611800000, 0x0000000611800000, 0x0000000611c00000|  0%| F|  |TAMS 0x0000000611800000, 0x0000000611800000| Untracked 
|  54|0x0000000611c00000, 0x0000000611c00000, 0x0000000612000000|  0%| F|  |TAMS 0x0000000611c00000, 0x0000000611c00000| Untracked 
|  55|0x0000000612000000, 0x0000000612000000, 0x0000000612400000|  0%| F|  |TAMS 0x0000000612000000, 0x0000000612000000| Untracked 
|  56|0x0000000612400000, 0x0000000612400000, 0x0000000612800000|  0%| F|  |TAMS 0x0000000612400000, 0x0000000612400000| Untracked 
|  57|0x0000000612800000, 0x0000000612800000, 0x0000000612c00000|  0%| F|  |TAMS 0x0000000612800000, 0x0000000612800000| Untracked 
|  58|0x0000000612c00000, 0x0000000612c00000, 0x0000000613000000|  0%| F|  |TAMS 0x0000000612c00000, 0x0000000612c00000| Untracked 
|  59|0x0000000613000000, 0x0000000613000000, 0x0000000613400000|  0%| F|  |TAMS 0x0000000613000000, 0x0000000613000000| Untracked 
|  60|0x0000000613400000, 0x0000000613400000, 0x0000000613800000|  0%| F|  |TAMS 0x0000000613400000, 0x0000000613400000| Untracked 
|  61|0x0000000613800000, 0x0000000613800000, 0x0000000613c00000|  0%| F|  |TAMS 0x0000000613800000, 0x0000000613800000| Untracked 
|  62|0x0000000613c00000, 0x0000000613c00000, 0x0000000614000000|  0%| F|  |TAMS 0x0000000613c00000, 0x0000000613c00000| Untracked 
|  63|0x0000000614000000, 0x0000000614000000, 0x0000000614400000|  0%| F|  |TAMS 0x0000000614000000, 0x0000000614000000| Untracked 
|  64|0x0000000614400000, 0x0000000614400000, 0x0000000614800000|  0%| F|  |TAMS 0x0000000614400000, 0x0000000614400000| Untracked 
|  65|0x0000000614800000, 0x0000000614800000, 0x0000000614c00000|  0%| F|  |TAMS 0x0000000614800000, 0x0000000614800000| Untracked 
|  66|0x0000000614c00000, 0x0000000614c00000, 0x0000000615000000|  0%| F|  |TAMS 0x0000000614c00000, 0x0000000614c00000| Untracked 
|  67|0x0000000615000000, 0x0000000615000000, 0x0000000615400000|  0%| F|  |TAMS 0x0000000615000000, 0x0000000615000000| Untracked 
|  68|0x0000000615400000, 0x0000000615400000, 0x0000000615800000|  0%| F|  |TAMS 0x0000000615400000, 0x0000000615400000| Untracked 
|  69|0x0000000615800000, 0x0000000615800000, 0x0000000615c00000|  0%| F|  |TAMS 0x0000000615800000, 0x0000000615800000| Untracked 
|  70|0x0000000615c00000, 0x0000000615c00000, 0x0000000616000000|  0%| F|  |TAMS 0x0000000615c00000, 0x0000000615c00000| Untracked 
|  71|0x0000000616000000, 0x0000000616000000, 0x0000000616400000|  0%| F|  |TAMS 0x0000000616000000, 0x0000000616000000| Untracked 
|  72|0x0000000616400000, 0x0000000616400000, 0x0000000616800000|  0%| F|  |TAMS 0x0000000616400000, 0x0000000616400000| Untracked 
|  73|0x0000000616800000, 0x0000000616800000, 0x0000000616c00000|  0%| F|  |TAMS 0x0000000616800000, 0x0000000616800000| Untracked 
|  74|0x0000000616c00000, 0x0000000616c00000, 0x0000000617000000|  0%| F|  |TAMS 0x0000000616c00000, 0x0000000616c00000| Untracked 
|  75|0x0000000617000000, 0x0000000617000000, 0x0000000617400000|  0%| F|  |TAMS 0x0000000617000000, 0x0000000617000000| Untracked 
|  76|0x0000000617400000, 0x0000000617400000, 0x0000000617800000|  0%| F|  |TAMS 0x0000000617400000, 0x0000000617400000| Untracked 
|  77|0x0000000617800000, 0x0000000617800000, 0x0000000617c00000|  0%| F|  |TAMS 0x0000000617800000, 0x0000000617800000| Untracked 
|  78|0x0000000617c00000, 0x0000000617c00000, 0x0000000618000000|  0%| F|  |TAMS 0x0000000617c00000, 0x0000000617c00000| Untracked 
|  79|0x0000000618000000, 0x0000000618000000, 0x0000000618400000|  0%| F|  |TAMS 0x0000000618000000, 0x0000000618000000| Untracked 
|  80|0x0000000618400000, 0x0000000618400000, 0x0000000618800000|  0%| F|  |TAMS 0x0000000618400000, 0x0000000618400000| Untracked 
|  81|0x0000000618800000, 0x0000000618800000, 0x0000000618c00000|  0%| F|  |TAMS 0x0000000618800000, 0x0000000618800000| Untracked 
|  82|0x0000000618c00000, 0x0000000618c00000, 0x0000000619000000|  0%| F|  |TAMS 0x0000000618c00000, 0x0000000618c00000| Untracked 
|  83|0x0000000619000000, 0x0000000619000000, 0x0000000619400000|  0%| F|  |TAMS 0x0000000619000000, 0x0000000619000000| Untracked 
|  84|0x0000000619400000, 0x0000000619400000, 0x0000000619800000|  0%| F|  |TAMS 0x0000000619400000, 0x0000000619400000| Untracked 
|  85|0x0000000619800000, 0x0000000619800000, 0x0000000619c00000|  0%| F|  |TAMS 0x0000000619800000, 0x0000000619800000| Untracked 
|  86|0x0000000619c00000, 0x0000000619c00000, 0x000000061a000000|  0%| F|  |TAMS 0x0000000619c00000, 0x0000000619c00000| Untracked 
|  87|0x000000061a000000, 0x000000061a000000, 0x000000061a400000|  0%| F|  |TAMS 0x000000061a000000, 0x000000061a000000| Untracked 
|  88|0x000000061a400000, 0x000000061a400000, 0x000000061a800000|  0%| F|  |TAMS 0x000000061a400000, 0x000000061a400000| Untracked 
|  89|0x000000061a800000, 0x000000061a800000, 0x000000061ac00000|  0%| F|  |TAMS 0x000000061a800000, 0x000000061a800000| Untracked 
|  90|0x000000061ac00000, 0x000000061ac00000, 0x000000061b000000|  0%| F|  |TAMS 0x000000061ac00000, 0x000000061ac00000| Untracked 
|  91|0x000000061b000000, 0x000000061b000000, 0x000000061b400000|  0%| F|  |TAMS 0x000000061b000000, 0x000000061b000000| Untracked 
|  92|0x000000061b400000, 0x000000061b400000, 0x000000061b800000|  0%| F|  |TAMS 0x000000061b400000, 0x000000061b400000| Untracked 
|  93|0x000000061b800000, 0x000000061b800000, 0x000000061bc00000|  0%| F|  |TAMS 0x000000061b800000, 0x000000061b800000| Untracked 
|  94|0x000000061bc00000, 0x000000061bc00000, 0x000000061c000000|  0%| F|  |TAMS 0x000000061bc00000, 0x000000061bc00000| Untracked 
|  95|0x000000061c000000, 0x000000061c000000, 0x000000061c400000|  0%| F|  |TAMS 0x000000061c000000, 0x000000061c000000| Untracked 
|  96|0x000000061c400000, 0x000000061c400000, 0x000000061c800000|  0%| F|  |TAMS 0x000000061c400000, 0x000000061c400000| Untracked 
|  97|0x000000061c800000, 0x000000061c800000, 0x000000061cc00000|  0%| F|  |TAMS 0x000000061c800000, 0x000000061c800000| Untracked 
|  98|0x000000061cc00000, 0x000000061cc00000, 0x000000061d000000|  0%| F|  |TAMS 0x000000061cc00000, 0x000000061cc00000| Untracked 
|  99|0x000000061d000000, 0x000000061d000000, 0x000000061d400000|  0%| F|  |TAMS 0x000000061d000000, 0x000000061d000000| Untracked 
| 100|0x000000061d400000, 0x000000061d400000, 0x000000061d800000|  0%| F|  |TAMS 0x000000061d400000, 0x000000061d400000| Untracked 
| 101|0x000000061d800000, 0x000000061d800000, 0x000000061dc00000|  0%| F|  |TAMS 0x000000061d800000, 0x000000061d800000| Untracked 
| 102|0x000000061dc00000, 0x000000061dc00000, 0x000000061e000000|  0%| F|  |TAMS 0x000000061dc00000, 0x000000061dc00000| Untracked 
| 103|0x000000061e000000, 0x000000061e000000, 0x000000061e400000|  0%| F|  |TAMS 0x000000061e000000, 0x000000061e000000| Untracked 
| 104|0x000000061e400000, 0x000000061e400000, 0x000000061e800000|  0%| F|  |TAMS 0x000000061e400000, 0x000000061e400000| Untracked 
| 105|0x000000061e800000, 0x000000061e800000, 0x000000061ec00000|  0%| F|  |TAMS 0x000000061e800000, 0x000000061e800000| Untracked 
| 106|0x000000061ec00000, 0x000000061ec00000, 0x000000061f000000|  0%| F|  |TAMS 0x000000061ec00000, 0x000000061ec00000| Untracked 
| 107|0x000000061f000000, 0x000000061f000000, 0x000000061f400000|  0%| F|  |TAMS 0x000000061f000000, 0x000000061f000000| Untracked 
| 108|0x000000061f400000, 0x000000061f400000, 0x000000061f800000|  0%| F|  |TAMS 0x000000061f400000, 0x000000061f400000| Untracked 
| 109|0x000000061f800000, 0x000000061f800000, 0x000000061fc00000|  0%| F|  |TAMS 0x000000061f800000, 0x000000061f800000| Untracked 
| 110|0x000000061fc00000, 0x000000061fc00000, 0x0000000620000000|  0%| F|  |TAMS 0x000000061fc00000, 0x000000061fc00000| Untracked 
| 111|0x0000000620000000, 0x0000000620000000, 0x0000000620400000|  0%| F|  |TAMS 0x0000000620000000, 0x0000000620000000| Untracked 
| 112|0x0000000620400000, 0x0000000620400000, 0x0000000620800000|  0%| F|  |TAMS 0x0000000620400000, 0x0000000620400000| Untracked 
| 113|0x0000000620800000, 0x0000000620800000, 0x0000000620c00000|  0%| F|  |TAMS 0x0000000620800000, 0x0000000620800000| Untracked 
| 114|0x0000000620c00000, 0x0000000620c00000, 0x0000000621000000|  0%| F|  |TAMS 0x0000000620c00000, 0x0000000620c00000| Untracked 
| 115|0x0000000621000000, 0x0000000621000000, 0x0000000621400000|  0%| F|  |TAMS 0x0000000621000000, 0x0000000621000000| Untracked 
| 116|0x0000000621400000, 0x0000000621400000, 0x0000000621800000|  0%| F|  |TAMS 0x0000000621400000, 0x0000000621400000| Untracked 
| 117|0x0000000621800000, 0x0000000621800000, 0x0000000621c00000|  0%| F|  |TAMS 0x0000000621800000, 0x0000000621800000| Untracked 
| 118|0x0000000621c00000, 0x0000000621c00000, 0x0000000622000000|  0%| F|  |TAMS 0x0000000621c00000, 0x0000000621c00000| Untracked 
| 119|0x0000000622000000, 0x0000000622000000, 0x0000000622400000|  0%| F|  |TAMS 0x0000000622000000, 0x0000000622000000| Untracked 
| 120|0x0000000622400000, 0x0000000622400000, 0x0000000622800000|  0%| F|  |TAMS 0x0000000622400000, 0x0000000622400000| Untracked 
| 121|0x0000000622800000, 0x0000000622800000, 0x0000000622c00000|  0%| F|  |TAMS 0x0000000622800000, 0x0000000622800000| Untracked 
| 122|0x0000000622c00000, 0x0000000622c00000, 0x0000000623000000|  0%| F|  |TAMS 0x0000000622c00000, 0x0000000622c00000| Untracked 
| 123|0x0000000623000000, 0x0000000623000000, 0x0000000623400000|  0%| F|  |TAMS 0x0000000623000000, 0x0000000623000000| Untracked 
| 124|0x0000000623400000, 0x0000000623400000, 0x0000000623800000|  0%| F|  |TAMS 0x0000000623400000, 0x0000000623400000| Untracked 
| 125|0x0000000623800000, 0x0000000623a47e58, 0x0000000623c00000| 57%| E|  |TAMS 0x0000000623800000, 0x0000000623800000| Complete 
| 126|0x0000000623c00000, 0x0000000624000000, 0x0000000624000000|100%| E|CS|TAMS 0x0000000623c00000, 0x0000000623c00000| Complete 

Card table byte_map: [0x0000022f51540000,0x0000022f52520000] _byte_map_base: 0x0000022f4e51e000

Marking Bits (Prev, Next): (CMBitMap*) 0x0000022f39919b60, (CMBitMap*) 0x0000022f39919ba0
 Prev Bits: [0x0000022f53500000, 0x0000022f5b3f0000)
 Next Bits: [0x0000022f5b3f0000, 0x0000022f632e0000)

Polling page: 0x0000022f37620000

Metaspace:

Usage:
  Non-class:    593.59 KB used.
      Class:     29.95 KB used.
       Both:    623.54 KB used.

Virtual space:
  Non-class space:       64.00 MB reserved,     704.00 KB (  1%) committed,  1 nodes.
      Class space:        1.00 GB reserved,     128.00 KB ( <1%) committed,  1 nodes.
             Both:        1.06 GB reserved,     832.00 KB ( <1%) committed. 

Chunk freelists:
   Non-Class:  11.98 MB
       Class:  15.74 MB
        Both:  27.73 MB

MaxMetaspaceSize: unlimited
CompressedClassSpaceSize: 1.00 GB
Initial GC threshold: 21.00 MB
Current GC threshold: 21.00 MB
CDS: on
MetaspaceReclaimPolicy: balanced
 - commit_granule_bytes: 65536.
 - commit_granule_words: 8192.
 - virtual_space_node_default_size: 8388608.
 - enlarge_chunks_in_place: 1.
 - new_chunks_are_fully_committed: 0.
 - uncommit_free_chunks: 1.
 - use_allocation_guard: 0.
 - handle_deallocations: 1.


Internal statistics:

num_allocs_failed_limit: 0.
num_arena_births: 6.
num_arena_deaths: 0.
num_vsnodes_births: 2.
num_vsnodes_deaths: 0.
num_space_committed: 13.
num_space_uncommitted: 0.
num_chunks_returned_to_freelist: 0.
num_chunks_taken_from_freelist: 10.
num_chunk_merges: 0.
num_chunk_splits: 5.
num_chunks_enlarged: 2.
num_inconsistent_stats: 0.

CodeHeap 'non-profiled nmethods': size=120000Kb used=104Kb max_used=104Kb free=119895Kb
 bounds [0x0000022f48bf0000, 0x0000022f48e60000, 0x0000022f50120000]
CodeHeap 'profiled nmethods': size=120000Kb used=393Kb max_used=393Kb free=119606Kb
 bounds [0x0000022f41120000, 0x0000022f41390000, 0x0000022f48650000]
CodeHeap 'non-nmethods': size=5760Kb used=1125Kb max_used=1137Kb free=4634Kb
 bounds [0x0000022f48650000, 0x0000022f488c0000, 0x0000022f48bf0000]
 total_blobs=706 nmethods=314 adapters=305
 compilation: enabled
              stopped_count=0, restarted_count=0
 full_count=0

Compilation events (20 events):
Event: 0.212 Thread 0x0000022fa70a5d40  305       3       java.util.zip.ZipUtils::CENLEN (9 bytes)
Event: 0.212 Thread 0x0000022fa70a5d40 nmethod 305 0x0000022f4117d010 code [0x0000022f4117d1c0, 0x0000022f4117d498]
Event: 0.213 Thread 0x0000022fa73a4d00  306       4       java.lang.String::indexOf (7 bytes)
Event: 0.214 Thread 0x0000022fa70a5d40  307       3       java.lang.StringLatin1::indexOf (121 bytes)
Event: 0.214 Thread 0x0000022fa70a5d40 nmethod 307 0x0000022f4117d610 code [0x0000022f4117d7e0, 0x0000022f4117dcd8]
Event: 0.214 Thread 0x0000022fa70a5d40  308   !   3       java.util.zip.ZipFile$Source::getEntryPos (181 bytes)
Event: 0.214 Thread 0x0000022fa73a4d00 nmethod 306 0x0000022f48c09f10 code [0x0000022f48c0a080, 0x0000022f48c0a258]
Event: 0.215 Thread 0x0000022fa70a5d40 nmethod 308 0x0000022f4117df10 code [0x0000022f4117e200, 0x0000022f4117f328]
Event: 0.215 Thread 0x0000022fa70a5d40  309   !   3       java.util.zip.ZipFile::getEntry (59 bytes)
Event: 0.215 Thread 0x0000022fa70a5d40 nmethod 309 0x0000022f4117fd90 code [0x0000022f4117ff80, 0x0000022f411803f8]
Event: 0.215 Thread 0x0000022fa70a5d40  310       3       java.lang.String::lastIndexOf (29 bytes)
Event: 0.215 Thread 0x0000022fa70a5d40 nmethod 310 0x0000022f41180690 code [0x0000022f41180860, 0x0000022f41180b18]
Event: 0.215 Thread 0x0000022fa70a5d40  311       3       java.util.zip.ZipCoder::hash (36 bytes)
Event: 0.216 Thread 0x0000022fa70a5d40 nmethod 311 0x0000022f41180c10 code [0x0000022f41180e20, 0x0000022f41181548]
Event: 0.229 Thread 0x0000022fa70a5d40  312       3       java.lang.StringUTF16::getChar (60 bytes)
Event: 0.229 Thread 0x0000022fa70a5d40 nmethod 312 0x0000022f41181890 code [0x0000022f41181a20, 0x0000022f41181b98]
Event: 0.230 Thread 0x0000022fa70a5d40  313       3       java.lang.invoke.MemberName::isInvocable (8 bytes)
Event: 0.230 Thread 0x0000022fa70a5d40 nmethod 313 0x0000022f41181c90 code [0x0000022f41181e40, 0x0000022f411820d8]
Event: 0.230 Thread 0x0000022fa70a5d40  314       3       java.lang.invoke.MemberName::testAnyFlags (15 bytes)
Event: 0.230 Thread 0x0000022fa70a5d40 nmethod 314 0x0000022f41182210 code [0x0000022f411823c0, 0x0000022f411825f8]

GC Heap History (0 events):
No events

Deoptimization events (18 events):
Event: 0.176 Thread 0x0000022f398ad0a0 DEOPT PACKING pc=0x0000022f411296e7 sp=0x00000084163fe060
Event: 0.176 Thread 0x0000022f398ad0a0 DEOPT UNPACKING pc=0x0000022f486a66e3 sp=0x00000084163fd480 mode 0
Event: 0.182 Thread 0x0000022f398ad0a0 Uncommon trap: trap_request=0xffffff45 fr.pc=0x0000022f48bfdc0c relative=0x000000000000092c
Event: 0.182 Thread 0x0000022f398ad0a0 Uncommon trap: reason=unstable_if action=reinterpret pc=0x0000022f48bfdc0c method=java.util.HashMap.putVal(ILjava/lang/Object;Ljava/lang/Object;ZZ)Ljava/lang/Object; @ 181 c2
Event: 0.182 Thread 0x0000022f398ad0a0 DEOPT PACKING pc=0x0000022f48bfdc0c sp=0x00000084163feba0
Event: 0.182 Thread 0x0000022f398ad0a0 DEOPT UNPACKING pc=0x0000022f486a5ba3 sp=0x00000084163feb40 mode 2
Event: 0.208 Thread 0x0000022f398ad0a0 Uncommon trap: trap_request=0xffffff45 fr.pc=0x0000022f48c04694 relative=0x0000000000000174
Event: 0.208 Thread 0x0000022f398ad0a0 Uncommon trap: reason=unstable_if action=reinterpret pc=0x0000022f48c04694 method=java.util.zip.ZipFile$Source.isMetaName([BII)Z @ 43 c2
Event: 0.208 Thread 0x0000022f398ad0a0 DEOPT PACKING pc=0x0000022f48c04694 sp=0x00000084163fe2f0
Event: 0.208 Thread 0x0000022f398ad0a0 DEOPT UNPACKING pc=0x0000022f486a5ba3 sp=0x00000084163fe298 mode 2
Event: 0.229 Thread 0x0000022f398ad0a0 Uncommon trap: trap_request=0xffffff45 fr.pc=0x0000022f48bf195c relative=0x000000000000005c
Event: 0.229 Thread 0x0000022f398ad0a0 Uncommon trap: reason=unstable_if action=reinterpret pc=0x0000022f48bf195c method=java.lang.String.isLatin1()Z @ 10 c2
Event: 0.229 Thread 0x0000022f398ad0a0 DEOPT PACKING pc=0x0000022f48bf195c sp=0x00000084163fe7a0
Event: 0.229 Thread 0x0000022f398ad0a0 DEOPT UNPACKING pc=0x0000022f486a5ba3 sp=0x00000084163fe730 mode 2
Event: 0.229 Thread 0x0000022f398ad0a0 Uncommon trap: trap_request=0xffffff45 fr.pc=0x0000022f48bf15f8 relative=0x0000000000000078
Event: 0.229 Thread 0x0000022f398ad0a0 Uncommon trap: reason=unstable_if action=reinterpret pc=0x0000022f48bf15f8 method=java.lang.String.isLatin1()Z @ 10 c2
Event: 0.229 Thread 0x0000022f398ad0a0 DEOPT PACKING pc=0x0000022f48bf15f8 sp=0x00000084163ff180
Event: 0.229 Thread 0x0000022f398ad0a0 DEOPT UNPACKING pc=0x0000022f486a5ba3 sp=0x00000084163ff0c0 mode 2

Classes unloaded (0 events):
No events

Classes redefined (4 events):
Event: 0.222 Thread 0x0000022f634c9810 redefined class name=java.io.FileOutputStream, count=1
Event: 0.224 Thread 0x0000022f634c9810 redefined class name=java.nio.file.Files, count=1
Event: 0.226 Thread 0x0000022f634c9810 redefined class name=java.io.File, count=1
Event: 0.227 Thread 0x0000022f634c9810 redefined class name=java.net.URLStreamHandler, count=1

Internal exceptions (0 events):
No events

VM Operations (12 events):
Event: 0.133 Executing VM operation: HandshakeAllThreads
Event: 0.133 Executing VM operation: HandshakeAllThreads done
Event: 0.221 Executing VM operation: RedefineClasses
Event: 0.222 Executing VM operation: RedefineClasses done
Event: 0.224 Executing VM operation: RedefineClasses
Event: 0.225 Executing VM operation: RedefineClasses done
Event: 0.226 Executing VM operation: RedefineClasses
Event: 0.227 Executing VM operation: RedefineClasses done
Event: 0.227 Executing VM operation: RedefineClasses
Event: 0.228 Executing VM operation: RedefineClasses done
Event: 0.230 Executing VM operation: HandshakeAllThreads
Event: 0.230 Executing VM operation: HandshakeAllThreads done

Events (20 events):
Event: 0.221 loading class java/lang/WeakPairMap$WeakRefPeer
Event: 0.221 loading class java/lang/WeakPairMap$WeakRefPeer done
Event: 0.221 loading class java/lang/WeakPairMap$Pair$Weak done
Event: 0.221 loading class java/lang/WeakPairMap$Pair$Weak$1
Event: 0.221 loading class java/lang/WeakPairMap$Pair$Weak$1 done
Event: 0.228 Thread 0x0000022fa7647bf0 Thread added: 0x0000022fa7647bf0
Event: 0.228 loading class java/net/Socket done
Event: 0.229 loading class java/net/InetSocketAddress
Event: 0.229 loading class java/net/SocketAddress
Event: 0.229 loading class java/net/SocketAddress done
Event: 0.229 loading class java/net/InetSocketAddress done
Event: 0.229 loading class jdk/internal/loader/URLClassPath$FileLoader$1
Event: 0.229 loading class jdk/internal/loader/URLClassPath$FileLoader$1 done
Event: 0.230 Thread 0x0000022f398ad0a0 Thread exited: 0x0000022f398ad0a0
Event: 0.230 loading class java/net/InetSocketAddress$InetSocketAddressHolder
Event: 0.230 Thread 0x0000022f398ad0a0 Thread added: 0x0000022f398ad0a0
Event: 0.230 loading class java/net/InetSocketAddress$InetSocketAddressHolder done
Event: 0.230 loading class java/net/SocketImpl
Event: 0.231 loading class java/net/SocketOptions
Event: 0.231 Thread 0x0000022f398ad0a0 Thread exited: 0x0000022f398ad0a0


Dynamic libraries:
0x00007ff692a80000 - 0x00007ff692a90000 	C:\Program Files\Java\jdk-17\bin\java.exe
0x00007ffa85df0000 - 0x00007ffa86007000 	C:\WINDOWS\SYSTEM32\ntdll.dll
0x00007ffa85b30000 - 0x00007ffa85bf4000 	C:\WINDOWS\System32\KERNEL32.DLL
0x00007ffa85780000 - 0x00007ffa85b2c000 	C:\WINDOWS\System32\KERNELBASE.dll
0x00000000761c0000 - 0x00000000761fc000 	C:\WINDOWS\System32\cyinjct.dll
0x00007ffa85610000 - 0x00007ffa85619000 	C:\WINDOWS\System32\ntnativeapi.dll
0x00007ffa7be90000 - 0x00007ffa7bea9000 	C:\Program Files\Java\jdk-17\bin\jli.dll
0x00007ffa85460000 - 0x00007ffa85512000 	C:\WINDOWS\System32\ADVAPI32.dll
0x00007ffa83660000 - 0x00007ffa83707000 	C:\WINDOWS\System32\msvcrt.dll
0x00007ffa853b0000 - 0x00007ffa8545a000 	C:\WINDOWS\System32\sechost.dll
0x00007ffa834a0000 - 0x00007ffa834c8000 	C:\WINDOWS\System32\bcrypt.dll
0x00007ffa85660000 - 0x00007ffa85775000 	C:\WINDOWS\System32\RPCRT4.dll
0x0000022f372d0000 - 0x0000022f3747e000 	C:\WINDOWS\System32\USER32.dll
0x00007ffa830a0000 - 0x00007ffa830c6000 	C:\WINDOWS\System32\win32u.dll
0x00007ffa84020000 - 0x00007ffa84049000 	C:\WINDOWS\System32\GDI32.dll
0x00007ffa83240000 - 0x00007ffa83359000 	C:\WINDOWS\System32\gdi32full.dll
0x00007ffa83000000 - 0x00007ffa8309a000 	C:\WINDOWS\System32\msvcp_win.dll
0x0000022f37480000 - 0x0000022f37591000 	C:\WINDOWS\System32\ucrtbase.dll
0x00007ffa73cb0000 - 0x00007ffa73ccb000 	C:\Program Files\Java\jdk-17\bin\VCRUNTIME140.dll
0x00007ffa69470000 - 0x00007ffa69703000 	C:\WINDOWS\WinSxS\amd64_microsoft.windows.common-controls_6595b64144ccf1df_6.0.22621.3672_none_2713b9d173822955\COMCTL32.dll
0x00007ffa72870000 - 0x00007ffa7287a000 	C:\WINDOWS\SYSTEM32\VERSION.dll
0x00007ffa855f0000 - 0x00007ffa8560e000 	C:\WINDOWS\System32\cyvera.dll
0x00007ffa85580000 - 0x00007ffa855f0000 	C:\WINDOWS\System32\cyvrtrap.dll
0x00007ffa83f20000 - 0x00007ffa83f51000 	C:\WINDOWS\System32\IMM32.DLL
0x00007ffa7c3d0000 - 0x00007ffa7c3dc000 	C:\Program Files\Java\jdk-17\bin\vcruntime140_1.dll
0x00007ffa39ea0000 - 0x00007ffa39f2e000 	C:\Program Files\Java\jdk-17\bin\msvcp140.dll
0x00007ff9c97d0000 - 0x00007ff9ca3b0000 	C:\Program Files\Java\jdk-17\bin\server\jvm.dll
0x00007ffa84b60000 - 0x00007ffa84b68000 	C:\WINDOWS\System32\PSAPI.DLL
0x00007ffa55d10000 - 0x00007ffa55d19000 	C:\WINDOWS\SYSTEM32\WSOCK32.dll
0x00007ffa84b70000 - 0x00007ffa84be1000 	C:\WINDOWS\System32\WS2_32.dll
0x00007ffa74cb0000 - 0x00007ffa74ce4000 	C:\WINDOWS\SYSTEM32\WINMM.dll
0x00007ffa81f00000 - 0x00007ffa81f18000 	C:\WINDOWS\SYSTEM32\kernel.appcore.dll
0x00007ffa73bb0000 - 0x00007ffa73bba000 	C:\Program Files\Java\jdk-17\bin\jimage.dll
0x00007ffa80710000 - 0x00007ffa80942000 	C:\WINDOWS\SYSTEM32\DBGHELP.DLL
0x00007ffa84de0000 - 0x00007ffa85168000 	C:\WINDOWS\System32\combase.dll
0x00007ffa84050000 - 0x00007ffa84127000 	C:\WINDOWS\System32\OLEAUT32.dll
0x00007ffa55f70000 - 0x00007ffa55fa2000 	C:\WINDOWS\SYSTEM32\dbgcore.DLL
0x00007ffa83420000 - 0x00007ffa8349b000 	C:\WINDOWS\System32\bcryptPrimitives.dll
0x00007ffa669f0000 - 0x00007ffa669fe000 	C:\Program Files\Java\jdk-17\bin\instrument.dll
0x00007ffa68b90000 - 0x00007ffa68bb5000 	C:\Program Files\Java\jdk-17\bin\java.dll
0x00007ffa85540000 - 0x00007ffa85577000 	C:\Program Files\Palo Alto Networks\Traps\cyjagent.dll
0x00007ffa338b0000 - 0x00007ffa33987000 	C:\Program Files\Java\jdk-17\bin\jsvml.dll
0x00007ffa84140000 - 0x00007ffa8499c000 	C:\WINDOWS\System32\SHELL32.dll
0x00007ffa80c30000 - 0x00007ffa81527000 	C:\WINDOWS\SYSTEM32\windows.storage.dll
0x00007ffa80af0000 - 0x00007ffa80c2f000 	C:\WINDOWS\SYSTEM32\wintypes.dll
0x00007ffa83840000 - 0x00007ffa83934000 	C:\WINDOWS\System32\SHCORE.dll
0x00007ffa84c20000 - 0x00007ffa84c7e000 	C:\WINDOWS\System32\shlwapi.dll
0x00007ffa82f30000 - 0x00007ffa82f51000 	C:\WINDOWS\SYSTEM32\profapi.dll
0x00007ffa679c0000 - 0x00007ffa679d8000 	C:\Program Files\Java\jdk-17\bin\zip.dll
0x00007ffa68cc0000 - 0x00007ffa68cd9000 	C:\Program Files\Java\jdk-17\bin\net.dll
0x00007ffa81f20000 - 0x00007ffa82056000 	C:\WINDOWS\SYSTEM32\WINHTTP.dll
0x00007ffa824a0000 - 0x00007ffa82509000 	C:\WINDOWS\system32\mswsock.dll
0x00007ffa68b70000 - 0x00007ffa68b86000 	C:\Program Files\Java\jdk-17\bin\nio.dll
0x00007ffa66870000 - 0x00007ffa6688a000 	C:\Program Files\JetBrains\IntelliJ IDEA Community Edition 2023.1.2\bin\breakgen64.dll

dbghelp: loaded successfully - version: 4.0.5 - missing functions: none
symbol engine: initialized successfully - sym options: 0x614 - pdb path: .;C:\Program Files\Java\jdk-17\bin;C:\WINDOWS\SYSTEM32;C:\WINDOWS\WinSxS\amd64_microsoft.windows.common-controls_6595b64144ccf1df_6.0.22621.3672_none_2713b9d173822955;C:\Program Files\Java\jdk-17\bin\server;C:\Program Files\Palo Alto Networks\Traps;C:\Program Files\JetBrains\IntelliJ IDEA Community Edition 2023.1.2\bin

VM Arguments:
jvm_args: -javaagent:C:\Program Files\JetBrains\IntelliJ IDEA Community Edition 2023.1.2\lib\idea_rt.jar=65488:C:\Program Files\JetBrains\IntelliJ IDEA Community Edition 2023.1.2\bin -Dfile.encoding=UTF-8 -agentpath:C:\Program Files\Palo Alto Networks\Traps\cyjagent.dll 
java_command: Practise11
java_class_path (initial): C:\Users\SV110696\Documents\LearningAutomation\target\test-classes;C:\Users\SV110696\Documents\LearningAutomation\target\classes;C:\Users\SV110696\.m2\repository\org\seleniumhq\selenium\selenium-java\4.9.1\selenium-java-4.9.1.jar;C:\Users\SV110696\.m2\repository\org\seleniumhq\selenium\selenium-api\4.9.1\selenium-api-4.9.1.jar;C:\Users\SV110696\.m2\repository\org\seleniumhq\selenium\selenium-chrome-driver\4.9.1\selenium-chrome-driver-4.9.1.jar;C:\Users\SV110696\.m2\repository\com\google\auto\service\auto-service-annotations\1.0.1\auto-service-annotations-1.0.1.jar;C:\Users\SV110696\.m2\repository\com\google\auto\service\auto-service\1.0.1\auto-service-1.0.1.jar;C:\Users\SV110696\.m2\repository\com\google\auto\auto-common\1.2\auto-common-1.2.jar;C:\Users\SV110696\.m2\repository\com\google\guava\guava\31.1-jre\guava-31.1-jre.jar;C:\Users\SV110696\.m2\repository\com\google\guava\failureaccess\1.0.1\failureaccess-1.0.1.jar;C:\Users\SV110696\.m2\repository\com\google\guava\listenablefuture\9999.0-empty-to-avoid-conflict-with-guava\listenablefuture-9999.0-empty-to-avoid-conflict-with-guava.jar;C:\Users\SV110696\.m2\repository\com\google\code\findbugs\jsr305\3.0.2\jsr305-3.0.2.jar;C:\Users\SV110696\.m2\repository\org\checkerframework\checker-qual\3.12.0\checker-qual-3.12.0.jar;C:\Users\SV110696\.m2\repository\com\google\errorprone\error_prone_annotations\2.11.0\error_prone_annotations-2.11.0.jar;C:\Users\SV110696\.m2\repository\com\google\j2objc\j2objc-annotations\1.3\j2objc-annotations-1.3.jar;C:\Users\SV110696\.m2\repository\org\seleniumhq\selenium\selenium-chromium-driver\4.9.1\selenium-chromium-driver-4.9.1.jar;C:\Users\SV110696\.m2\repository\org\seleniumhq\selenium\selenium-json\4.9.1\selenium-json-4.9.1.jar;C:\Users\SV110696\.m2\repository\org\seleniumhq\selenium\selenium-manager\4.9.1\selenium-manager-4.9.1.jar;C:\Users\SV110696\.m2\repository\org\seleniumhq\selenium\selenium-devtools-v111\4.9.1\selenium-devtools-v111-4.9.1.jar;C:\Users
Launcher Type: SUN_STANDARD

[Global flags]
     intx CICompilerCount                          = 4                                         {product} {ergonomic}
     uint ConcGCThreads                            = 2                                         {product} {ergonomic}
     uint G1ConcRefinementThreads                  = 8                                         {product} {ergonomic}
   size_t G1HeapRegionSize                         = 4194304                                   {product} {ergonomic}
    uintx GCDrainStackTargetSize                   = 64                                        {product} {ergonomic}
   size_t InitialHeapSize                          = 532676608                                 {product} {ergonomic}
   size_t MarkStackSize                            = 4194304                                   {product} {ergonomic}
   size_t MaxHeapSize                              = 8518631424                                {product} {ergonomic}
   size_t MaxNewSize                               = 5108662272                                {product} {ergonomic}
   size_t MinHeapDeltaBytes                        = 4194304                                   {product} {ergonomic}
   size_t MinHeapSize                              = 8388608                                   {product} {ergonomic}
    uintx NonNMethodCodeHeapSize                   = 5839372                                {pd product} {ergonomic}
    uintx NonProfiledCodeHeapSize                  = 122909434                              {pd product} {ergonomic}
    uintx ProfiledCodeHeapSize                     = 122909434                              {pd product} {ergonomic}
    uintx ReservedCodeCacheSize                    = 251658240                              {pd product} {ergonomic}
     bool SegmentedCodeCache                       = true                                      {product} {ergonomic}
   size_t SoftMaxHeapSize                          = 8518631424                             {manageable} {ergonomic}
     bool UseCompressedClassPointers               = true                           {product lp64_product} {ergonomic}
     bool UseCompressedOops                        = true                           {product lp64_product} {ergonomic}
     bool UseG1GC                                  = true                                      {product} {ergonomic}
     bool UseLargePagesIndividualAllocation        = false                                  {pd product} {ergonomic}

Logging:
Log output configuration:
 #0: stdout all=warning uptime,level,tags
 #1: stderr all=off uptime,level,tags

Environment Variables:
JAVA_HOME=C:\Program Files\Java\jdk-17
PATH=C:\Program Files\Common Files\Oracle\Java\javapath;C:\WINDOWS\system32;C:\WINDOWS;C:\WINDOWS\System32\Wbem;C:\WINDOWS\System32\WindowsPowerShell\v1.0\;C:\WINDOWS\System32\OpenSSH\;C:\Program Files\dotnet\;C:\Program Files\Microsoft SQL Server\150\Tools\Binn\;C:\Program Files\Microsoft SQL Server\Client SDK\ODBC\170\Tools\Binn\;C:\Program Files\Perforce\;C:\Program Files\apache-maven-3.9.1\bin;C:\Program Files\apache-maven-3.9.1\bin;C:\Program Files\nodejs\;C:\Program Files\Java\jdk-11\bin;C:\Program Files\PuTTY\;C:\Program Files\k6\;C:\Program Files\Docker\Docker\resources\bin;C:\Program Files\Git\cmd;C:\Users\SV110696\AppData\Local\Microsoft\WindowsApps;C:\Users\SV110696\AppData\Local\Google\Cloud SDK\google-cloud-sdk\bin;C:\Program Files\Java\jdk-19;C:\Program Files\apache-maven-3.9.1\bin;C:\Users\SV110696\Downloads\apache-maven-3.9.1-bin\apache-maven-3.9.1\bin;C:\Users\SV110696\AppData\Roaming\npm;C:\Users\SV110696\.dotnet\tools;C:\Users\SV110696\AppData\Local\Programs\Microsoft VS Code\bin;
USERNAME=SV110696
OS=Windows_NT
PROCESSOR_IDENTIFIER=Intel64 Family 6 Model 140 Stepping 1, GenuineIntel



---------------  S Y S T E M  ---------------

OS:
 Windows 11 , 64 bit Build 22621 (10.0.22621.3672)
OS uptime: 8 days 20:20 hours
Hyper-V role detected

CPU: total 8 (initial active 8) (4 cores per cpu, 2 threads per core) family 6 model 140 stepping 1 microcode 0xac, cx8, cmov, fxsr, ht, mmx, 3dnowpref, sse, sse2, sse3, ssse3, sse4.1, sse4.2, popcnt, lzcnt, tsc, tscinvbit, avx, avx2, aes, erms, clmul, bmi1, bmi2, adx, avx512f, avx512dq, avx512cd, avx512bw, avx512vl, sha, fma, vzeroupper, avx512_vpopcntdq, avx512_vpclmulqdq, avx512_vaes, avx512_vnni, clflush, clflushopt, clwb, avx512_vbmi2, avx512_vbmi, hv

Memory: 4k page, system-wide physical 32490M (12229M free)
TotalPageFile size 49898M (AvailPageFile size 21733M)
current process WorkingSet (physical memory assigned to process): 47M, peak: 47M
current process commit charge ("private bytes"): 612M, peak: 613M

vm_info: Java HotSpot(TM) 64-Bit Server VM (17.0.11+7-LTS-207) for windows-amd64 JRE (17.0.11+7-LTS-207), built on Mar 11 2024 19:01:50 by "mach5one" with MS VC++ 17.6 (VS2022)

END.
